<?xml version="1.0" encoding="UTF-8"?>
<coverage generated="1772106313346" clover="3.2.0">
  <project timestamp="1772106313347" name="All files">
    <metrics statements="1500" coveredstatements="1448" conditionals="1057" coveredconditionals="952" methods="317" coveredmethods="313" elements="2874" coveredelements="2713" complexity="0" loc="1500" ncloc="1500" packages="11" files="67" classes="67"/>
    <package name="src">
      <metrics statements="27" coveredstatements="27" conditionals="4" coveredconditionals="4" methods="2" coveredmethods="2"/>
      <file name="app.js" path="C:\Users\insid\Desktop\VS code project\inside-home\src\app.js">
        <metrics statements="27" coveredstatements="27" conditionals="4" coveredconditionals="4" methods="2" coveredmethods="2"/>
        <line num="21" count="27" type="stmt"/>
        <line num="23" count="27" type="stmt"/>
        <line num="24" count="27" type="stmt"/>
        <line num="25" count="27" type="stmt"/>
        <line num="26" count="27" type="stmt"/>
        <line num="27" count="27" type="stmt"/>
        <line num="28" count="27" type="stmt"/>
        <line num="29" count="27" type="stmt"/>
        <line num="30" count="27" type="stmt"/>
        <line num="32" count="27" type="stmt"/>
        <line num="33" count="1" type="stmt"/>
        <line num="41" count="27" type="stmt"/>
        <line num="42" count="2" type="stmt"/>
        <line num="43" count="2" type="cond" truecount="2" falsecount="0"/>
        <line num="44" count="2" type="cond" truecount="2" falsecount="0"/>
        <line num="54" count="27" type="stmt"/>
        <line num="55" count="27" type="stmt"/>
        <line num="56" count="27" type="stmt"/>
        <line num="57" count="27" type="stmt"/>
        <line num="58" count="27" type="stmt"/>
        <line num="59" count="27" type="stmt"/>
        <line num="60" count="27" type="stmt"/>
        <line num="61" count="27" type="stmt"/>
        <line num="62" count="27" type="stmt"/>
        <line num="63" count="27" type="stmt"/>
        <line num="64" count="27" type="stmt"/>
        <line num="66" count="27" type="stmt"/>
      </file>
    </package>
    <package name="src.config">
      <metrics statements="66" coveredstatements="61" conditionals="60" coveredconditionals="42" methods="11" coveredmethods="10"/>
      <file name="boot-infrastructure.js" path="C:\Users\insid\Desktop\VS code project\inside-home\src\config\boot-infrastructure.js">
        <metrics statements="23" coveredstatements="20" conditionals="21" coveredconditionals="11" methods="4" coveredmethods="3"/>
        <line num="7" count="5" type="stmt"/>
        <line num="11" count="3" type="cond" truecount="5" falsecount="0"/>
        <line num="12" count="2" type="stmt"/>
        <line num="14" count="1" type="stmt"/>
        <line num="22" count="0" type="stmt"/>
        <line num="23" count="0" type="cond" truecount="0" falsecount="2"/>
        <line num="24" count="0" type="stmt"/>
        <line num="31" count="5" type="cond" truecount="2" falsecount="0"/>
        <line num="32" count="1" type="stmt"/>
        <line num="35" count="4" type="stmt"/>
        <line num="36" count="4" type="stmt"/>
        <line num="37" count="3" type="cond" truecount="2" falsecount="0"/>
        <line num="38" count="1" type="stmt"/>
        <line num="41" count="2" type="cond" truecount="2" falsecount="0"/>
        <line num="42" count="1" type="stmt"/>
        <line num="45" count="2" type="stmt"/>
        <line num="46" count="2" type="stmt"/>
        <line num="48" count="1" type="stmt"/>
        <line num="50" count="3" type="stmt"/>
        <line num="51" count="3" type="stmt"/>
        <line num="56" count="3" type="stmt"/>
        <line num="57" count="3" type="stmt"/>
        <line num="58" count="3" type="stmt"/>
      </file>
      <file name="boot-validation.js" path="C:\Users\insid\Desktop\VS code project\inside-home\src\config\boot-validation.js">
        <metrics statements="43" coveredstatements="41" conditionals="39" coveredconditionals="31" methods="7" coveredmethods="7"/>
        <line num="5" count="4" type="stmt"/>
        <line num="9" count="10" type="cond" truecount="2" falsecount="0"/>
        <line num="10" count="2" type="stmt"/>
        <line num="11" count="2" type="stmt"/>
        <line num="15" count="5" type="cond" truecount="1" falsecount="1"/>
        <line num="17" count="5" type="stmt"/>
        <line num="22" count="5" type="cond" truecount="4" falsecount="0"/>
        <line num="24" count="4" type="stmt"/>
        <line num="25" count="4" type="stmt"/>
        <line num="26" count="4" type="stmt"/>
        <line num="28" count="0" type="stmt"/>
        <line num="33" count="5" type="stmt"/>
        <line num="34" count="5" type="stmt"/>
        <line num="35" count="5" type="stmt"/>
        <line num="37" count="5" type="stmt"/>
        <line num="39" count="5" type="cond" truecount="1" falsecount="1"/>
        <line num="40" count="5" type="stmt"/>
        <line num="43" count="5" type="cond" truecount="2" falsecount="0"/>
        <line num="44" count="2" type="stmt"/>
        <line num="47" count="5" type="cond" truecount="1" falsecount="1"/>
        <line num="48" count="5" type="stmt"/>
        <line num="51" count="5" type="cond" truecount="2" falsecount="0"/>
        <line num="52" count="1" type="stmt"/>
        <line num="55" count="5" type="cond" truecount="2" falsecount="0"/>
        <line num="56" count="1" type="stmt"/>
        <line num="59" count="5" type="cond" truecount="2" falsecount="0"/>
        <line num="60" count="1" type="stmt"/>
        <line num="63" count="5" type="cond" truecount="4" falsecount="0"/>
        <line num="64" count="1" type="stmt"/>
        <line num="67" count="5" type="cond" truecount="4" falsecount="0"/>
        <line num="68" count="1" type="stmt"/>
        <line num="71" count="5" type="stmt"/>
        <line num="72" count="5" type="cond" truecount="1" falsecount="1"/>
        <line num="73" count="0" type="stmt"/>
        <line num="76" count="5" type="stmt"/>
        <line num="77" count="5" type="cond" truecount="2" falsecount="0"/>
        <line num="78" count="1" type="stmt"/>
        <line num="82" count="5" type="stmt"/>
        <line num="89" count="4" type="cond" truecount="2" falsecount="0"/>
        <line num="91" count="3" type="stmt"/>
        <line num="92" count="3" type="cond" truecount="1" falsecount="1"/>
        <line num="94" count="3" type="stmt"/>
        <line num="98" count="3" type="stmt"/>
      </file>
    </package>
    <package name="src.errors">
      <metrics statements="17" coveredstatements="17" conditionals="24" coveredconditionals="24" methods="9" coveredmethods="9"/>
      <file name="app-error.js" path="C:\Users\insid\Desktop\VS code project\inside-home\src\errors\app-error.js">
        <metrics statements="9" coveredstatements="9" conditionals="15" coveredconditionals="15" methods="5" coveredmethods="5"/>
        <line num="8" count="39" type="stmt"/>
        <line num="9" count="39" type="stmt"/>
        <line num="10" count="39" type="stmt"/>
        <line num="11" count="39" type="stmt"/>
        <line num="12" count="39" type="cond" truecount="2" falsecount="0"/>
        <line num="18" count="2" type="stmt"/>
        <line num="24" count="2" type="stmt"/>
        <line num="30" count="2" type="stmt"/>
        <line num="36" count="2" type="stmt"/>
      </file>
      <file name="validation-error.js" path="C:\Users\insid\Desktop\VS code project\inside-home\src\errors\validation-error.js">
        <metrics statements="8" coveredstatements="8" conditionals="9" coveredconditionals="9" methods="4" coveredmethods="4"/>
        <line num="5" count="26" type="cond" truecount="4" falsecount="0"/>
        <line num="6" count="5" type="stmt"/>
        <line num="8" count="21" type="stmt"/>
        <line num="13" count="26" type="stmt"/>
        <line num="22" count="21" type="cond" truecount="2" falsecount="0"/>
        <line num="23" count="2" type="stmt"/>
        <line num="26" count="26" type="stmt"/>
        <line num="31" count="19" type="stmt"/>
      </file>
    </package>
    <package name="src.lib">
      <metrics statements="252" coveredstatements="240" conditionals="152" coveredconditionals="136" methods="65" coveredmethods="63"/>
      <file name="critical-dependencies.js" path="C:\Users\insid\Desktop\VS code project\inside-home\src\lib\critical-dependencies.js">
        <metrics statements="8" coveredstatements="7" conditionals="10" coveredconditionals="9" methods="4" coveredmethods="4"/>
        <line num="3" count="31" type="stmt"/>
        <line num="6" count="22" type="cond" truecount="2" falsecount="0"/>
        <line num="7" count="16" type="cond" truecount="2" falsecount="0"/>
        <line num="11" count="28" type="stmt"/>
        <line num="15" count="7" type="cond" truecount="2" falsecount="0"/>
        <line num="16" count="6" type="cond" truecount="2" falsecount="0"/>
        <line num="17" count="2" type="cond" truecount="1" falsecount="1"/>
        <line num="18" count="0" type="stmt"/>
      </file>
      <file name="db-error.js" path="C:\Users\insid\Desktop\VS code project\inside-home\src\lib\db-error.js">
        <metrics statements="21" coveredstatements="21" conditionals="10" coveredconditionals="10" methods="2" coveredmethods="2"/>
        <line num="4" count="74" type="stmt"/>
        <line num="13" count="74" type="cond" truecount="5" falsecount="0"/>
        <line num="14" count="59" type="stmt"/>
        <line num="15" count="59" type="stmt"/>
        <line num="18" count="15" type="cond" truecount="2" falsecount="0"/>
        <line num="19" count="3" type="stmt"/>
        <line num="21" count="3" type="stmt"/>
        <line num="22" count="3" type="stmt"/>
        <line num="23" count="3" type="stmt"/>
        <line num="24" count="3" type="stmt"/>
        <line num="27" count="12" type="cond" truecount="2" falsecount="0"/>
        <line num="28" count="2" type="stmt"/>
        <line num="30" count="2" type="stmt"/>
        <line num="31" count="2" type="stmt"/>
        <line num="32" count="2" type="stmt"/>
        <line num="33" count="2" type="stmt"/>
        <line num="36" count="10" type="stmt"/>
        <line num="38" count="10" type="stmt"/>
        <line num="39" count="10" type="stmt"/>
        <line num="40" count="10" type="stmt"/>
        <line num="41" count="10" type="stmt"/>
      </file>
      <file name="paypal.js" path="C:\Users\insid\Desktop\VS code project\inside-home\src\lib\paypal.js">
        <metrics statements="38" coveredstatements="38" conditionals="16" coveredconditionals="16" methods="6" coveredmethods="6"/>
        <line num="1" count="28" type="stmt"/>
        <line num="4" count="23" type="stmt"/>
        <line num="5" count="23" type="cond" truecount="2" falsecount="0"/>
        <line num="6" count="1" type="stmt"/>
        <line num="7" count="1" type="stmt"/>
        <line num="8" count="1" type="stmt"/>
        <line num="11" count="22" type="stmt"/>
        <line num="15" count="7" type="stmt"/>
        <line num="16" count="7" type="stmt"/>
        <line num="17" count="7" type="cond" truecount="2" falsecount="0"/>
        <line num="19" count="7" type="stmt"/>
        <line num="20" count="7" type="stmt"/>
        <line num="29" count="7" type="cond" truecount="2" falsecount="0"/>
        <line num="30" count="1" type="stmt"/>
        <line num="31" count="1" type="stmt"/>
        <line num="32" count="1" type="stmt"/>
        <line num="35" count="6" type="stmt"/>
        <line num="36" count="6" type="cond" truecount="2" falsecount="0"/>
        <line num="37" count="1" type="stmt"/>
        <line num="38" count="1" type="stmt"/>
        <line num="39" count="1" type="stmt"/>
        <line num="42" count="5" type="stmt"/>
        <line num="46" count="8" type="stmt"/>
        <line num="56" count="8" type="stmt"/>
        <line num="64" count="36" type="stmt"/>
        <line num="68" count="9" type="stmt"/>
        <line num="69" count="8" type="cond" truecount="2" falsecount="0"/>
        <line num="70" count="8" type="stmt"/>
        <line num="72" count="8" type="cond" truecount="2" falsecount="0"/>
        <line num="73" count="1" type="stmt"/>
        <line num="80" count="7" type="stmt"/>
        <line num="82" count="5" type="stmt"/>
        <line num="95" count="5" type="cond" truecount="2" falsecount="0"/>
        <line num="96" count="1" type="stmt"/>
        <line num="103" count="4" type="stmt"/>
        <line num="104" count="4" type="cond" truecount="2" falsecount="0"/>
        <line num="106" count="4" type="stmt"/>
        <line num="113" count="28" type="stmt"/>
      </file>
      <file name="prisma.js" path="C:\Users\insid\Desktop\VS code project\inside-home\src\lib\prisma.js">
        <metrics statements="35" coveredstatements="35" conditionals="26" coveredconditionals="26" methods="18" coveredmethods="18"/>
        <line num="3" count="43" type="stmt"/>
        <line num="6" count="33" type="stmt"/>
        <line num="8" count="1" type="stmt"/>
        <line num="9" count="7" type="stmt"/>
        <line num="10" count="1" type="stmt"/>
        <line num="11" count="2" type="cond" truecount="2" falsecount="0"/>
        <line num="12" count="2" type="cond" truecount="2" falsecount="0"/>
        <line num="13" count="1" type="stmt"/>
        <line num="14" count="2" type="cond" truecount="2" falsecount="0"/>
        <line num="15" count="1" type="stmt"/>
        <line num="16" count="1" type="stmt"/>
        <line num="17" count="113" type="stmt"/>
        <line num="18" count="1" type="stmt"/>
        <line num="22" count="207" type="cond" truecount="2" falsecount="0"/>
        <line num="23" count="1" type="stmt"/>
        <line num="26" count="206" type="cond" truecount="2" falsecount="0"/>
        <line num="27" count="1" type="stmt"/>
        <line num="30" count="206" type="stmt"/>
        <line num="35" count="33" type="stmt"/>
        <line num="38" count="2" type="stmt"/>
        <line num="41" count="1" type="stmt"/>
        <line num="44" count="27" type="cond" truecount="2" falsecount="0"/>
        <line num="45" count="25" type="stmt"/>
        <line num="47" count="2" type="cond" truecount="2" falsecount="0"/>
        <line num="48" count="1" type="stmt"/>
        <line num="50" count="1" type="stmt"/>
        <line num="55" count="316" type="cond" truecount="2" falsecount="0"/>
        <line num="56" count="150" type="stmt"/>
        <line num="59" count="166" type="cond" truecount="2" falsecount="0"/>
        <line num="60" count="1" type="stmt"/>
        <line num="63" count="165" type="stmt"/>
        <line num="69" count="43" type="cond" truecount="2" falsecount="0"/>
        <line num="72" count="43" type="cond" truecount="2" falsecount="0"/>
        <line num="79" count="43" type="cond" truecount="2" falsecount="0"/>
        <line num="80" count="42" type="stmt"/>
      </file>
      <file name="rate-limit-redis-store.js" path="C:\Users\insid\Desktop\VS code project\inside-home\src\lib\rate-limit-redis-store.js">
        <metrics statements="20" coveredstatements="20" conditionals="15" coveredconditionals="11" methods="4" coveredmethods="4"/>
        <line num="3" count="94" type="stmt"/>
        <line num="13" count="459" type="stmt"/>
        <line num="17" count="102" type="cond" truecount="2" falsecount="0"/>
        <line num="18" count="1" type="stmt"/>
        <line num="22" count="468" type="stmt"/>
        <line num="24" count="468" type="cond" truecount="2" falsecount="0"/>
        <line num="25" count="8" type="stmt"/>
        <line num="26" count="8" type="stmt"/>
        <line num="31" count="8" type="stmt"/>
        <line num="34" count="460" type="stmt"/>
        <line num="35" count="460" type="stmt"/>
        <line num="39" count="459" type="cond" truecount="1" falsecount="1"/>
        <line num="40" count="459" type="cond" truecount="1" falsecount="1"/>
        <line num="41" count="459" type="stmt"/>
        <line num="47" count="1" type="stmt"/>
        <line num="52" count="1" type="stmt"/>
        <line num="56" count="101" type="stmt"/>
        <line num="59" count="118" type="stmt"/>
        <line num="60" count="118" type="cond" truecount="3" falsecount="1"/>
        <line num="61" count="118" type="stmt"/>
      </file>
      <file name="refresh-token-redis-client.js" path="C:\Users\insid\Desktop\VS code project\inside-home\src\lib\refresh-token-redis-client.js">
        <metrics statements="19" coveredstatements="10" conditionals="13" coveredconditionals="7" methods="5" coveredmethods="3"/>
        <line num="3" count="2" type="stmt"/>
        <line num="6" count="1" type="stmt"/>
        <line num="7" count="0" type="cond" truecount="0" falsecount="2"/>
        <line num="8" count="0" type="stmt"/>
        <line num="10" count="0" type="stmt"/>
        <line num="14" count="3" type="cond" truecount="1" falsecount="1"/>
        <line num="15" count="0" type="stmt"/>
        <line num="18" count="3" type="cond" truecount="2" falsecount="0"/>
        <line num="19" count="3" type="cond" truecount="2" falsecount="0"/>
        <line num="20" count="2" type="cond" truecount="2" falsecount="0"/>
        <line num="21" count="1" type="stmt"/>
        <line num="23" count="1" type="stmt"/>
        <line num="26" count="1" type="stmt"/>
        <line num="27" count="0" type="stmt"/>
        <line num="29" count="0" type="stmt"/>
        <line num="32" count="0" type="stmt"/>
        <line num="37" count="0" type="stmt"/>
        <line num="38" count="0" type="stmt"/>
        <line num="42" count="3" type="stmt"/>
      </file>
      <file name="simple-redis-client.js" path="C:\Users\insid\Desktop\VS code project\inside-home\src\lib\simple-redis-client.js">
        <metrics statements="49" coveredstatements="48" conditionals="10" coveredconditionals="9" methods="15" coveredmethods="15"/>
        <line num="3" count="3" type="stmt"/>
        <line num="12" count="1" type="stmt"/>
        <line num="16" count="6" type="stmt"/>
        <line num="17" count="6" type="stmt"/>
        <line num="18" count="1" type="stmt"/>
        <line num="21" count="6" type="stmt"/>
        <line num="23" count="2" type="stmt"/>
        <line num="24" count="2" type="stmt"/>
        <line num="27" count="3" type="stmt"/>
        <line num="28" count="3" type="stmt"/>
        <line num="34" count="1" type="stmt"/>
        <line num="38" count="8" type="stmt"/>
        <line num="47" count="8" type="stmt"/>
        <line num="49" count="8" type="cond" truecount="2" falsecount="0"/>
        <line num="50" count="1" type="stmt"/>
        <line num="53" count="7" type="stmt"/>
        <line num="54" count="7" type="stmt"/>
        <line num="56" count="7" type="cond" truecount="1" falsecount="0"/>
        <line num="57" count="4" type="stmt"/>
        <line num="58" count="4" type="stmt"/>
        <line num="61" count="7" type="stmt"/>
        <line num="62" count="1" type="cond" truecount="1" falsecount="1"/>
        <line num="63" count="1" type="stmt"/>
        <line num="66" count="7" type="stmt"/>
        <line num="67" count="1" type="stmt"/>
        <line num="71" count="5" type="stmt"/>
        <line num="72" count="5" type="stmt"/>
        <line num="73" count="6" type="stmt"/>
        <line num="74" count="6" type="stmt"/>
        <line num="75" count="6" type="stmt"/>
        <line num="80" count="2" type="stmt"/>
        <line num="81" count="2" type="stmt"/>
        <line num="82" count="2" type="stmt"/>
        <line num="84" count="4" type="stmt"/>
        <line num="85" count="4" type="stmt"/>
        <line num="86" count="4" type="cond" truecount="2" falsecount="0"/>
        <line num="87" count="3" type="cond" truecount="2" falsecount="0"/>
        <line num="88" count="2" type="stmt"/>
        <line num="90" count="1" type="stmt"/>
        <line num="92" count="1" type="stmt"/>
        <line num="95" count="0" type="stmt"/>
        <line num="99" count="2" type="stmt"/>
        <line num="100" count="2" type="stmt"/>
        <line num="101" count="1" type="stmt"/>
        <line num="102" count="1" type="stmt"/>
        <line num="104" count="1" type="stmt"/>
        <line num="105" count="1" type="stmt"/>
        <line num="109" count="7" type="stmt"/>
        <line num="113" count="2" type="stmt"/>
      </file>
      <file name="stripe.js" path="C:\Users\insid\Desktop\VS code project\inside-home\src\lib\stripe.js">
        <metrics statements="39" coveredstatements="38" conditionals="32" coveredconditionals="29" methods="5" coveredmethods="5"/>
        <line num="4" count="28" type="stmt"/>
        <line num="7" count="55" type="cond" truecount="4" falsecount="0"/>
        <line num="8" count="1" type="stmt"/>
        <line num="11" count="54" type="stmt"/>
        <line num="13" count="54" type="stmt"/>
        <line num="14" count="105" type="stmt"/>
        <line num="15" count="105" type="cond" truecount="4" falsecount="0"/>
        <line num="16" count="103" type="cond" truecount="1" falsecount="1"/>
        <line num="17" count="103" type="stmt"/>
        <line num="20" count="54" type="stmt"/>
        <line num="27" count="51" type="stmt"/>
        <line num="28" count="51" type="cond" truecount="2" falsecount="0"/>
        <line num="29" count="1" type="stmt"/>
        <line num="32" count="50" type="stmt"/>
        <line num="33" count="50" type="cond" truecount="2" falsecount="0"/>
        <line num="34" count="5" type="stmt"/>
        <line num="39" count="55" type="stmt"/>
        <line num="40" count="54" type="cond" truecount="4" falsecount="0"/>
        <line num="41" count="3" type="stmt"/>
        <line num="44" count="51" type="stmt"/>
        <line num="46" count="45" type="stmt"/>
        <line num="47" count="45" type="stmt"/>
        <line num="52" count="45" type="stmt"/>
        <line num="53" count="45" type="stmt"/>
        <line num="54" count="45" type="stmt"/>
        <line num="56" count="45" type="cond" truecount="1" falsecount="1"/>
        <line num="57" count="0" type="stmt"/>
        <line num="60" count="45" type="stmt"/>
        <line num="63" count="45" type="cond" truecount="2" falsecount="0"/>
        <line num="64" count="1" type="stmt"/>
        <line num="69" count="57" type="cond" truecount="2" falsecount="0"/>
        <line num="70" count="1" type="stmt"/>
        <line num="73" count="56" type="cond" truecount="2" falsecount="0"/>
        <line num="74" count="1" type="stmt"/>
        <line num="77" count="55" type="stmt"/>
        <line num="84" count="44" type="stmt"/>
        <line num="85" count="44" type="stmt"/>
        <line num="87" count="3" type="stmt"/>
        <line num="91" count="28" type="stmt"/>
      </file>
      <file name="webhook-idempotency-store.js" path="C:\Users\insid\Desktop\VS code project\inside-home\src\lib\webhook-idempotency-store.js">
        <metrics statements="23" coveredstatements="23" conditionals="20" coveredconditionals="19" methods="6" coveredmethods="6"/>
        <line num="1" count="28" type="stmt"/>
        <line num="4" count="43" type="stmt"/>
        <line num="8" count="23" type="stmt"/>
        <line num="11" count="26" type="stmt"/>
        <line num="12" count="26" type="stmt"/>
        <line num="13" count="15" type="cond" truecount="2" falsecount="0"/>
        <line num="14" count="1" type="stmt"/>
        <line num="19" count="23" type="stmt"/>
        <line num="21" count="26" type="stmt"/>
        <line num="22" count="26" type="cond" truecount="2" falsecount="0"/>
        <line num="23" count="9" type="stmt"/>
        <line num="26" count="17" type="stmt"/>
        <line num="27" count="17" type="stmt"/>
        <line num="33" count="23" type="stmt"/>
        <line num="36" count="44" type="cond" truecount="5" falsecount="0"/>
        <line num="37" count="1" type="stmt"/>
        <line num="40" count="43" type="stmt"/>
        <line num="42" count="43" type="cond" truecount="2" falsecount="0"/>
        <line num="43" count="17" type="stmt"/>
        <line num="44" count="16" type="cond" truecount="2" falsecount="0"/>
        <line num="49" count="26" type="stmt"/>
        <line num="50" count="26" type="cond" truecount="2" falsecount="0"/>
        <line num="55" count="23" type="stmt"/>
      </file>
    </package>
    <package name="src.middlewares">
      <metrics statements="249" coveredstatements="236" conditionals="224" coveredconditionals="204" methods="54" coveredmethods="54"/>
      <file name="authRateLimiter.js" path="C:\Users\insid\Desktop\VS code project\inside-home\src\middlewares\authRateLimiter.js">
        <metrics statements="1" coveredstatements="1" conditionals="0" coveredconditionals="0" methods="0" coveredmethods="0"/>
        <line num="3" count="2" type="stmt"/>
      </file>
      <file name="authenticate.js" path="C:\Users\insid\Desktop\VS code project\inside-home\src\middlewares\authenticate.js">
        <metrics statements="26" coveredstatements="25" conditionals="18" coveredconditionals="17" methods="3" coveredmethods="3"/>
        <line num="6" count="32" type="stmt"/>
        <line num="9" count="17" type="stmt"/>
        <line num="13" count="10" type="stmt"/>
        <line num="25" count="68" type="stmt"/>
        <line num="27" count="68" type="cond" truecount="2" falsecount="0"/>
        <line num="28" count="5" type="stmt"/>
        <line num="31" count="63" type="stmt"/>
        <line num="32" count="63" type="cond" truecount="4" falsecount="0"/>
        <line num="33" count="2" type="stmt"/>
        <line num="36" count="61" type="stmt"/>
        <line num="37" count="61" type="cond" truecount="1" falsecount="1"/>
        <line num="38" count="0" type="stmt"/>
        <line num="41" count="61" type="stmt"/>
        <line num="42" count="61" type="cond" truecount="4" falsecount="0"/>
        <line num="43" count="3" type="stmt"/>
        <line num="46" count="58" type="cond" truecount="2" falsecount="0"/>
        <line num="47" count="8" type="stmt"/>
        <line num="51" count="8" type="stmt"/>
        <line num="54" count="50" type="stmt"/>
        <line num="55" count="50" type="cond" truecount="2" falsecount="0"/>
        <line num="56" count="50" type="cond" truecount="2" falsecount="0"/>
        <line num="57" count="2" type="stmt"/>
        <line num="58" count="2" type="stmt"/>
        <line num="61" count="48" type="stmt"/>
        <line num="68" count="48" type="stmt"/>
        <line num="74" count="48" type="stmt"/>
      </file>
      <file name="authorizeRole.js" path="C:\Users\insid\Desktop\VS code project\inside-home\src\middlewares\authorizeRole.js">
        <metrics statements="11" coveredstatements="11" conditionals="14" coveredconditionals="14" methods="4" coveredmethods="4"/>
        <line num="12" count="122" type="cond" truecount="2" falsecount="0"/>
        <line num="14" count="151" type="cond" truecount="6" falsecount="0"/>
        <line num="15" count="5" type="stmt"/>
        <line num="18" count="146" type="stmt"/>
        <line num="20" count="117" type="stmt"/>
        <line num="21" count="10" type="cond" truecount="2" falsecount="0"/>
        <line num="22" count="1" type="stmt"/>
        <line num="25" count="9" type="stmt"/>
        <line num="27" count="9" type="cond" truecount="4" falsecount="0"/>
        <line num="28" count="5" type="stmt"/>
        <line num="31" count="4" type="stmt"/>
      </file>
      <file name="checkoutCustomerAccess.js" path="C:\Users\insid\Desktop\VS code project\inside-home\src\middlewares\checkoutCustomerAccess.js">
        <metrics statements="10" coveredstatements="10" conditionals="10" coveredconditionals="9" methods="2" coveredmethods="2"/>
        <line num="19" count="36" type="cond" truecount="2" falsecount="0"/>
        <line num="20" count="1" type="stmt"/>
        <line num="23" count="35" type="cond" truecount="2" falsecount="0"/>
        <line num="24" count="5" type="stmt"/>
        <line num="27" count="30" type="stmt"/>
        <line num="34" count="15" type="cond" truecount="2" falsecount="0"/>
        <line num="35" count="1" type="stmt"/>
        <line num="38" count="14" type="cond" truecount="3" falsecount="1"/>
        <line num="39" count="1" type="stmt"/>
        <line num="42" count="13" type="stmt"/>
      </file>
      <file name="checkoutIdentity.js" path="C:\Users\insid\Desktop\VS code project\inside-home\src\middlewares\checkoutIdentity.js">
        <metrics statements="12" coveredstatements="10" conditionals="12" coveredconditionals="10" methods="1" coveredmethods="1"/>
        <line num="11" count="33" type="cond" truecount="2" falsecount="0"/>
        <line num="12" count="29" type="stmt"/>
        <line num="15" count="4" type="cond" truecount="2" falsecount="0"/>
        <line num="16" count="4" type="cond" truecount="3" falsecount="1"/>
        <line num="17" count="0" type="stmt"/>
        <line num="20" count="4" type="stmt"/>
        <line num="25" count="4" type="cond" truecount="3" falsecount="1"/>
        <line num="26" count="0" type="stmt"/>
        <line num="29" count="4" type="stmt"/>
        <line num="38" count="4" type="stmt"/>
        <line num="39" count="4" type="stmt"/>
        <line num="40" count="4" type="stmt"/>
      </file>
      <file name="cookieParser.js" path="C:\Users\insid\Desktop\VS code project\inside-home\src\middlewares\cookieParser.js">
        <metrics statements="14" coveredstatements="13" conditionals="4" coveredconditionals="3" methods="2" coveredmethods="2"/>
        <line num="2" count="8" type="stmt"/>
        <line num="3" count="8" type="stmt"/>
        <line num="5" count="0" type="stmt"/>
        <line num="10" count="298" type="stmt"/>
        <line num="11" count="298" type="stmt"/>
        <line num="13" count="298" type="cond" truecount="2" falsecount="0"/>
        <line num="14" count="3" type="stmt"/>
        <line num="15" count="3" type="stmt"/>
        <line num="16" count="8" type="stmt"/>
        <line num="17" count="8" type="cond" truecount="1" falsecount="1"/>
        <line num="18" count="8" type="stmt"/>
        <line num="19" count="8" type="stmt"/>
        <line num="23" count="298" type="stmt"/>
        <line num="24" count="298" type="stmt"/>
      </file>
      <file name="cors.js" path="C:\Users\insid\Desktop\VS code project\inside-home\src\middlewares\cors.js">
        <metrics statements="20" coveredstatements="14" conditionals="17" coveredconditionals="12" methods="4" coveredmethods="4"/>
        <line num="4" count="304" type="cond" truecount="2" falsecount="0"/>
        <line num="6" count="304" type="stmt"/>
        <line num="11" count="3" type="cond" truecount="1" falsecount="1"/>
        <line num="12" count="0" type="stmt"/>
        <line num="16" count="304" type="stmt"/>
        <line num="17" count="304" type="stmt"/>
        <line num="19" count="304" type="cond" truecount="4" falsecount="1"/>
        <line num="20" count="0" type="stmt"/>
        <line num="23" count="304" type="cond" truecount="2" falsecount="0"/>
        <line num="24" count="3" type="cond" truecount="1" falsecount="1"/>
        <line num="25" count="0" type="stmt"/>
        <line num="28" count="3" type="cond" truecount="1" falsecount="1"/>
        <line num="29" count="0" type="stmt"/>
        <line num="30" count="0" type="stmt"/>
        <line num="32" count="3" type="stmt"/>
        <line num="33" count="3" type="stmt"/>
        <line num="34" count="3" type="stmt"/>
        <line num="37" count="304" type="cond" truecount="1" falsecount="1"/>
        <line num="38" count="0" type="stmt"/>
        <line num="41" count="304" type="stmt"/>
      </file>
      <file name="error-handler.js" path="C:\Users\insid\Desktop\VS code project\inside-home\src\middlewares\error-handler.js">
        <metrics statements="29" coveredstatements="29" conditionals="41" coveredconditionals="41" methods="4" coveredmethods="4"/>
        <line num="5" count="43" type="cond" truecount="2" falsecount="0"/>
        <line num="7" count="23" type="cond" truecount="5" falsecount="0"/>
        <line num="8" count="14" type="stmt"/>
        <line num="11" count="9" type="cond" truecount="5" falsecount="0"/>
        <line num="12" count="1" type="stmt"/>
        <line num="15" count="8" type="stmt"/>
        <line num="19" count="43" type="stmt"/>
        <line num="20" count="43" type="stmt"/>
        <line num="21" count="43" type="stmt"/>
        <line num="22" count="43" type="cond" truecount="4" falsecount="0"/>
        <line num="24" count="43" type="stmt"/>
        <line num="25" count="43" type="cond" truecount="2" falsecount="0"/>
        <line num="26" count="20" type="stmt"/>
        <line num="27" count="23" type="cond" truecount="2" falsecount="0"/>
        <line num="28" count="11" type="cond" truecount="2" falsecount="0"/>
        <line num="29" count="12" type="cond" truecount="2" falsecount="0"/>
        <line num="30" count="10" type="cond" truecount="2" falsecount="0"/>
        <line num="33" count="43" type="cond" truecount="4" falsecount="0"/>
        <line num="34" count="43" type="stmt"/>
        <line num="36" count="43" type="cond" truecount="5" falsecount="0"/>
        <line num="37" count="19" type="stmt"/>
        <line num="40" count="43" type="cond" truecount="2" falsecount="0"/>
        <line num="41" count="15" type="stmt"/>
        <line num="44" count="43" type="stmt"/>
        <line num="48" count="43" type="cond" truecount="2" falsecount="0"/>
        <line num="52" count="43" type="stmt"/>
        <line num="53" count="43" type="stmt"/>
        <line num="55" count="43" type="stmt"/>
        <line num="64" count="43" type="stmt"/>
      </file>
      <file name="rateLimit.js" path="C:\Users\insid\Desktop\VS code project\inside-home\src\middlewares\rateLimit.js">
        <metrics statements="58" coveredstatements="56" conditionals="51" coveredconditionals="49" methods="17" coveredmethods="17"/>
        <line num="6" count="94" type="stmt"/>
        <line num="9" count="123" type="cond" truecount="2" falsecount="0"/>
        <line num="13" count="11" type="stmt"/>
        <line num="17" count="2" type="cond" truecount="4" falsecount="0"/>
        <line num="18" count="1" type="stmt"/>
        <line num="21" count="1" type="stmt"/>
        <line num="22" count="1" type="stmt"/>
        <line num="23" count="1" type="stmt"/>
        <line num="25" count="0" type="stmt"/>
        <line num="30" count="447" type="cond" truecount="4" falsecount="0"/>
        <line num="31" count="445" type="stmt"/>
        <line num="32" count="445" type="cond" truecount="2" falsecount="0"/>
        <line num="36" count="445" type="stmt"/>
        <line num="37" count="445" type="stmt"/>
        <line num="39" count="445" type="cond" truecount="4" falsecount="0"/>
        <line num="40" count="1" type="stmt"/>
        <line num="43" count="444" type="cond" truecount="4" falsecount="0"/>
        <line num="44" count="2" type="stmt"/>
        <line num="45" count="2" type="stmt"/>
        <line num="46" count="2" type="cond" truecount="2" falsecount="0"/>
        <line num="47" count="1" type="stmt"/>
        <line num="51" count="443" type="cond" truecount="2" falsecount="0"/>
        <line num="52" count="443" type="cond" truecount="2" falsecount="0"/>
        <line num="53" count="2" type="stmt"/>
        <line num="55" count="441" type="stmt"/>
        <line num="59" count="299" type="cond" truecount="2" falsecount="1"/>
        <line num="60" count="299" type="stmt"/>
        <line num="61" count="299" type="cond" truecount="2" falsecount="0"/>
        <line num="65" count="195" type="cond" truecount="3" falsecount="1"/>
        <line num="66" count="0" type="stmt"/>
        <line num="70" count="448" type="cond" truecount="2" falsecount="0"/>
        <line num="71" count="448" type="cond" truecount="2" falsecount="0"/>
        <line num="74" count="448" type="stmt"/>
        <line num="75" count="448" type="stmt"/>
        <line num="77" count="2" type="stmt"/>
        <line num="80" count="446" type="stmt"/>
        <line num="81" count="446" type="stmt"/>
        <line num="82" count="438" type="stmt"/>
        <line num="83" count="438" type="cond" truecount="2" falsecount="0"/>
        <line num="84" count="416" type="stmt"/>
        <line num="86" count="438" type="cond" truecount="2" falsecount="0"/>
        <line num="87" count="18" type="stmt"/>
        <line num="89" count="420" type="stmt"/>
        <line num="91" count="8" type="stmt"/>
        <line num="95" count="8" type="stmt"/>
        <line num="99" count="195" type="stmt"/>
        <line num="101" count="195" type="stmt"/>
        <line num="104" count="557" type="stmt"/>
        <line num="106" count="94" type="stmt"/>
        <line num="107" count="297" type="cond" truecount="2" falsecount="0"/>
        <line num="108" count="297" type="cond" truecount="2" falsecount="0"/>
        <line num="111" count="297" type="stmt"/>
        <line num="115" count="94" type="stmt"/>
        <line num="116" count="142" type="cond" truecount="2" falsecount="0"/>
        <line num="117" count="142" type="cond" truecount="2" falsecount="0"/>
        <line num="120" count="142" type="stmt"/>
        <line num="125" count="59" type="stmt"/>
        <line num="126" count="59" type="stmt"/>
      </file>
      <file name="rbac.js" path="C:\Users\insid\Desktop\VS code project\inside-home\src\middlewares\rbac.js">
        <metrics statements="12" coveredstatements="11" conditionals="10" coveredconditionals="9" methods="3" coveredmethods="3"/>
        <line num="5" count="73" type="cond" truecount="2" falsecount="0"/>
        <line num="6" count="4" type="stmt"/>
        <line num="7" count="4" type="stmt"/>
        <line num="10" count="69" type="stmt"/>
        <line num="14" count="59" type="stmt"/>
        <line num="18" count="38" type="stmt"/>
        <line num="19" count="38" type="stmt"/>
        <line num="21" count="38" type="cond" truecount="1" falsecount="1"/>
        <line num="22" count="0" type="stmt"/>
        <line num="25" count="38" type="cond" truecount="2" falsecount="0"/>
        <line num="26" count="38" type="cond" truecount="2" falsecount="0"/>
        <line num="27" count="38" type="cond" truecount="2" falsecount="0"/>
      </file>
      <file name="requestContext.js" path="C:\Users\insid\Desktop\VS code project\inside-home\src\middlewares\requestContext.js">
        <metrics statements="5" coveredstatements="5" conditionals="3" coveredconditionals="3" methods="1" coveredmethods="1"/>
        <line num="4" count="300" type="stmt"/>
        <line num="5" count="300" type="cond" truecount="3" falsecount="0"/>
        <line num="7" count="300" type="stmt"/>
        <line num="8" count="300" type="stmt"/>
        <line num="10" count="300" type="stmt"/>
      </file>
      <file name="requestLogger.js" path="C:\Users\insid\Desktop\VS code project\inside-home\src\middlewares\requestLogger.js">
        <metrics statements="12" coveredstatements="12" conditionals="6" coveredconditionals="6" methods="2" coveredmethods="2"/>
        <line num="4" count="300" type="stmt"/>
        <line num="6" count="300" type="stmt"/>
        <line num="7" count="300" type="stmt"/>
        <line num="8" count="300" type="stmt"/>
        <line num="16" count="300" type="cond" truecount="4" falsecount="0"/>
        <line num="17" count="1" type="stmt"/>
        <line num="18" count="1" type="stmt"/>
        <line num="21" count="299" type="cond" truecount="2" falsecount="0"/>
        <line num="22" count="26" type="stmt"/>
        <line num="23" count="26" type="stmt"/>
        <line num="26" count="273" type="stmt"/>
        <line num="29" count="300" type="stmt"/>
      </file>
      <file name="requirePermission.js" path="C:\Users\insid\Desktop\VS code project\inside-home\src\middlewares\requirePermission.js">
        <metrics statements="12" coveredstatements="12" conditionals="12" coveredconditionals="11" methods="5" coveredmethods="5"/>
        <line num="10" count="83" type="cond" truecount="1" falsecount="1"/>
        <line num="12" count="83" type="cond" truecount="6" falsecount="0"/>
        <line num="13" count="1" type="stmt"/>
        <line num="16" count="82" type="stmt"/>
        <line num="18" count="82" type="stmt"/>
        <line num="19" count="15" type="cond" truecount="2" falsecount="0"/>
        <line num="20" count="1" type="stmt"/>
        <line num="23" count="14" type="stmt"/>
        <line num="24" count="14" type="stmt"/>
        <line num="26" count="14" type="cond" truecount="2" falsecount="0"/>
        <line num="27" count="7" type="stmt"/>
        <line num="30" count="7" type="stmt"/>
      </file>
      <file name="securityHeaders.js" path="C:\Users\insid\Desktop\VS code project\inside-home\src\middlewares\securityHeaders.js">
        <metrics statements="10" coveredstatements="10" conditionals="0" coveredconditionals="0" methods="1" coveredmethods="1"/>
        <line num="2" count="304" type="stmt"/>
        <line num="3" count="304" type="stmt"/>
        <line num="4" count="304" type="stmt"/>
        <line num="5" count="304" type="stmt"/>
        <line num="6" count="304" type="stmt"/>
        <line num="7" count="304" type="stmt"/>
        <line num="8" count="304" type="stmt"/>
        <line num="9" count="304" type="stmt"/>
        <line num="10" count="304" type="stmt"/>
        <line num="11" count="304" type="stmt"/>
      </file>
      <file name="webhookStrictDependencyGuard.js" path="C:\Users\insid\Desktop\VS code project\inside-home\src\middlewares\webhookStrictDependencyGuard.js">
        <metrics statements="17" coveredstatements="17" conditionals="26" coveredconditionals="20" methods="5" coveredmethods="5"/>
        <line num="7" count="9" type="cond" truecount="3" falsecount="0"/>
        <line num="11" count="109" type="stmt"/>
        <line num="12" count="109" type="cond" truecount="4" falsecount="0"/>
        <line num="16" count="7" type="cond" truecount="2" falsecount="0"/>
        <line num="17" count="7" type="cond" truecount="2" falsecount="0"/>
        <line num="21" count="9" type="stmt"/>
        <line num="22" count="9" type="stmt"/>
        <line num="29" count="9" type="stmt"/>
        <line num="33" count="109" type="cond" truecount="2" falsecount="0"/>
        <line num="35" count="7" type="cond" truecount="1" falsecount="5"/>
        <line num="36" count="7" type="cond" truecount="1" falsecount="1"/>
        <line num="38" count="7" type="cond" truecount="2" falsecount="0"/>
        <line num="39" count="5" type="stmt"/>
        <line num="42" count="2" type="stmt"/>
        <line num="43" count="2" type="stmt"/>
        <line num="45" count="1" type="stmt"/>
        <line num="48" count="1" type="stmt"/>
      </file>
    </package>
    <package name="src.repositories">
      <metrics statements="229" coveredstatements="227" conditionals="130" coveredconditionals="121" methods="61" coveredmethods="61"/>
      <file name="analytics.repository.js" path="C:\Users\insid\Desktop\VS code project\inside-home\src\repositories\analytics.repository.js">
        <metrics statements="7" coveredstatements="7" conditionals="5" coveredconditionals="5" methods="5" coveredmethods="5"/>
        <line num="4" count="11" type="stmt"/>
        <line num="6" count="2" type="stmt"/>
        <line num="9" count="2" type="stmt"/>
        <line num="12" count="2" type="stmt"/>
        <line num="15" count="2" type="stmt"/>
        <line num="18" count="3" type="cond" truecount="4" falsecount="0"/>
        <line num="19" count="3" type="stmt"/>
      </file>
      <file name="cart.repository.js" path="C:\Users\insid\Desktop\VS code project\inside-home\src\repositories\cart.repository.js">
        <metrics statements="10" coveredstatements="10" conditionals="5" coveredconditionals="5" methods="6" coveredmethods="6"/>
        <line num="4" count="13" type="stmt"/>
        <line num="6" count="2" type="stmt"/>
        <line num="9" count="2" type="stmt"/>
        <line num="12" count="2" type="stmt"/>
        <line num="15" count="2" type="stmt"/>
        <line num="18" count="3" type="cond" truecount="4" falsecount="0"/>
        <line num="19" count="3" type="stmt"/>
        <line num="23" count="2" type="stmt"/>
        <line num="24" count="2" type="stmt"/>
        <line num="30" count="1" type="stmt"/>
      </file>
      <file name="lead.repository.js" path="C:\Users\insid\Desktop\VS code project\inside-home\src\repositories\lead.repository.js">
        <metrics statements="7" coveredstatements="7" conditionals="5" coveredconditionals="5" methods="5" coveredmethods="5"/>
        <line num="4" count="11" type="stmt"/>
        <line num="6" count="2" type="stmt"/>
        <line num="9" count="2" type="stmt"/>
        <line num="12" count="2" type="stmt"/>
        <line num="15" count="2" type="stmt"/>
        <line num="18" count="3" type="cond" truecount="4" falsecount="0"/>
        <line num="19" count="3" type="stmt"/>
      </file>
      <file name="order.repository.js" path="C:\Users\insid\Desktop\VS code project\inside-home\src\repositories\order.repository.js">
        <metrics statements="156" coveredstatements="154" conditionals="99" coveredconditionals="90" methods="31" coveredmethods="31"/>
        <line num="6" count="78" type="stmt"/>
        <line num="7" count="78" type="stmt"/>
        <line num="8" count="81" type="cond" truecount="2" falsecount="0"/>
        <line num="9" count="81" type="stmt"/>
        <line num="12" count="78" type="stmt"/>
        <line num="13" count="81" type="stmt"/>
        <line num="14" count="3" type="stmt"/>
        <line num="18" count="19" type="cond" truecount="4" falsecount="0"/>
        <line num="19" count="2" type="cond" truecount="4" falsecount="0"/>
        <line num="20" count="1" type="stmt"/>
        <line num="21" count="1" type="stmt"/>
        <line num="22" count="1" type="stmt"/>
        <line num="25" count="1" type="cond" truecount="1" falsecount="1"/>
        <line num="26" count="1" type="stmt"/>
        <line num="27" count="1" type="stmt"/>
        <line num="28" count="1" type="stmt"/>
        <line num="30" count="0" type="stmt"/>
        <line num="33" count="17" type="cond" truecount="4" falsecount="0"/>
        <line num="34" count="13" type="stmt"/>
        <line num="38" count="4" type="stmt"/>
        <line num="39" count="4" type="stmt"/>
        <line num="41" count="1" type="stmt"/>
        <line num="42" count="1" type="stmt"/>
        <line num="43" count="1" type="stmt"/>
        <line num="46" count="3" type="cond" truecount="2" falsecount="0"/>
        <line num="47" count="1" type="stmt"/>
        <line num="48" count="1" type="stmt"/>
        <line num="49" count="1" type="stmt"/>
        <line num="54" count="15" type="cond" truecount="2" falsecount="0"/>
        <line num="55" count="11" type="stmt"/>
        <line num="56" count="11" type="cond" truecount="2" falsecount="0"/>
        <line num="57" count="2" type="cond" truecount="1" falsecount="1"/>
        <line num="58" count="0" type="stmt"/>
        <line num="62" count="26" type="cond" truecount="2" falsecount="0"/>
        <line num="63" count="22" type="cond" truecount="3" falsecount="0"/>
        <line num="66" count="4" type="cond" truecount="2" falsecount="0"/>
        <line num="67" count="2" type="cond" truecount="1" falsecount="2"/>
        <line num="70" count="2" type="stmt"/>
        <line num="73" count="30" type="stmt"/>
        <line num="75" count="2" type="stmt"/>
        <line num="78" count="7" type="stmt"/>
        <line num="81" count="1" type="stmt"/>
        <line num="84" count="1" type="stmt"/>
        <line num="87" count="2" type="cond" truecount="4" falsecount="0"/>
        <line num="88" count="2" type="stmt"/>
        <line num="92" count="58" type="stmt"/>
        <line num="94" count="58" type="stmt"/>
        <line num="95" count="58" type="stmt"/>
        <line num="96" count="60" type="stmt"/>
        <line num="97" count="58" type="stmt"/>
        <line num="102" count="58" type="cond" truecount="2" falsecount="0"/>
        <line num="103" count="1" type="stmt"/>
        <line num="104" count="2" type="stmt"/>
        <line num="105" count="1" type="stmt"/>
        <line num="106" count="1" type="stmt"/>
        <line num="107" count="1" type="stmt"/>
        <line num="110" count="58" type="stmt"/>
        <line num="112" count="57" type="stmt"/>
        <line num="113" count="58" type="stmt"/>
        <line num="114" count="58" type="stmt"/>
        <line num="115" count="58" type="stmt"/>
        <line num="119" count="57" type="stmt"/>
        <line num="120" count="57" type="stmt"/>
        <line num="130" count="3" type="cond" truecount="2" falsecount="0"/>
        <line num="131" count="2" type="stmt"/>
        <line num="132" count="2" type="cond" truecount="1" falsecount="1"/>
        <line num="133" count="2" type="stmt"/>
        <line num="136" count="1" type="stmt"/>
        <line num="139" count="54" type="stmt"/>
        <line num="140" count="55" type="stmt"/>
        <line num="150" count="55" type="cond" truecount="2" falsecount="0"/>
        <line num="151" count="46" type="stmt"/>
        <line num="152" count="46" type="stmt"/>
        <line num="153" count="46" type="stmt"/>
        <line num="157" count="8" type="stmt"/>
        <line num="158" count="8" type="stmt"/>
        <line num="166" count="8" type="stmt"/>
        <line num="168" count="8" type="stmt"/>
        <line num="171" count="48" type="stmt"/>
        <line num="181" count="20" type="stmt"/>
        <line num="183" count="20" type="stmt"/>
        <line num="184" count="20" type="stmt"/>
        <line num="185" count="21" type="stmt"/>
        <line num="186" count="20" type="stmt"/>
        <line num="191" count="20" type="cond" truecount="2" falsecount="0"/>
        <line num="192" count="1" type="stmt"/>
        <line num="193" count="2" type="stmt"/>
        <line num="194" count="1" type="stmt"/>
        <line num="195" count="1" type="stmt"/>
        <line num="196" count="1" type="stmt"/>
        <line num="199" count="19" type="stmt"/>
        <line num="200" count="19" type="stmt"/>
        <line num="201" count="19" type="stmt"/>
        <line num="202" count="19" type="stmt"/>
        <line num="205" count="19" type="stmt"/>
        <line num="208" count="15" type="stmt"/>
        <line num="209" count="15" type="stmt"/>
        <line num="219" count="3" type="cond" truecount="2" falsecount="0"/>
        <line num="220" count="2" type="stmt"/>
        <line num="221" count="2" type="cond" truecount="1" falsecount="1"/>
        <line num="222" count="2" type="stmt"/>
        <line num="225" count="1" type="stmt"/>
        <line num="229" count="12" type="stmt"/>
        <line num="230" count="12" type="stmt"/>
        <line num="240" count="11" type="cond" truecount="2" falsecount="0"/>
        <line num="241" count="3" type="stmt"/>
        <line num="242" count="3" type="stmt"/>
        <line num="243" count="3" type="stmt"/>
        <line num="247" count="8" type="stmt"/>
        <line num="248" count="8" type="stmt"/>
        <line num="256" count="7" type="stmt"/>
        <line num="257" count="7" type="stmt"/>
        <line num="260" count="11" type="stmt"/>
        <line num="265" count="13" type="stmt"/>
        <line num="266" count="13" type="stmt"/>
        <line num="267" count="13" type="stmt"/>
        <line num="269" count="13" type="stmt"/>
        <line num="270" count="13" type="stmt"/>
        <line num="280" count="3" type="cond" truecount="5" falsecount="0"/>
        <line num="281" count="2" type="stmt"/>
        <line num="283" count="1" type="stmt"/>
        <line num="286" count="10" type="stmt"/>
        <line num="287" count="9" type="cond" truecount="2" falsecount="0"/>
        <line num="288" count="1" type="stmt"/>
        <line num="289" count="1" type="stmt"/>
        <line num="290" count="1" type="stmt"/>
        <line num="293" count="8" type="cond" truecount="4" falsecount="0"/>
        <line num="294" count="1" type="stmt"/>
        <line num="295" count="1" type="stmt"/>
        <line num="296" count="1" type="stmt"/>
        <line num="299" count="7" type="cond" truecount="2" falsecount="0"/>
        <line num="300" count="2" type="stmt"/>
        <line num="303" count="5" type="stmt"/>
        <line num="311" count="5" type="stmt"/>
        <line num="314" count="4" type="stmt"/>
        <line num="319" count="13" type="stmt"/>
        <line num="320" count="13" type="stmt"/>
        <line num="321" count="13" type="stmt"/>
        <line num="323" count="13" type="stmt"/>
        <line num="324" count="13" type="stmt"/>
        <line num="334" count="6" type="cond" truecount="5" falsecount="0"/>
        <line num="335" count="5" type="stmt"/>
        <line num="337" count="1" type="stmt"/>
        <line num="340" count="7" type="cond" truecount="2" falsecount="0"/>
        <line num="341" count="2" type="stmt"/>
        <line num="342" count="2" type="cond" truecount="4" falsecount="0"/>
        <line num="343" count="1" type="stmt"/>
        <line num="344" count="1" type="stmt"/>
        <line num="345" count="1" type="stmt"/>
        <line num="348" count="1" type="cond" truecount="1" falsecount="1"/>
        <line num="349" count="1" type="stmt"/>
        <line num="353" count="5" type="cond" truecount="2" falsecount="0"/>
        <line num="357" count="5" type="stmt"/>
        <line num="362" count="5" type="stmt"/>
        <line num="364" count="5" type="stmt"/>
        <line num="370" count="2" type="stmt"/>
      </file>
      <file name="product.repository.js" path="C:\Users\insid\Desktop\VS code project\inside-home\src\repositories\product.repository.js">
        <metrics statements="7" coveredstatements="7" conditionals="5" coveredconditionals="5" methods="5" coveredmethods="5"/>
        <line num="4" count="11" type="stmt"/>
        <line num="6" count="2" type="stmt"/>
        <line num="9" count="2" type="stmt"/>
        <line num="12" count="2" type="stmt"/>
        <line num="15" count="2" type="stmt"/>
        <line num="18" count="3" type="cond" truecount="4" falsecount="0"/>
        <line num="19" count="3" type="stmt"/>
      </file>
      <file name="user.repository.js" path="C:\Users\insid\Desktop\VS code project\inside-home\src\repositories\user.repository.js">
        <metrics statements="42" coveredstatements="42" conditionals="11" coveredconditionals="11" methods="9" coveredmethods="9"/>
        <line num="5" count="11" type="stmt"/>
        <line num="6" count="11" type="stmt"/>
        <line num="10" count="6" type="stmt"/>
        <line num="11" count="11" type="stmt"/>
        <line num="12" count="11" type="stmt"/>
        <line num="14" count="10" type="cond" truecount="4" falsecount="0"/>
        <line num="15" count="1" type="stmt"/>
        <line num="16" count="1" type="stmt"/>
        <line num="17" count="1" type="stmt"/>
        <line num="18" count="1" type="stmt"/>
        <line num="21" count="9" type="cond" truecount="2" falsecount="0"/>
        <line num="22" count="3" type="stmt"/>
        <line num="26" count="1" type="stmt"/>
        <line num="27" count="1" type="stmt"/>
        <line num="28" count="1" type="stmt"/>
        <line num="29" count="1" type="stmt"/>
        <line num="32" count="46" type="stmt"/>
        <line num="34" count="2" type="stmt"/>
        <line num="35" count="2" type="stmt"/>
        <line num="37" count="1" type="stmt"/>
        <line num="46" count="6" type="stmt"/>
        <line num="47" count="6" type="stmt"/>
        <line num="48" count="6" type="stmt"/>
        <line num="49" count="6" type="stmt"/>
        <line num="51" count="3" type="stmt"/>
        <line num="60" count="4" type="stmt"/>
        <line num="65" count="2" type="stmt"/>
        <line num="66" count="2" type="stmt"/>
        <line num="68" count="1" type="stmt"/>
        <line num="73" count="2" type="stmt"/>
        <line num="74" count="2" type="stmt"/>
        <line num="76" count="1" type="stmt"/>
        <line num="81" count="2" type="stmt"/>
        <line num="82" count="2" type="stmt"/>
        <line num="84" count="1" type="stmt"/>
        <line num="89" count="2" type="stmt"/>
        <line num="90" count="2" type="stmt"/>
        <line num="92" count="1" type="stmt"/>
        <line num="97" count="3" type="cond" truecount="4" falsecount="0"/>
        <line num="99" count="3" type="stmt"/>
        <line num="100" count="3" type="stmt"/>
        <line num="102" count="1" type="stmt"/>
      </file>
    </package>
    <package name="src.routes">
      <metrics statements="302" coveredstatements="289" conditionals="215" coveredconditionals="193" methods="43" coveredmethods="43"/>
      <file name="admin-example.routes.js" path="C:\Users\insid\Desktop\VS code project\inside-home\src\routes\admin-example.routes.js">
        <metrics statements="5" coveredstatements="5" conditionals="0" coveredconditionals="0" methods="2" coveredmethods="2"/>
        <line num="5" count="28" type="stmt"/>
        <line num="8" count="28" type="stmt"/>
        <line num="9" count="1" type="stmt"/>
        <line num="17" count="28" type="stmt"/>
        <line num="18" count="2" type="stmt"/>
      </file>
      <file name="admin-routes.js" path="C:\Users\insid\Desktop\VS code project\inside-home\src\routes\admin-routes.js">
        <metrics statements="4" coveredstatements="4" conditionals="0" coveredconditionals="0" methods="1" coveredmethods="1"/>
        <line num="5" count="27" type="stmt"/>
        <line num="8" count="27" type="stmt"/>
        <line num="11" count="27" type="stmt"/>
        <line num="12" count="5" type="stmt"/>
      </file>
      <file name="analytics.routes.js" path="C:\Users\insid\Desktop\VS code project\inside-home\src\routes\analytics.routes.js">
        <metrics statements="3" coveredstatements="3" conditionals="0" coveredconditionals="0" methods="2" coveredmethods="2"/>
        <line num="8" count="28" type="stmt"/>
        <line num="10" count="28" type="stmt"/>
        <line num="11" count="28" type="stmt"/>
      </file>
      <file name="auth.routes.js" path="C:\Users\insid\Desktop\VS code project\inside-home\src\routes\auth.routes.js">
        <metrics statements="81" coveredstatements="75" conditionals="44" coveredconditionals="39" methods="10" coveredmethods="10"/>
        <line num="17" count="28" type="stmt"/>
        <line num="19" count="28" type="stmt"/>
        <line num="22" count="68" type="stmt"/>
        <line num="23" count="68" type="stmt"/>
        <line num="25" count="68" type="stmt"/>
        <line num="36" count="47" type="stmt"/>
        <line num="37" count="47" type="cond" truecount="4" falsecount="0"/>
        <line num="38" count="40" type="stmt"/>
        <line num="41" count="7" type="stmt"/>
        <line num="42" count="7" type="cond" truecount="4" falsecount="0"/>
        <line num="43" count="3" type="stmt"/>
        <line num="46" count="4" type="stmt"/>
        <line num="50" count="15" type="stmt"/>
        <line num="51" count="15" type="stmt"/>
        <line num="52" count="15" type="stmt"/>
        <line num="56" count="44" type="stmt"/>
        <line num="57" count="42" type="stmt"/>
        <line num="59" count="42" type="cond" truecount="2" falsecount="0"/>
        <line num="60" count="1" type="stmt"/>
        <line num="63" count="41" type="stmt"/>
        <line num="70" count="41" type="cond" truecount="1" falsecount="1"/>
        <line num="71" count="0" type="stmt"/>
        <line num="74" count="41" type="stmt"/>
        <line num="76" count="41" type="stmt"/>
        <line num="83" count="28" type="stmt"/>
        <line num="84" count="5" type="stmt"/>
        <line num="85" count="5" type="stmt"/>
        <line num="86" count="5" type="stmt"/>
        <line num="88" count="4" type="cond" truecount="2" falsecount="0"/>
        <line num="89" count="1" type="stmt"/>
        <line num="92" count="3" type="stmt"/>
        <line num="102" count="1" type="stmt"/>
        <line num="106" count="28" type="stmt"/>
        <line num="107" count="39" type="stmt"/>
        <line num="108" count="39" type="stmt"/>
        <line num="109" count="39" type="stmt"/>
        <line num="111" count="38" type="cond" truecount="1" falsecount="1"/>
        <line num="112" count="0" type="stmt"/>
        <line num="115" count="38" type="stmt"/>
        <line num="123" count="1" type="stmt"/>
        <line num="127" count="28" type="stmt"/>
        <line num="128" count="8" type="stmt"/>
        <line num="131" count="28" type="stmt"/>
        <line num="132" count="8" type="stmt"/>
        <line num="135" count="28" type="stmt"/>
        <line num="136" count="32" type="stmt"/>
        <line num="137" count="32" type="stmt"/>
        <line num="138" count="32" type="stmt"/>
        <line num="140" count="32" type="cond" truecount="4" falsecount="0"/>
        <line num="141" count="2" type="stmt"/>
        <line num="144" count="30" type="cond" truecount="2" falsecount="0"/>
        <line num="145" count="7" type="stmt"/>
        <line num="148" count="23" type="stmt"/>
        <line num="149" count="23" type="stmt"/>
        <line num="156" count="23" type="cond" truecount="2" falsecount="0"/>
        <line num="157" count="11" type="cond" truecount="2" falsecount="0"/>
        <line num="158" count="11" type="cond" truecount="2" falsecount="0"/>
        <line num="159" count="11" type="cond" truecount="2" falsecount="0"/>
        <line num="160" count="11" type="stmt"/>
        <line num="163" count="12" type="stmt"/>
        <line num="164" count="12" type="cond" truecount="1" falsecount="1"/>
        <line num="165" count="0" type="stmt"/>
        <line num="168" count="12" type="stmt"/>
        <line num="176" count="12" type="cond" truecount="1" falsecount="1"/>
        <line num="177" count="0" type="stmt"/>
        <line num="180" count="12" type="cond" truecount="2" falsecount="0"/>
        <line num="181" count="12" type="stmt"/>
        <line num="183" count="12" type="stmt"/>
        <line num="191" count="0" type="stmt"/>
        <line num="195" count="28" type="stmt"/>
        <line num="196" count="15" type="stmt"/>
        <line num="197" count="15" type="stmt"/>
        <line num="198" count="15" type="stmt"/>
        <line num="200" count="15" type="cond" truecount="2" falsecount="0"/>
        <line num="201" count="3" type="stmt"/>
        <line num="204" count="12" type="stmt"/>
        <line num="205" count="12" type="cond" truecount="2" falsecount="0"/>
        <line num="206" count="3" type="stmt"/>
        <line num="209" count="9" type="stmt"/>
        <line num="211" count="9" type="stmt"/>
        <line num="213" count="0" type="stmt"/>
      </file>
      <file name="cart.routes.js" path="C:\Users\insid\Desktop\VS code project\inside-home\src\routes\cart.routes.js">
        <metrics statements="5" coveredstatements="5" conditionals="0" coveredconditionals="0" methods="4" coveredmethods="4"/>
        <line num="7" count="28" type="stmt"/>
        <line num="9" count="28" type="stmt"/>
        <line num="10" count="28" type="stmt"/>
        <line num="11" count="28" type="stmt"/>
        <line num="12" count="28" type="stmt"/>
      </file>
      <file name="leads.routes.js" path="C:\Users\insid\Desktop\VS code project\inside-home\src\routes\leads.routes.js">
        <metrics statements="3" coveredstatements="3" conditionals="0" coveredconditionals="0" methods="2" coveredmethods="2"/>
        <line num="7" count="28" type="stmt"/>
        <line num="9" count="28" type="stmt"/>
        <line num="10" count="28" type="stmt"/>
      </file>
      <file name="orders.routes.js" path="C:\Users\insid\Desktop\VS code project\inside-home\src\routes\orders.routes.js">
        <metrics statements="22" coveredstatements="22" conditionals="17" coveredconditionals="16" methods="3" coveredmethods="3"/>
        <line num="13" count="29" type="stmt"/>
        <line num="16" count="29" type="stmt"/>
        <line num="24" count="14" type="stmt"/>
        <line num="25" count="14" type="stmt"/>
        <line num="27" count="12" type="stmt"/>
        <line num="34" count="10" type="stmt"/>
        <line num="42" count="10" type="cond" truecount="2" falsecount="0"/>
        <line num="43" count="2" type="stmt"/>
        <line num="46" count="10" type="cond" truecount="2" falsecount="0"/>
        <line num="48" count="4" type="cond" truecount="2" falsecount="0"/>
        <line num="49" count="2" type="stmt"/>
        <line num="55" count="2" type="stmt"/>
        <line num="57" count="2" type="stmt"/>
        <line num="62" count="29" type="stmt"/>
        <line num="63" count="3" type="stmt"/>
        <line num="64" count="3" type="stmt"/>
        <line num="65" count="3" type="cond" truecount="4" falsecount="0"/>
        <line num="66" count="1" type="stmt"/>
        <line num="69" count="2" type="stmt"/>
        <line num="70" count="1" type="stmt"/>
        <line num="72" count="1" type="stmt"/>
        <line num="76" count="29" type="stmt"/>
      </file>
      <file name="payments.routes.js" path="C:\Users\insid\Desktop\VS code project\inside-home\src\routes\payments.routes.js">
        <metrics statements="27" coveredstatements="27" conditionals="19" coveredconditionals="19" methods="7" coveredmethods="7"/>
        <line num="15" count="31" type="stmt"/>
        <line num="16" count="31" type="stmt"/>
        <line num="20" count="18" type="cond" truecount="2" falsecount="0"/>
        <line num="25" count="31" type="stmt"/>
        <line num="26" count="23" type="stmt"/>
        <line num="27" count="23" type="stmt"/>
        <line num="29" count="18" type="stmt"/>
        <line num="30" count="18" type="cond" truecount="2" falsecount="0"/>
        <line num="31" count="2" type="stmt"/>
        <line num="34" count="16" type="stmt"/>
        <line num="35" count="16" type="stmt"/>
        <line num="36" count="16" type="stmt"/>
        <line num="41" count="16" type="cond" truecount="2" falsecount="0"/>
        <line num="42" count="2" type="stmt"/>
        <line num="45" count="14" type="stmt"/>
        <line num="46" count="14" type="stmt"/>
        <line num="52" count="14" type="stmt"/>
        <line num="53" count="14" type="stmt"/>
        <line num="55" count="14" type="stmt"/>
        <line num="57" count="14" type="stmt"/>
        <line num="63" count="12" type="stmt"/>
        <line num="64" count="12" type="cond" truecount="2" falsecount="0"/>
        <line num="66" count="12" type="cond" truecount="2" falsecount="0"/>
        <line num="86" count="7" type="cond" truecount="2" falsecount="0"/>
        <line num="87" count="5" type="stmt"/>
        <line num="93" count="5" type="stmt"/>
        <line num="95" count="2" type="stmt"/>
      </file>
      <file name="products.routes.js" path="C:\Users\insid\Desktop\VS code project\inside-home\src\routes\products.routes.js">
        <metrics statements="4" coveredstatements="4" conditionals="0" coveredconditionals="0" methods="3" coveredmethods="3"/>
        <line num="8" count="28" type="stmt"/>
        <line num="10" count="28" type="stmt"/>
        <line num="11" count="28" type="stmt"/>
        <line num="12" count="28" type="stmt"/>
      </file>
      <file name="webhooks.routes.js" path="C:\Users\insid\Desktop\VS code project\inside-home\src\routes\webhooks.routes.js">
        <metrics statements="148" coveredstatements="141" conditionals="135" coveredconditionals="119" methods="9" coveredmethods="9"/>
        <line num="16" count="31" type="stmt"/>
        <line num="17" count="31" type="stmt"/>
        <line num="18" count="31" type="stmt"/>
        <line num="22" count="54" type="cond" truecount="1" falsecount="1"/>
        <line num="28" count="170" type="cond" truecount="3" falsecount="0"/>
        <line num="32" count="47" type="cond" truecount="2" falsecount="0"/>
        <line num="33" count="1" type="stmt"/>
        <line num="34" count="1" type="stmt"/>
        <line num="35" count="1" type="stmt"/>
        <line num="38" count="46" type="cond" truecount="1" falsecount="1"/>
        <line num="39" count="0" type="stmt"/>
        <line num="40" count="0" type="stmt"/>
        <line num="41" count="0" type="stmt"/>
        <line num="44" count="46" type="stmt"/>
        <line num="50" count="69" type="cond" truecount="2" falsecount="0"/>
        <line num="51" count="62" type="stmt"/>
        <line num="54" count="7" type="stmt"/>
        <line num="55" count="7" type="cond" truecount="4" falsecount="0"/>
        <line num="56" count="7" type="cond" truecount="4" falsecount="0"/>
        <line num="58" count="7" type="cond" truecount="2" falsecount="0"/>
        <line num="59" count="7" type="cond" truecount="2" falsecount="0"/>
        <line num="61" count="7" type="cond" truecount="5" falsecount="0"/>
        <line num="62" count="3" type="stmt"/>
        <line num="65" count="4" type="stmt"/>
        <line num="68" count="4" type="stmt"/>
        <line num="72" count="37" type="stmt"/>
        <line num="76" count="69" type="stmt"/>
        <line num="77" count="69" type="stmt"/>
        <line num="78" count="69" type="cond" truecount="2" falsecount="0"/>
        <line num="79" count="3" type="stmt"/>
        <line num="85" count="3" type="stmt"/>
        <line num="89" count="66" type="stmt"/>
        <line num="90" count="66" type="stmt"/>
        <line num="92" count="0" type="stmt"/>
        <line num="99" count="0" type="stmt"/>
        <line num="102" count="66" type="cond" truecount="2" falsecount="0"/>
        <line num="103" count="14" type="stmt"/>
        <line num="111" count="14" type="cond" truecount="2" falsecount="0"/>
        <line num="112" count="1" type="stmt"/>
        <line num="115" count="13" type="stmt"/>
        <line num="118" count="52" type="stmt"/>
        <line num="122" count="31" type="stmt"/>
        <line num="123" count="53" type="stmt"/>
        <line num="124" count="53" type="stmt"/>
        <line num="125" count="53" type="stmt"/>
        <line num="126" count="53" type="stmt"/>
        <line num="127" count="53" type="stmt"/>
        <line num="128" count="53" type="stmt"/>
        <line num="130" count="53" type="stmt"/>
        <line num="136" count="53" type="cond" truecount="5" falsecount="0"/>
        <line num="137" count="3" type="stmt"/>
        <line num="143" count="3" type="stmt"/>
        <line num="147" count="50" type="stmt"/>
        <line num="148" count="50" type="stmt"/>
        <line num="150" count="9" type="cond" truecount="2" falsecount="0"/>
        <line num="151" count="1" type="stmt"/>
        <line num="153" count="8" type="stmt"/>
        <line num="157" count="8" type="stmt"/>
        <line num="160" count="41" type="stmt"/>
        <line num="161" count="36" type="stmt"/>
        <line num="168" count="36" type="cond" truecount="2" falsecount="0"/>
        <line num="169" count="4" type="stmt"/>
        <line num="172" count="32" type="stmt"/>
        <line num="173" count="32" type="stmt"/>
        <line num="174" count="32" type="stmt"/>
        <line num="176" count="32" type="stmt"/>
        <line num="183" count="32" type="cond" truecount="2" falsecount="0"/>
        <line num="185" count="25" type="cond" truecount="2" falsecount="0"/>
        <line num="186" count="1" type="stmt"/>
        <line num="189" count="24" type="stmt"/>
        <line num="190" count="21" type="cond" truecount="2" falsecount="0"/>
        <line num="191" count="2" type="stmt"/>
        <line num="198" count="2" type="stmt"/>
        <line num="201" count="19" type="cond" truecount="2" falsecount="0"/>
        <line num="202" count="4" type="stmt"/>
        <line num="210" count="4" type="stmt"/>
        <line num="213" count="15" type="cond" truecount="1" falsecount="1"/>
        <line num="214" count="15" type="cond" truecount="2" falsecount="0"/>
        <line num="215" count="1" type="stmt"/>
        <line num="224" count="1" type="stmt"/>
        <line num="227" count="14" type="cond" truecount="3" falsecount="1"/>
        <line num="228" count="2" type="stmt"/>
        <line num="237" count="2" type="stmt"/>
        <line num="240" count="12" type="stmt"/>
        <line num="250" count="11" type="stmt"/>
        <line num="252" count="9" type="cond" truecount="4" falsecount="0"/>
        <line num="253" count="5" type="stmt"/>
        <line num="258" count="5" type="cond" truecount="2" falsecount="0"/>
        <line num="261" count="4" type="cond" truecount="2" falsecount="0"/>
        <line num="262" count="1" type="stmt"/>
        <line num="265" count="3" type="stmt"/>
        <line num="269" count="31" type="stmt"/>
        <line num="270" count="48" type="stmt"/>
        <line num="271" count="48" type="stmt"/>
        <line num="272" count="48" type="stmt"/>
        <line num="273" count="48" type="stmt"/>
        <line num="274" count="48" type="cond" truecount="1" falsecount="1"/>
        <line num="276" count="48" type="cond" truecount="2" falsecount="0"/>
        <line num="277" count="1" type="stmt"/>
        <line num="280" count="47" type="stmt"/>
        <line num="282" count="37" type="stmt"/>
        <line num="288" count="37" type="stmt"/>
        <line num="289" count="37" type="stmt"/>
        <line num="296" count="37" type="cond" truecount="2" falsecount="0"/>
        <line num="299" count="30" type="stmt"/>
        <line num="300" count="30" type="stmt"/>
        <line num="301" count="5" type="stmt"/>
        <line num="305" count="1" type="cond" truecount="1" falsecount="1"/>
        <line num="306" count="1" type="stmt"/>
        <line num="308" count="0" type="stmt"/>
        <line num="311" count="29" type="cond" truecount="4" falsecount="0"/>
        <line num="312" count="4" type="stmt"/>
        <line num="317" count="4" type="stmt"/>
        <line num="320" count="25" type="cond" truecount="2" falsecount="0"/>
        <line num="321" count="1" type="stmt"/>
        <line num="324" count="24" type="stmt"/>
        <line num="325" count="24" type="cond" truecount="2" falsecount="0"/>
        <line num="326" count="6" type="stmt"/>
        <line num="333" count="6" type="stmt"/>
        <line num="336" count="18" type="cond" truecount="2" falsecount="0"/>
        <line num="337" count="1" type="stmt"/>
        <line num="345" count="1" type="stmt"/>
        <line num="348" count="17" type="cond" truecount="2" falsecount="0"/>
        <line num="349" count="17" type="cond" truecount="1" falsecount="1"/>
        <line num="350" count="17" type="stmt"/>
        <line num="351" count="17" type="cond" truecount="4" falsecount="0"/>
        <line num="352" count="15" type="stmt"/>
        <line num="353" count="15" type="cond" truecount="1" falsecount="2"/>
        <line num="355" count="1" type="stmt"/>
        <line num="359" count="16" type="cond" truecount="4" falsecount="0"/>
        <line num="360" count="1" type="stmt"/>
        <line num="369" count="1" type="stmt"/>
        <line num="372" count="15" type="cond" truecount="5" falsecount="1"/>
        <line num="373" count="2" type="stmt"/>
        <line num="382" count="2" type="stmt"/>
        <line num="385" count="13" type="cond" truecount="4" falsecount="0"/>
        <line num="386" count="3" type="stmt"/>
        <line num="389" count="10" type="cond" truecount="3" falsecount="0"/>
        <line num="390" count="10" type="cond" truecount="4" falsecount="0"/>
        <line num="391" count="1" type="stmt"/>
        <line num="398" count="1" type="stmt"/>
        <line num="401" count="9" type="stmt"/>
        <line num="411" count="9" type="stmt"/>
        <line num="413" count="10" type="cond" truecount="4" falsecount="0"/>
        <line num="414" count="9" type="cond" truecount="1" falsecount="1"/>
        <line num="418" count="1" type="cond" truecount="1" falsecount="1"/>
        <line num="419" count="0" type="stmt"/>
        <line num="422" count="1" type="stmt"/>
      </file>
    </package>
    <package name="src.security">
      <metrics statements="139" coveredstatements="136" conditionals="117" coveredconditionals="108" methods="33" coveredmethods="33"/>
      <file name="access-token.js" path="C:\Users\insid\Desktop\VS code project\inside-home\src\security\access-token.js">
        <metrics statements="19" coveredstatements="19" conditionals="20" coveredconditionals="20" methods="2" coveredmethods="2"/>
        <line num="5" count="77" type="cond" truecount="2" falsecount="0"/>
        <line num="7" count="77" type="cond" truecount="4" falsecount="0"/>
        <line num="8" count="2" type="stmt"/>
        <line num="9" count="2" type="stmt"/>
        <line num="10" count="2" type="stmt"/>
        <line num="11" count="2" type="stmt"/>
        <line num="14" count="75" type="cond" truecount="4" falsecount="0"/>
        <line num="15" count="3" type="stmt"/>
        <line num="16" count="3" type="stmt"/>
        <line num="17" count="3" type="stmt"/>
        <line num="18" count="3" type="stmt"/>
        <line num="26" count="77" type="stmt"/>
        <line num="28" count="72" type="stmt"/>
        <line num="29" count="72" type="cond" truecount="6" falsecount="0"/>
        <line num="30" count="7" type="stmt"/>
        <line num="31" count="7" type="stmt"/>
        <line num="32" count="7" type="stmt"/>
        <line num="33" count="7" type="stmt"/>
        <line num="36" count="65" type="stmt"/>
      </file>
      <file name="jwt-config.js" path="C:\Users\insid\Desktop\VS code project\inside-home\src\security\jwt-config.js">
        <metrics statements="29" coveredstatements="29" conditionals="23" coveredconditionals="21" methods="7" coveredmethods="7"/>
        <line num="1" count="34" type="stmt"/>
        <line num="4" count="920" type="stmt"/>
        <line num="5" count="920" type="cond" truecount="2" falsecount="0"/>
        <line num="7" count="912" type="stmt"/>
        <line num="8" count="912" type="cond" truecount="2" falsecount="0"/>
        <line num="12" count="230" type="stmt"/>
        <line num="21" count="10" type="stmt"/>
        <line num="23" count="10" type="cond" truecount="2" falsecount="0"/>
        <line num="24" count="10" type="cond" truecount="2" falsecount="0"/>
        <line num="25" count="10" type="cond" truecount="2" falsecount="0"/>
        <line num="26" count="10" type="cond" truecount="2" falsecount="0"/>
        <line num="28" count="10" type="stmt"/>
        <line num="32" count="10" type="cond" truecount="4" falsecount="0"/>
        <line num="34" count="2" type="stmt"/>
        <line num="38" count="134" type="stmt"/>
        <line num="42" count="96" type="stmt"/>
        <line num="46" count="5" type="stmt"/>
        <line num="47" count="5" type="stmt"/>
        <line num="48" count="5" type="stmt"/>
        <line num="50" count="5" type="stmt"/>
        <line num="51" count="6" type="stmt"/>
        <line num="54" count="5" type="stmt"/>
        <line num="55" count="6" type="stmt"/>
        <line num="58" count="5" type="stmt"/>
        <line num="59" count="5" type="cond" truecount="2" falsecount="0"/>
        <line num="61" count="5" type="stmt"/>
        <line num="62" count="5" type="cond" truecount="2" falsecount="0"/>
        <line num="64" count="5" type="stmt"/>
        <line num="67" count="34" type="stmt"/>
      </file>
      <file name="rbac-policy.js" path="C:\Users\insid\Desktop\VS code project\inside-home\src\security\rbac-policy.js">
[...]
        <line num="180" count="14" type="stmt"/>
        <line num="181" count="14" type="cond" truecount="2" falsecount="0"/>
        <line num="182" count="14" type="cond" truecount="2" falsecount="0"/>
        <line num="186" count="14" type="stmt"/>
        <line num="187" count="13" type="stmt"/>
        <line num="188" count="12" type="stmt"/>
        <line num="192" count="1" type="stmt"/>
        <line num="196" count="32" type="stmt"/>
        <line num="197" count="31" type="cond" truecount="2" falsecount="0"/>
        <line num="198" count="30" type="stmt"/>
        <line num="199" count="30" type="stmt"/>
        <line num="202" count="1" type="stmt"/>
        <line num="206" count="9" type="stmt"/>
        <line num="207" count="8" type="stmt"/>
        <line num="208" count="7" type="cond" truecount="2" falsecount="0"/>
      </file>
      <file name="refresh-token.js" path="C:\Users\insid\Desktop\VS code project\inside-home\src\security\refresh-token.js">
        <metrics statements="15" coveredstatements="13" conditionals="19" coveredconditionals="13" methods="2" coveredmethods="2"/>
        <line num="6" count="51" type="cond" truecount="1" falsecount="1"/>
        <line num="7" count="51" type="stmt"/>
        <line num="8" count="51" type="cond" truecount="1" falsecount="1"/>
        <line num="10" count="51" type="stmt"/>
        <line num="11" count="51" type="stmt"/>
        <line num="12" count="51" type="stmt"/>
        <line num="19" count="51" type="cond" truecount="3" falsecount="1"/>
        <line num="23" count="51" type="stmt"/>
        <line num="25" count="51" type="cond" truecount="5" falsecount="1"/>
        <line num="26" count="0" type="stmt"/>
        <line num="29" count="51" type="stmt"/>
        <line num="30" count="51" type="cond" truecount="1" falsecount="1"/>
        <line num="31" count="0" type="stmt"/>
        <line num="34" count="51" type="stmt"/>
        <line num="45" count="51" type="stmt"/>
      </file>
      <file name="token-verifier.js" path="C:\Users\insid\Desktop\VS code project\inside-home\src\security\token-verifier.js">
        <metrics statements="12" coveredstatements="11" conditionals="16" coveredconditionals="15" methods="3" coveredmethods="3"/>
        <line num="5" count="109" type="cond" truecount="5" falsecount="0"/>
        <line num="6" count="5" type="stmt"/>
        <line num="9" count="104" type="cond" truecount="4" falsecount="0"/>
        <line num="10" count="1" type="stmt"/>
        <line num="13" count="103" type="stmt"/>
        <line num="14" count="103" type="stmt"/>
        <line num="24" count="81" type="cond" truecount="4" falsecount="1"/>
        <line num="25" count="0" type="stmt"/>
        <line num="28" count="81" type="stmt"/>
        <line num="30" count="22" type="stmt"/>
        <line num="35" count="69" type="stmt"/>
        <line num="39" count="40" type="stmt"/>
      </file>
    </package>
    <package name="src.utils">
      <metrics statements="165" coveredstatements="161" conditionals="106" coveredconditionals="96" methods="32" coveredmethods="31"/>
      <file name="api-error.js" path="C:\Users\insid\Desktop\VS code project\inside-home\src\utils\api-error.js">
        <metrics statements="1" coveredstatements="1" conditionals="0" coveredconditionals="0" methods="1" coveredmethods="1"/>
        <line num="2" count="132" type="stmt"/>
      </file>
      <file name="logger.js" path="C:\Users\insid\Desktop\VS code project\inside-home\src\utils\logger.js">
        <metrics statements="24" coveredstatements="22" conditionals="14" coveredconditionals="9" methods="8" coveredmethods="8"/>
        <line num="1" count="92" type="stmt"/>
        <line num="9" count="92" type="cond" truecount="1" falsecount="1"/>
        <line num="10" count="0" type="stmt"/>
        <line num="12" count="92" type="cond" truecount="1" falsecount="1"/>
        <line num="15" count="92" type="cond" truecount="1" falsecount="1"/>
        <line num="18" count="622" type="stmt"/>
        <line num="22" count="622" type="cond" truecount="1" falsecount="1"/>
        <line num="23" count="622" type="stmt"/>
        <line num="24" count="622" type="stmt"/>
        <line num="26" count="0" type="stmt"/>
        <line num="31" count="622" type="cond" truecount="1" falsecount="1"/>
        <line num="32" count="622" type="stmt"/>
        <line num="34" count="622" type="cond" truecount="2" falsecount="0"/>
        <line num="35" count="90" type="stmt"/>
        <line num="36" count="90" type="stmt"/>
        <line num="39" count="532" type="cond" truecount="2" falsecount="0"/>
        <line num="40" count="134" type="stmt"/>
        <line num="41" count="134" type="stmt"/>
        <line num="44" count="398" type="stmt"/>
        <line num="47" count="92" type="stmt"/>
        <line num="49" count="273" type="stmt"/>
        <line num="52" count="125" type="stmt"/>
        <line num="55" count="134" type="stmt"/>
        <line num="58" count="90" type="stmt"/>
      </file>
      <file name="minor-units.js" path="C:\Users\insid\Desktop\VS code project\inside-home\src\utils\minor-units.js">
        <metrics statements="108" coveredstatements="106" conditionals="66" coveredconditionals="63" methods="17" coveredmethods="16"/>
        <line num="1" count="36" type="stmt"/>
        <line num="10" count="577" type="cond" truecount="1" falsecount="1"/>
        <line num="11" count="577" type="cond" truecount="4" falsecount="0"/>
        <line num="12" count="3" type="stmt"/>
        <line num="13" count="3" type="stmt"/>
        <line num="14" count="3" type="stmt"/>
        <line num="16" count="574" type="stmt"/>
        <line num="20" count="328" type="cond" truecount="2" falsecount="0"/>
        <line num="21" count="328" type="cond" truecount="2" falsecount="0"/>
        <line num="22" count="10" type="stmt"/>
        <line num="23" count="10" type="stmt"/>
        <line num="24" count="10" type="stmt"/>
        <line num="27" count="318" type="cond" truecount="2" falsecount="0"/>
        <line num="28" count="318" type="stmt"/>
        <line num="29" count="318" type="cond" truecount="1" falsecount="0"/>
        <line num="30" count="318" type="stmt"/>
        <line num="34" count="442" type="cond" truecount="2" falsecount="0"/>
        <line num="35" count="3" type="stmt"/>
        <line num="36" count="3" type="stmt"/>
        <line num="37" count="3" type="stmt"/>
        <line num="42" count="330" type="stmt"/>
        <line num="43" count="328" type="stmt"/>
        <line num="44" count="328" type="stmt"/>
        <line num="46" count="318" type="cond" truecount="2" falsecount="0"/>
        <line num="47" count="3" type="stmt"/>
        <line num="48" count="3" type="stmt"/>
        <line num="49" count="3" type="stmt"/>
        <line num="52" count="315" type="stmt"/>
        <line num="53" count="315" type="cond" truecount="2" falsecount="0"/>
        <line num="54" count="315" type="cond" truecount="1" falsecount="1"/>
        <line num="56" count="315" type="stmt"/>
        <line num="57" count="315" type="cond" truecount="2" falsecount="0"/>
        <line num="58" count="285" type="stmt"/>
        <line num="61" count="315" type="cond" truecount="2" falsecount="0"/>
        <line num="62" count="3" type="stmt"/>
        <line num="65" count="315" type="cond" truecount="2" falsecount="0"/>
        <line num="66" count="1" type="stmt"/>
        <line num="67" count="1" type="stmt"/>
        <line num="68" count="1" type="stmt"/>
        <line num="71" count="314" type="stmt"/>
        <line num="75" count="247" type="stmt"/>
        <line num="76" count="246" type="stmt"/>
        <line num="78" count="246" type="cond" truecount="2" falsecount="0"/>
        <line num="79" count="246" type="cond" truecount="2" falsecount="0"/>
        <line num="80" count="246" type="cond" truecount="4" falsecount="0"/>
        <line num="81" count="8" type="stmt"/>
        <line num="82" count="8" type="stmt"/>
        <line num="83" count="8" type="stmt"/>
        <line num="86" count="238" type="cond" truecount="2" falsecount="0"/>
        <line num="87" count="236" type="stmt"/>
        <line num="90" count="237" type="cond" truecount="2" falsecount="0"/>
        <line num="91" count="28" type="stmt"/>
        <line num="94" count="209" type="stmt"/>
        <line num="95" count="209" type="stmt"/>
        <line num="96" count="209" type="stmt"/>
        <line num="97" count="209" type="stmt"/>
        <line num="101" count="0" type="stmt"/>
        <line num="102" count="0" type="stmt"/>
        <line num="106" count="339" type="cond" truecount="4" falsecount="0"/>
        <line num="107" count="6" type="stmt"/>
        <line num="108" count="6" type="stmt"/>
        <line num="109" count="6" type="stmt"/>
        <line num="114" count="106" type="cond" truecount="4" falsecount="0"/>
        <line num="115" count="3" type="stmt"/>
        <line num="116" count="3" type="stmt"/>
        <line num="117" count="3" type="stmt"/>
        <line num="122" count="98" type="stmt"/>
        <line num="123" count="96" type="stmt"/>
        <line num="124" count="94" type="stmt"/>
        <line num="125" count="94" type="stmt"/>
        <line num="126" count="93" type="stmt"/>
        <line num="130" count="99" type="stmt"/>
        <line num="131" count="115" type="stmt"/>
        <line num="132" count="115" type="stmt"/>
        <line num="133" count="112" type="stmt"/>
        <line num="134" count="112" type="stmt"/>
        <line num="135" count="111" type="stmt"/>
        <line num="140" count="11" type="stmt"/>
        <line num="141" count="10" type="stmt"/>
        <line num="142" count="9" type="cond" truecount="4" falsecount="0"/>
        <line num="143" count="3" type="stmt"/>
        <line num="144" count="3" type="stmt"/>
        <line num="145" count="3" type="stmt"/>
        <line num="148" count="6" type="stmt"/>
        <line num="149" count="6" type="stmt"/>
        <line num="150" count="6" type="stmt"/>
        <line num="151" count="6" type="stmt"/>
        <line num="152" count="6" type="cond" truecount="2" falsecount="0"/>
        <line num="154" count="6" type="cond" truecount="2" falsecount="0"/>
        <line num="155" count="1" type="stmt"/>
        <line num="156" count="1" type="stmt"/>
        <line num="157" count="1" type="stmt"/>
        <line num="160" count="5" type="stmt"/>
        <line num="164" count="18" type="cond" truecount="4" falsecount="0"/>
        <line num="165" count="4" type="stmt"/>
        <line num="166" count="4" type="stmt"/>
        <line num="167" count="4" type="stmt"/>
        <line num="172" count="2" type="cond" truecount="4" falsecount="0"/>
        <line num="173" count="1" type="stmt"/>
        <line num="174" count="1" type="stmt"/>
        <line num="175" count="1" type="stmt"/>
        <line num="180" count="4" type="stmt"/>
        <line num="181" count="2" type="stmt"/>
        <line num="182" count="1" type="stmt"/>
        <line num="186" count="3" type="stmt"/>
        <line num="187" count="7" type="stmt"/>
        <line num="188" count="7" type="stmt"/>
        <line num="189" count="5" type="stmt"/>
      </file>
      <file name="strict-monetary-json.js" path="C:\Users\insid\Desktop\VS code project\inside-home\src\utils\strict-monetary-json.js">
        <metrics statements="32" coveredstatements="32" conditionals="26" coveredconditionals="24" methods="6" coveredmethods="6"/>
        <line num="1" count="33" type="stmt"/>
        <line num="14" count="1033" type="cond" truecount="3" falsecount="0"/>
        <line num="18" count="13" type="cond" truecount="1" falsecount="1"/>
        <line num="19" count="13" type="stmt"/>
        <line num="20" count="13" type="stmt"/>
        <line num="24" count="46" type="cond" truecount="2" falsecount="0"/>
        <line num="25" count="5" type="stmt"/>
        <line num="28" count="41" type="cond" truecount="2" falsecount="0"/>
        <line num="29" count="1" type="stmt"/>
        <line num="32" count="40" type="cond" truecount="2" falsecount="0"/>
        <line num="33" count="1" type="stmt"/>
        <line num="36" count="39" type="cond" truecount="2" falsecount="0"/>
        <line num="37" count="4" type="stmt"/>
        <line num="40" count="35" type="cond" truecount="2" falsecount="0"/>
        <line num="41" count="2" type="stmt"/>
        <line num="46" count="1034" type="cond" truecount="2" falsecount="0"/>
        <line num="47" count="2" type="stmt"/>
        <line num="48" count="1" type="stmt"/>
        <line num="51" count="1033" type="cond" truecount="2" falsecount="0"/>
        <line num="52" count="695" type="stmt"/>
        <line num="55" count="338" type="stmt"/>
        <line num="56" count="952" type="stmt"/>
        <line num="57" count="952" type="cond" truecount="5" falsecount="0"/>
        <line num="58" count="46" type="stmt"/>
        <line num="60" count="939" type="stmt"/>
        <line num="66" count="100" type="stmt"/>
        <line num="67" count="100" type="stmt"/>
        <line num="69" count="8" type="stmt"/>
        <line num="70" count="8" type="stmt"/>
        <line num="71" count="8" type="stmt"/>
        <line num="74" count="92" type="stmt"/>
        <line num="75" count="79" type="stmt"/>
      </file>
    </package>
    <package name="src.validation">
      <metrics statements="27" coveredstatements="27" conditionals="23" coveredconditionals="22" methods="5" coveredmethods="5"/>
      <file name="strict-validate.middleware.js" path="C:\Users\insid\Desktop\VS code project\inside-home\src\validation\strict-validate.middleware.js">
        <metrics statements="10" coveredstatements="10" conditionals="5" coveredconditionals="5" methods="2" coveredmethods="2"/>
        <line num="3" count="28" type="stmt"/>
        <line num="6" count="521" type="cond" truecount="2" falsecount="0"/>
        <line num="7" count="1" type="stmt"/>
        <line num="10" count="520" type="stmt"/>
        <line num="11" count="165" type="stmt"/>
        <line num="12" count="165" type="stmt"/>
        <line num="13" count="141" type="stmt"/>
        <line num="15" count="24" type="cond" truecount="2" falsecount="0"/>
        <line num="16" count="23" type="stmt"/>
        <line num="26" count="1" type="stmt"/>
      </file>
      <file name="validate.middleware.js" path="C:\Users\insid\Desktop\VS code project\inside-home\src\validation\validate.middleware.js">
        <metrics statements="17" coveredstatements="17" conditionals="18" coveredconditionals="17" methods="3" coveredmethods="3"/>
        <line num="4" count="32" type="stmt"/>
        <line num="7" count="17" type="cond" truecount="3" falsecount="0"/>
        <line num="11" count="132" type="cond" truecount="2" falsecount="0"/>
        <line num="12" count="1" type="stmt"/>
        <line num="15" count="131" type="stmt"/>
        <line num="16" count="20" type="stmt"/>
        <line num="17" count="20" type="cond" truecount="2" falsecount="0"/>
        <line num="18" count="19" type="cond" truecount="1" falsecount="1"/>
        <line num="19" count="19" type="cond" truecount="4" falsecount="0"/>
        <line num="20" count="2" type="stmt"/>
        <line num="23" count="17" type="cond" truecount="2" falsecount="0"/>
        <line num="24" count="1" type="stmt"/>
        <line num="28" count="17" type="stmt"/>
        <line num="29" count="1" type="stmt"/>
        <line num="31" count="16" type="cond" truecount="2" falsecount="0"/>
        <line num="32" count="15" type="stmt"/>
        <line num="34" count="1" type="stmt"/>
      </file>
    </package>
    <package name="src.validation.schemas">
      <metrics statements="27" coveredstatements="27" conditionals="2" coveredconditionals="2" methods="2" coveredmethods="2"/>
      <file name="analytics.schema.js" path="C:\Users\insid\Desktop\VS code project\inside-home\src\validation\schemas\analytics.schema.js">
        <metrics statements="1" coveredstatements="1" conditionals="0" coveredconditionals="0" methods="0" coveredmethods="0"/>
        <line num="3" count="33" type="stmt"/>
      </file>
      <file name="auth.schema.js" path="C:\Users\insid\Desktop\VS code project\inside-home\src\validation\schemas\auth.schema.js">
        <metrics statements="8" coveredstatements="8" conditionals="0" coveredconditionals="0" methods="0" coveredmethods="0"/>
        <line num="3" count="33" type="stmt"/>
        <line num="4" count="33" type="stmt"/>
        <line num="5" count="33" type="stmt"/>
        <line num="7" count="33" type="stmt"/>
        <line num="13" count="33" type="stmt"/>
        <line num="17" count="33" type="stmt"/>
        <line num="28" count="33" type="stmt"/>
        <line num="35" count="33" type="stmt"/>
      </file>
      <file name="cart.schema.js" path="C:\Users\insid\Desktop\VS code project\inside-home\src\validation\schemas\cart.schema.js">
        <metrics statements="5" coveredstatements="5" conditionals="0" coveredconditionals="0" methods="0" coveredmethods="0"/>
        <line num="3" count="33" type="stmt"/>
        <line num="8" count="33" type="stmt"/>
        <line num="10" count="33" type="stmt"/>
        <line num="22" count="33" type="stmt"/>
        <line num="26" count="33" type="stmt"/>
      </file>
      <file name="checkout.schema.js" path="C:\Users\insid\Desktop\VS code project\inside-home\src\validation\schemas\checkout.schema.js">
        <metrics statements="3" coveredstatements="3" conditionals="0" coveredconditionals="0" methods="0" coveredmethods="0"/>
        <line num="3" count="34" type="stmt"/>
        <line num="8" count="34" type="stmt"/>
        <line num="16" count="34" type="stmt"/>
      </file>
      <file name="common.schema.js" path="C:\Users\insid\Desktop\VS code project\inside-home\src\validation\schemas\common.schema.js">
        <metrics statements="0" coveredstatements="0" conditionals="0" coveredconditionals="0" methods="0" coveredmethods="0"/>
      </file>
      <file name="index.js" path="C:\Users\insid\Desktop\VS code project\inside-home\src\validation\schemas\index.js">
        <metrics statements="0" coveredstatements="0" conditionals="0" coveredconditionals="0" methods="0" coveredmethods="0"/>
      </file>
      <file name="leads.schema.js" path="C:\Users\insid\Desktop\VS code project\inside-home\src\validation\schemas\leads.schema.js">
        <metrics statements="2" coveredstatements="2" conditionals="0" coveredconditionals="0" methods="0" coveredmethods="0"/>
        <line num="3" count="33" type="stmt"/>
        <line num="22" count="33" type="stmt"/>
      </file>
      <file name="orders.schema.js" path="C:\Users\insid\Desktop\VS code project\inside-home\src\validation\schemas\orders.schema.js">
        <metrics statements="3" coveredstatements="3" conditionals="2" coveredconditionals="2" methods="1" coveredmethods="1"/>
        <line num="4" count="34" type="stmt"/>
        <line num="6" count="34" type="stmt"/>
        <line num="20" count="5" type="cond" truecount="2" falsecount="0"/>
      </file>
      <file name="payments.schema.js" path="C:\Users\insid\Desktop\VS code project\inside-home\src\validation\schemas\payments.schema.js">
        <metrics statements="2" coveredstatements="2" conditionals="0" coveredconditionals="0" methods="0" coveredmethods="0"/>
        <line num="4" count="33" type="stmt"/>
        <line num="6" count="33" type="stmt"/>
      </file>
      <file name="products.schema.js" path="C:\Users\insid\Desktop\VS code project\inside-home\src\validation\schemas\products.schema.js">
        <metrics statements="3" coveredstatements="3" conditionals="0" coveredconditionals="0" methods="1" coveredmethods="1"/>
        <line num="3" count="33" type="stmt"/>
        <line num="22" count="33" type="stmt"/>
        <line num="24" count="33" type="stmt"/>
      </file>
    </package>
  </project>
</coverage>
