{"C:\\Users\\insid\\Desktop\\VS code project\\inside-home\\src\\app.js": {"path":"C:\\Users\\insid\\Desktop\\VS code project\\inside-home\\src\\app.js","statementMap":{"0":{"start":{"line":21,"column":12},"end":{"line":21,"column":21}},"1":{"start":{"line":23,"column":0},"end":{"line":23,"column":25}},"2":{"start":{"line":24,"column":0},"end":{"line":24,"column":24}},"3":{"start":{"line":25,"column":0},"end":{"line":25,"column":119}},"4":{"start":{"line":26,"column":0},"end":{"line":26,"column":119}},"5":{"start":{"line":27,"column":0},"end":{"line":27,"column":24}},"6":{"start":{"line":28,"column":0},"end":{"line":28,"column":22}},"7":{"start":{"line":29,"column":0},"end":{"line":29,"column":24}},"8":{"start":{"line":30,"column":0},"end":{"line":30,"column":23}},"9":{"start":{"line":32,"column":0},"end":{"line":39,"column":3}},"10":{"start":{"line":33,"column":2},"end":{"line":38,"column":5}},"11":{"start":{"line":41,"column":0},"end":{"line":52,"column":3}},"12":{"start":{"line":42,"column":16},"end":{"line":42,"column":49}},"13":{"start":{"line":43,"column":17},"end":{"line":43,"column":42}},"14":{"start":{"line":44,"column":2},"end":{"line":51,"column":5}},"15":{"start":{"line":54,"column":0},"end":{"line":54,"column":32}},"16":{"start":{"line":55,"column":0},"end":{"line":55,"column":33}},"17":{"start":{"line":56,"column":0},"end":{"line":56,"column":41}},"18":{"start":{"line":57,"column":0},"end":{"line":57,"column":33}},"19":{"start":{"line":58,"column":0},"end":{"line":58,"column":37}},"20":{"start":{"line":59,"column":0},"end":{"line":59,"column":41}},"21":{"start":{"line":60,"column":0},"end":{"line":60,"column":35}},"22":{"start":{"line":61,"column":0},"end":{"line":61,"column":43}},"23":{"start":{"line":62,"column":0},"end":{"line":62,"column":41}},"24":{"start":{"line":63,"column":0},"end":{"line":63,"column":36}},"25":{"start":{"line":64,"column":0},"end":{"line":64,"column":35}},"26":{"start":{"line":66,"column":0},"end":{"line":66,"column":22}}},"fnMap":{"0":{"name":"(anonymous_0)","decl":{"start":{"line":32,"column":23},"end":{"line":32,"column":24}},"loc":{"start":{"line":32,"column":37},"end":{"line":39,"column":1}},"line":32},"1":{"name":"(anonymous_1)","decl":{"start":{"line":41,"column":20},"end":{"line":41,"column":21}},"loc":{"start":{"line":41,"column":41},"end":{"line":52,"column":1}},"line":41}},"branchMap":{"0":{"loc":{"start":{"line":43,"column":17},"end":{"line":43,"column":42}},"type":"cond-expr","locations":[{"start":{"line":43,"column":25},"end":{"line":43,"column":29}},{"start":{"line":43,"column":32},"end":{"line":43,"column":42}}],"line":43},"1":{"loc":{"start":{"line":44,"column":20},"end":{"line":44,"column":37}},"type":"cond-expr","locations":[{"start":{"line":44,"column":28},"end":{"line":44,"column":31}},{"start":{"line":44,"column":34},"end":{"line":44,"column":37}}],"line":44}},"s":{"0":27,"1":27,"2":27,"3":27,"4":27,"5":27,"6":27,"7":27,"8":27,"9":27,"10":1,"11":27,"12":2,"13":2,"14":2,"15":27,"16":27,"17":27,"18":27,"19":27,"20":27,"21":27,"22":27,"23":27,"24":27,"25":27,"26":27},"f":{"0":1,"1":2},"b":{"0":[1,1],"1":[1,1]},"_coverageSchema":"1a1c01bbd47fc00a2c39e90264f33305004495a9","hash":"19f2764c3d4f1fbf7bbdec82581c3461a2222d60"}
,"C:\\Users\\insid\\Desktop\\VS code project\\inside-home\\src\\config\\boot-infrastructure.js": {"path":"C:\\Users\\insid\\Desktop\\VS code project\\inside-home\\src\\config\\boot-infrastructure.js","statementMap":{"0":{"start":{"line":7,"column":2},"end":{"line":7,"column":39}},"1":{"start":{"line":11,"column":2},"end":{"line":13,"column":3}},"2":{"start":{"line":12,"column":4},"end":{"line":12,"column":25}},"3":{"start":{"line":14,"column":2},"end":{"line":14,"column":19}},"4":{"start":{"line":22,"column":4},"end":{"line":22,"column":28}},"5":{"start":{"line":23,"column":4},"end":{"line":25,"column":5}},"6":{"start":{"line":24,"column":6},"end":{"line":24,"column":47}},"7":{"start":{"line":31,"column":2},"end":{"line":33,"column":3}},"8":{"start":{"line":32,"column":4},"end":{"line":32,"column":24}},"9":{"start":{"line":35,"column":2},"end":{"line":59,"column":3}},"10":{"start":{"line":36,"column":24},"end":{"line":36,"column":67}},"11":{"start":{"line":37,"column":4},"end":{"line":39,"column":5}},"12":{"start":{"line":38,"column":6},"end":{"line":38,"column":50}},"13":{"start":{"line":41,"column":4},"end":{"line":43,"column":5}},"14":{"start":{"line":42,"column":6},"end":{"line":42,"column":33}},"15":{"start":{"line":45,"column":4},"end":{"line":45,"column":24}},"16":{"start":{"line":46,"column":4},"end":{"line":46,"column":22}},"17":{"start":{"line":48,"column":4},"end":{"line":48,"column":24}},"18":{"start":{"line":50,"column":20},"end":{"line":50,"column":43}},"19":{"start":{"line":51,"column":4},"end":{"line":55,"column":7}},"20":{"start":{"line":56,"column":4},"end":{"line":56,"column":73}},"21":{"start":{"line":57,"column":4},"end":{"line":57,"column":12}},"22":{"start":{"line":58,"column":4},"end":{"line":58,"column":25}}},"fnMap":{"0":{"name":"isProduction","decl":{"start":{"line":6,"column":9},"end":{"line":6,"column":21}},"loc":{"start":{"line":6,"column":41},"end":{"line":8,"column":1}},"line":6},"1":{"name":"readErrorMessage","decl":{"start":{"line":10,"column":9},"end":{"line":10,"column":25}},"loc":{"start":{"line":10,"column":33},"end":{"line":15,"column":1}},"line":10},"2":{"name":"assertProductionInfrastructureOrExit","decl":{"start":{"line":17,"column":22},"end":{"line":17,"column":58}},"loc":{"start":{"line":30,"column":8},"end":{"line":60,"column":1}},"line":30},"3":{"name":"(anonymous_3)","decl":{"start":{"line":21,"column":14},"end":{"line":21,"column":15}},"loc":{"start":{"line":21,"column":26},"end":{"line":26,"column":3}},"line":21}},"branchMap":{"0":{"loc":{"start":{"line":6,"column":22},"end":{"line":6,"column":39}},"type":"default-arg","locations":[{"start":{"line":6,"column":28},"end":{"line":6,"column":39}}],"line":6},"1":{"loc":{"start":{"line":11,"column":2},"end":{"line":13,"column":3}},"type":"if","locations":[{"start":{"line":11,"column":2},"end":{"line":13,"column":3}},{"start":{},"end":{}}],"line":11},"2":{"loc":{"start":{"line":11,"column":6},"end":{"line":11,"column":89}},"type":"binary-expr","locations":[{"start":{"line":11,"column":6},"end":{"line":11,"column":28}},{"start":{"line":11,"column":32},"end":{"line":11,"column":65}},{"start":{"line":11,"column":69},"end":{"line":11,"column":89}}],"line":11},"3":{"loc":{"start":{"line":17,"column":59},"end":{"line":30,"column":6}},"type":"default-arg","locations":[{"start":{"line":30,"column":4},"end":{"line":30,"column":6}}],"line":17},"4":{"loc":{"start":{"line":18,"column":2},"end":{"line":18,"column":19}},"type":"default-arg","locations":[{"start":{"line":18,"column":8},"end":{"line":18,"column":19}}],"line":18},"5":{"loc":{"start":{"line":19,"column":2},"end":{"line":19,"column":41}},"type":"default-arg","locations":[{"start":{"line":19,"column":17},"end":{"line":19,"column":41}}],"line":19},"6":{"loc":{"start":{"line":20,"column":2},"end":{"line":20,"column":48}},"type":"default-arg","locations":[{"start":{"line":20,"column":16},"end":{"line":20,"column":48}}],"line":20},"7":{"loc":{"start":{"line":21,"column":2},"end":{"line":26,"column":3}},"type":"default-arg","locations":[{"start":{"line":21,"column":14},"end":{"line":26,"column":3}}],"line":21},"8":{"loc":{"start":{"line":23,"column":4},"end":{"line":25,"column":5}},"type":"if","locations":[{"start":{"line":23,"column":4},"end":{"line":25,"column":5}},{"start":{},"end":{}}],"line":23},"9":{"loc":{"start":{"line":28,"column":2},"end":{"line":28,"column":24}},"type":"default-arg","locations":[{"start":{"line":28,"column":12},"end":{"line":28,"column":24}}],"line":28},"10":{"loc":{"start":{"line":29,"column":2},"end":{"line":29,"column":21}},"type":"default-arg","locations":[{"start":{"line":29,"column":9},"end":{"line":29,"column":21}}],"line":29},"11":{"loc":{"start":{"line":31,"column":2},"end":{"line":33,"column":3}},"type":"if","locations":[{"start":{"line":31,"column":2},"end":{"line":33,"column":3}},{"start":{},"end":{}}],"line":31},"12":{"loc":{"start":{"line":37,"column":4},"end":{"line":39,"column":5}},"type":"if","locations":[{"start":{"line":37,"column":4},"end":{"line":39,"column":5}},{"start":{},"end":{}}],"line":37},"13":{"loc":{"start":{"line":41,"column":4},"end":{"line":43,"column":5}},"type":"if","locations":[{"start":{"line":41,"column":4},"end":{"line":43,"column":5}},{"start":{},"end":{}}],"line":41}},"s":{"0":5,"1":3,"2":2,"3":1,"4":0,"5":0,"6":0,"7":5,"8":1,"9":4,"10":4,"11":3,"12":1,"13":2,"14":1,"15":2,"16":2,"17":1,"18":3,"19":3,"20":3,"21":3,"22":3},"f":{"0":5,"1":3,"2":5,"3":0},"b":{"0":[0],"1":[2,1],"2":[3,2,2],"3":[0],"4":[0],"5":[0],"6":[0],"7":[0],"8":[0,0],"9":[0],"10":[0],"11":[1,4],"12":[1,2],"13":[1,1]},"_coverageSchema":"1a1c01bbd47fc00a2c39e90264f33305004495a9","hash":"b7e5b3b5bddc2558c9b15fae496f2fc722b2aa0b"}
,"C:\\Users\\insid\\Desktop\\VS code project\\inside-home\\src\\config\\boot-validation.js": {"path":"C:\\Users\\insid\\Desktop\\VS code project\\inside-home\\src\\config\\boot-validation.js","statementMap":{"0":{"start":{"line":5,"column":2},"end":{"line":5,"column":39}},"1":{"start":{"line":9,"column":2},"end":{"line":9,"column":34}},"2":{"start":{"line":9,"column":21},"end":{"line":9,"column":34}},"3":{"start":{"line":10,"column":21},"end":{"line":10,"column":55}},"4":{"start":{"line":11,"column":2},"end":{"line":11,"column":57}},"5":{"start":{"line":15,"column":2},"end":{"line":18,"column":21}},"6":{"start":{"line":17,"column":21},"end":{"line":17,"column":34}},"7":{"start":{"line":22,"column":2},"end":{"line":22,"column":46}},"8":{"start":{"line":22,"column":33},"end":{"line":22,"column":46}},"9":{"start":{"line":24,"column":2},"end":{"line":29,"column":3}},"10":{"start":{"line":25,"column":19},"end":{"line":25,"column":34}},"11":{"start":{"line":26,"column":4},"end":{"line":26,"column":57}},"12":{"start":{"line":28,"column":4},"end":{"line":28,"column":17}},"13":{"start":{"line":33,"column":17},"end":{"line":33,"column":19}},"14":{"start":{"line":34,"column":26},"end":{"line":34,"column":60}},"15":{"start":{"line":35,"column":24},"end":{"line":35,"column":56}},"16":{"start":{"line":37,"column":2},"end":{"line":37,"column":52}},"17":{"start":{"line":39,"column":2},"end":{"line":41,"column":3}},"18":{"start":{"line":40,"column":4},"end":{"line":40,"column":45}},"19":{"start":{"line":43,"column":2},"end":{"line":45,"column":3}},"20":{"start":{"line":44,"column":4},"end":{"line":44,"column":54}},"21":{"start":{"line":47,"column":2},"end":{"line":49,"column":3}},"22":{"start":{"line":48,"column":4},"end":{"line":48,"column":45}},"23":{"start":{"line":51,"column":2},"end":{"line":53,"column":3}},"24":{"start":{"line":52,"column":4},"end":{"line":52,"column":41}},"25":{"start":{"line":55,"column":2},"end":{"line":57,"column":3}},"26":{"start":{"line":56,"column":4},"end":{"line":56,"column":42}},"27":{"start":{"line":59,"column":2},"end":{"line":61,"column":3}},"28":{"start":{"line":60,"column":4},"end":{"line":60,"column":44}},"29":{"start":{"line":63,"column":2},"end":{"line":65,"column":3}},"30":{"start":{"line":64,"column":4},"end":{"line":64,"column":72}},"31":{"start":{"line":67,"column":2},"end":{"line":69,"column":3}},"32":{"start":{"line":68,"column":4},"end":{"line":68,"column":70}},"33":{"start":{"line":71,"column":22},"end":{"line":71,"column":57}},"34":{"start":{"line":72,"column":2},"end":{"line":74,"column":3}},"35":{"start":{"line":73,"column":4},"end":{"line":73,"column":63}},"36":{"start":{"line":76,"column":2},"end":{"line":80,"column":3}},"37":{"start":{"line":77,"column":4},"end":{"line":79,"column":5}},"38":{"start":{"line":78,"column":6},"end":{"line":78,"column":71}},"39":{"start":{"line":82,"column":2},"end":{"line":85,"column":4}},"40":{"start":{"line":89,"column":2},"end":{"line":89,"column":33}},"41":{"start":{"line":89,"column":26},"end":{"line":89,"column":33}},"42":{"start":{"line":91,"column":17},"end":{"line":91,"column":40}},"43":{"start":{"line":92,"column":2},"end":{"line":92,"column":27}},"44":{"start":{"line":92,"column":20},"end":{"line":92,"column":27}},"45":{"start":{"line":94,"column":2},"end":{"line":96,"column":5}},"46":{"start":{"line":98,"column":2},"end":{"line":98,"column":18}}},"fnMap":{"0":{"name":"isProduction","decl":{"start":{"line":4,"column":9},"end":{"line":4,"column":21}},"loc":{"start":{"line":4,"column":41},"end":{"line":6,"column":1}},"line":4},"1":{"name":"parseBoolean","decl":{"start":{"line":8,"column":9},"end":{"line":8,"column":21}},"loc":{"start":{"line":8,"column":29},"end":{"line":12,"column":1}},"line":8},"2":{"name":"parseCorsWhitelist","decl":{"start":{"line":14,"column":9},"end":{"line":14,"column":27}},"loc":{"start":{"line":14,"column":35},"end":{"line":19,"column":1}},"line":14},"3":{"name":"(anonymous_3)","decl":{"start":{"line":17,"column":9},"end":{"line":17,"column":10}},"loc":{"start":{"line":17,"column":21},"end":{"line":17,"column":34}},"line":17},"4":{"name":"hasValidCorsOrigin","decl":{"start":{"line":21,"column":9},"end":{"line":21,"column":27}},"loc":{"start":{"line":21,"column":36},"end":{"line":30,"column":1}},"line":21},"5":{"name":"validateBootConfig","decl":{"start":{"line":32,"column":16},"end":{"line":32,"column":34}},"loc":{"start":{"line":32,"column":54},"end":{"line":86,"column":1}},"line":32},"6":{"name":"assertProductionBootConfigOrExit","decl":{"start":{"line":88,"column":16},"end":{"line":88,"column":48}},"loc":{"start":{"line":88,"column":68},"end":{"line":99,"column":1}},"line":88}},"branchMap":{"0":{"loc":{"start":{"line":4,"column":22},"end":{"line":4,"column":39}},"type":"default-arg","locations":[{"start":{"line":4,"column":28},"end":{"line":4,"column":39}}],"line":4},"1":{"loc":{"start":{"line":9,"column":2},"end":{"line":9,"column":34}},"type":"if","locations":[{"start":{"line":9,"column":2},"end":{"line":9,"column":34}},{"start":{},"end":{}}],"line":9},"2":{"loc":{"start":{"line":15,"column":16},"end":{"line":15,"column":27}},"type":"binary-expr","locations":[{"start":{"line":15,"column":16},"end":{"line":15,"column":21}},{"start":{"line":15,"column":25},"end":{"line":15,"column":27}}],"line":15},"3":{"loc":{"start":{"line":22,"column":2},"end":{"line":22,"column":46}},"type":"if","locations":[{"start":{"line":22,"column":2},"end":{"line":22,"column":46}},{"start":{},"end":{}}],"line":22},"4":{"loc":{"start":{"line":22,"column":6},"end":{"line":22,"column":31}},"type":"binary-expr","locations":[{"start":{"line":22,"column":6},"end":{"line":22,"column":13}},{"start":{"line":22,"column":17},"end":{"line":22,"column":31}}],"line":22},"5":{"loc":{"start":{"line":32,"column":35},"end":{"line":32,"column":52}},"type":"default-arg","locations":[{"start":{"line":32,"column":41},"end":{"line":32,"column":52}}],"line":32},"6":{"loc":{"start":{"line":39,"column":2},"end":{"line":41,"column":3}},"type":"if","locations":[{"start":{"line":39,"column":2},"end":{"line":41,"column":3}},{"start":{},"end":{}}],"line":39},"7":{"loc":{"start":{"line":43,"column":2},"end":{"line":45,"column":3}},"type":"if","locations":[{"start":{"line":43,"column":2},"end":{"line":45,"column":3}},{"start":{},"end":{}}],"line":43},"8":{"loc":{"start":{"line":47,"column":2},"end":{"line":49,"column":3}},"type":"if","locations":[{"start":{"line":47,"column":2},"end":{"line":49,"column":3}},{"start":{},"end":{}}],"line":47},"9":{"loc":{"start":{"line":51,"column":2},"end":{"line":53,"column":3}},"type":"if","locations":[{"start":{"line":51,"column":2},"end":{"line":53,"column":3}},{"start":{},"end":{}}],"line":51},"10":{"loc":{"start":{"line":55,"column":2},"end":{"line":57,"column":3}},"type":"if","locations":[{"start":{"line":55,"column":2},"end":{"line":57,"column":3}},{"start":{},"end":{}}],"line":55},"11":{"loc":{"start":{"line":59,"column":2},"end":{"line":61,"column":3}},"type":"if","locations":[{"start":{"line":59,"column":2},"end":{"line":61,"column":3}},{"start":{},"end":{}}],"line":59},"12":{"loc":{"start":{"line":63,"column":2},"end":{"line":65,"column":3}},"type":"if","locations":[{"start":{"line":63,"column":2},"end":{"line":65,"column":3}},{"start":{},"end":{}}],"line":63},"13":{"loc":{"start":{"line":63,"column":6},"end":{"line":63,"column":43}},"type":"binary-expr","locations":[{"start":{"line":63,"column":6},"end":{"line":63,"column":21}},{"start":{"line":63,"column":25},"end":{"line":63,"column":43}}],"line":63},"14":{"loc":{"start":{"line":67,"column":2},"end":{"line":69,"column":3}},"type":"if","locations":[{"start":{"line":67,"column":2},"end":{"line":69,"column":3}},{"start":{},"end":{}}],"line":67},"15":{"loc":{"start":{"line":67,"column":6},"end":{"line":67,"column":41}},"type":"binary-expr","locations":[{"start":{"line":67,"column":6},"end":{"line":67,"column":19}},{"start":{"line":67,"column":23},"end":{"line":67,"column":41}}],"line":67},"16":{"loc":{"start":{"line":72,"column":2},"end":{"line":74,"column":3}},"type":"if","locations":[{"start":{"line":72,"column":2},"end":{"line":74,"column":3}},{"start":{},"end":{}}],"line":72},"17":{"loc":{"start":{"line":77,"column":4},"end":{"line":79,"column":5}},"type":"if","locations":[{"start":{"line":77,"column":4},"end":{"line":79,"column":5}},{"start":{},"end":{}}],"line":77},"18":{"loc":{"start":{"line":88,"column":49},"end":{"line":88,"column":66}},"type":"default-arg","locations":[{"start":{"line":88,"column":55},"end":{"line":88,"column":66}}],"line":88},"19":{"loc":{"start":{"line":89,"column":2},"end":{"line":89,"column":33}},"type":"if","locations":[{"start":{"line":89,"column":2},"end":{"line":89,"column":33}},{"start":{},"end":{}}],"line":89},"20":{"loc":{"start":{"line":92,"column":2},"end":{"line":92,"column":27}},"type":"if","locations":[{"start":{"line":92,"column":2},"end":{"line":92,"column":27}},{"start":{},"end":{}}],"line":92}},"s":{"0":4,"1":10,"2":8,"3":2,"4":2,"5":5,"6":5,"7":5,"8":1,"9":4,"10":4,"11":4,"12":0,"13":5,"14":5,"15":5,"16":5,"17":5,"18":5,"19":5,"20":2,"21":5,"22":5,"23":5,"24":1,"25":5,"26":1,"27":5,"28":1,"29":5,"30":1,"31":5,"32":1,"33":5,"34":5,"35":0,"36":5,"37":5,"38":1,"39":5,"40":4,"41":1,"42":3,"43":3,"44":0,"45":3,"46":3},"f":{"0":4,"1":10,"2":5,"3":5,"4":5,"5":5,"6":4},"b":{"0":[0],"1":[8,2],"2":[5,0],"3":[1,4],"4":[5,5],"5":[0],"6":[5,0],"7":[2,3],"8":[5,0],"9":[1,4],"10":[1,4],"11":[1,4],"12":[1,4],"13":[5,1],"14":[1,4],"15":[5,1],"16":[0,5],"17":[1,4],"18":[0],"19":[1,3],"20":[0,3]},"_coverageSchema":"1a1c01bbd47fc00a2c39e90264f33305004495a9","hash":"032bd23af2693fcd9918e1647588e48d923b30f7"}
,"C:\\Users\\insid\\Desktop\\VS code project\\inside-home\\src\\errors\\app-error.js": {"path":"C:\\Users\\insid\\Desktop\\VS code project\\inside-home\\src\\errors\\app-error.js","statementMap":{"0":{"start":{"line":8,"column":4},"end":{"line":8,"column":19}},"1":{"start":{"line":9,"column":4},"end":{"line":9,"column":38}},"2":{"start":{"line":10,"column":4},"end":{"line":10,"column":33}},"3":{"start":{"line":11,"column":4},"end":{"line":11,"column":21}},"4":{"start":{"line":12,"column":4},"end":{"line":12,"column":57}},"5":{"start":{"line":18,"column":4},"end":{"line":18,"column":69}},"6":{"start":{"line":24,"column":4},"end":{"line":24,"column":68}},"7":{"start":{"line":30,"column":4},"end":{"line":30,"column":68}},"8":{"start":{"line":36,"column":4},"end":{"line":36,"column":73}}},"fnMap":{"0":{"name":"(anonymous_0)","decl":{"start":{"line":2,"column":2},"end":{"line":2,"column":3}},"loc":{"start":{"line":7,"column":10},"end":{"line":13,"column":3}},"line":7},"1":{"name":"(anonymous_1)","decl":{"start":{"line":17,"column":2},"end":{"line":17,"column":3}},"loc":{"start":{"line":17,"column":65},"end":{"line":19,"column":3}},"line":17},"2":{"name":"(anonymous_2)","decl":{"start":{"line":23,"column":2},"end":{"line":23,"column":3}},"loc":{"start":{"line":23,"column":51},"end":{"line":25,"column":3}},"line":23},"3":{"name":"(anonymous_3)","decl":{"start":{"line":29,"column":2},"end":{"line":29,"column":3}},"loc":{"start":{"line":29,"column":60},"end":{"line":31,"column":3}},"line":29},"4":{"name":"(anonymous_4)","decl":{"start":{"line":35,"column":2},"end":{"line":35,"column":3}},"loc":{"start":{"line":35,"column":63},"end":{"line":37,"column":3}},"line":35}},"branchMap":{"0":{"loc":{"start":{"line":2,"column":14},"end":{"line":7,"column":8}},"type":"default-arg","locations":[{"start":{"line":7,"column":6},"end":{"line":7,"column":8}}],"line":2},"1":{"loc":{"start":{"line":3,"column":4},"end":{"line":3,"column":20}},"type":"default-arg","locations":[{"start":{"line":3,"column":17},"end":{"line":3,"column":20}}],"line":3},"2":{"loc":{"start":{"line":4,"column":4},"end":{"line":4,"column":27}},"type":"default-arg","locations":[{"start":{"line":4,"column":11},"end":{"line":4,"column":27}}],"line":4},"3":{"loc":{"start":{"line":5,"column":4},"end":{"line":5,"column":37}},"type":"default-arg","locations":[{"start":{"line":5,"column":14},"end":{"line":5,"column":37}}],"line":5},"4":{"loc":{"start":{"line":6,"column":4},"end":{"line":6,"column":16}},"type":"default-arg","locations":[{"start":{"line":6,"column":14},"end":{"line":6,"column":16}}],"line":6},"5":{"loc":{"start":{"line":12,"column":19},"end":{"line":12,"column":56}},"type":"cond-expr","locations":[{"start":{"line":12,"column":44},"end":{"line":12,"column":51}},{"start":{"line":12,"column":54},"end":{"line":12,"column":56}}],"line":12},"6":{"loc":{"start":{"line":17,"column":14},"end":{"line":17,"column":49}},"type":"default-arg","locations":[{"start":{"line":17,"column":24},"end":{"line":17,"column":49}}],"line":17},"7":{"loc":{"start":{"line":17,"column":51},"end":{"line":17,"column":63}},"type":"default-arg","locations":[{"start":{"line":17,"column":61},"end":{"line":17,"column":63}}],"line":17},"8":{"loc":{"start":{"line":23,"column":14},"end":{"line":23,"column":35}},"type":"default-arg","locations":[{"start":{"line":23,"column":24},"end":{"line":23,"column":35}}],"line":23},"9":{"loc":{"start":{"line":23,"column":37},"end":{"line":23,"column":49}},"type":"default-arg","locations":[{"start":{"line":23,"column":47},"end":{"line":23,"column":49}}],"line":23},"10":{"loc":{"start":{"line":29,"column":14},"end":{"line":29,"column":44}},"type":"default-arg","locations":[{"start":{"line":29,"column":24},"end":{"line":29,"column":44}}],"line":29},"11":{"loc":{"start":{"line":29,"column":46},"end":{"line":29,"column":58}},"type":"default-arg","locations":[{"start":{"line":29,"column":56},"end":{"line":29,"column":58}}],"line":29},"12":{"loc":{"start":{"line":35,"column":14},"end":{"line":35,"column":47}},"type":"default-arg","locations":[{"start":{"line":35,"column":24},"end":{"line":35,"column":47}}],"line":35},"13":{"loc":{"start":{"line":35,"column":49},"end":{"line":35,"column":61}},"type":"default-arg","locations":[{"start":{"line":35,"column":59},"end":{"line":35,"column":61}}],"line":35}},"s":{"0":39,"1":39,"2":39,"3":39,"4":39,"5":2,"6":2,"7":2,"8":2},"f":{"0":39,"1":2,"2":2,"3":2,"4":2},"b":{"0":[1],"1":[2],"2":[2],"3":[2],"4":[1],"5":[38,1],"6":[1],"7":[1],"8":[1],"9":[1],"10":[1],"11":[1],"12":[1],"13":[1]},"_coverageSchema":"1a1c01bbd47fc00a2c39e90264f33305004495a9","hash":"435f9f0d816b5f4f48d7fb3343f63d03b73d0c5b"}
,"C:\\Users\\insid\\Desktop\\VS code project\\inside-home\\src\\errors\\validation-error.js": {"path":"C:\\Users\\insid\\Desktop\\VS code project\\inside-home\\src\\errors\\validation-error.js","statementMap":{"0":{"start":{"line":5,"column":2},"end":{"line":7,"column":3}},"1":{"start":{"line":6,"column":4},"end":{"line":6,"column":21}},"2":{"start":{"line":8,"column":2},"end":{"line":8,"column":24}},"3":{"start":{"line":13,"column":4},"end":{"line":18,"column":7}},"4":{"start":{"line":22,"column":4},"end":{"line":24,"column":5}},"5":{"start":{"line":23,"column":6},"end":{"line":23,"column":35}},"6":{"start":{"line":26,"column":20},"end":{"line":29,"column":7}},"7":{"start":{"line":26,"column":49},"end":{"line":29,"column":5}},"8":{"start":{"line":31,"column":4},"end":{"line":31,"column":40}}},"fnMap":{"0":{"name":"toField","decl":{"start":{"line":4,"column":9},"end":{"line":4,"column":16}},"loc":{"start":{"line":4,"column":28},"end":{"line":9,"column":1}},"line":4},"1":{"name":"(anonymous_1)","decl":{"start":{"line":12,"column":2},"end":{"line":12,"column":3}},"loc":{"start":{"line":12,"column":65},"end":{"line":19,"column":3}},"line":12},"2":{"name":"(anonymous_2)","decl":{"start":{"line":21,"column":2},"end":{"line":21,"column":3}},"loc":{"start":{"line":21,"column":29},"end":{"line":32,"column":3}},"line":21},"3":{"name":"(anonymous_3)","decl":{"start":{"line":26,"column":37},"end":{"line":26,"column":38}},"loc":{"start":{"line":26,"column":49},"end":{"line":29,"column":5}},"line":26}},"branchMap":{"0":{"loc":{"start":{"line":4,"column":17},"end":{"line":4,"column":26}},"type":"default-arg","locations":[{"start":{"line":4,"column":24},"end":{"line":4,"column":26}}],"line":4},"1":{"loc":{"start":{"line":5,"column":2},"end":{"line":7,"column":3}},"type":"if","locations":[{"start":{"line":5,"column":2},"end":{"line":7,"column":3}},{"start":{},"end":{}}],"line":5},"2":{"loc":{"start":{"line":5,"column":6},"end":{"line":5,"column":47}},"type":"binary-expr","locations":[{"start":{"line":5,"column":6},"end":{"line":5,"column":26}},{"start":{"line":5,"column":30},"end":{"line":5,"column":47}}],"line":5},"3":{"loc":{"start":{"line":12,"column":14},"end":{"line":12,"column":26}},"type":"default-arg","locations":[{"start":{"line":12,"column":24},"end":{"line":12,"column":26}}],"line":12},"4":{"loc":{"start":{"line":12,"column":28},"end":{"line":12,"column":63}},"type":"default-arg","locations":[{"start":{"line":12,"column":38},"end":{"line":12,"column":63}}],"line":12},"5":{"loc":{"start":{"line":22,"column":4},"end":{"line":24,"column":5}},"type":"if","locations":[{"start":{"line":22,"column":4},"end":{"line":24,"column":5}},{"start":{},"end":{}}],"line":22}},"s":{"0":26,"1":5,"2":21,"3":26,"4":21,"5":2,"6":19,"7":26,"8":19},"f":{"0":26,"1":26,"2":21,"3":26},"b":{"0":[1],"1":[5,21],"2":[26,25],"3":[3],"4":[25],"5":[2,19]},"_coverageSchema":"1a1c01bbd47fc00a2c39e90264f33305004495a9","hash":"49818d7d9e2a97102a58e0976b513ce2d1fc9944"}
,"C:\\Users\\insid\\Desktop\\VS code project\\inside-home\\src\\lib\\critical-dependencies.js": {"path":"C:\\Users\\insid\\Desktop\\VS code project\\inside-home\\src\\lib\\critical-dependencies.js","statementMap":{"0":{"start":{"line":3,"column":24},"end":{"line":3,"column":125}},"1":{"start":{"line":6,"column":2},"end":{"line":6,"column":52}},"2":{"start":{"line":6,"column":40},"end":{"line":6,"column":52}},"3":{"start":{"line":7,"column":2},"end":{"line":7,"column":64}},"4":{"start":{"line":11,"column":2},"end":{"line":11,"column":46}},"5":{"start":{"line":11,"column":40},"end":{"line":11,"column":44}},"6":{"start":{"line":15,"column":2},"end":{"line":15,"column":51}},"7":{"start":{"line":15,"column":27},"end":{"line":15,"column":51}},"8":{"start":{"line":16,"column":2},"end":{"line":16,"column":57}},"9":{"start":{"line":16,"column":30},"end":{"line":16,"column":57}},"10":{"start":{"line":17,"column":2},"end":{"line":17,"column":67}},"11":{"start":{"line":17,"column":41},"end":{"line":17,"column":67}},"12":{"start":{"line":18,"column":2},"end":{"line":18,"column":30}}},"fnMap":{"0":{"name":"isDependencyUnavailableError","decl":{"start":{"line":5,"column":16},"end":{"line":5,"column":44}},"loc":{"start":{"line":5,"column":52},"end":{"line":8,"column":1}},"line":5},"1":{"name":"assertDatabaseReady","decl":{"start":{"line":10,"column":22},"end":{"line":10,"column":41}},"loc":{"start":{"line":10,"column":44},"end":{"line":12,"column":1}},"line":10},"2":{"name":"(anonymous_2)","decl":{"start":{"line":11,"column":28},"end":{"line":11,"column":29}},"loc":{"start":{"line":11,"column":40},"end":{"line":11,"column":44}},"line":11},"3":{"name":"getDependencyReasonCode","decl":{"start":{"line":14,"column":16},"end":{"line":14,"column":39}},"loc":{"start":{"line":14,"column":59},"end":{"line":19,"column":1}},"line":14}},"branchMap":{"0":{"loc":{"start":{"line":6,"column":2},"end":{"line":6,"column":52}},"type":"if","locations":[{"start":{"line":6,"column":2},"end":{"line":6,"column":52}},{"start":{},"end":{}}],"line":6},"1":{"loc":{"start":{"line":7,"column":9},"end":{"line":7,"column":63}},"type":"binary-expr","locations":[{"start":{"line":7,"column":9},"end":{"line":7,"column":34}},{"start":{"line":7,"column":38},"end":{"line":7,"column":63}}],"line":7},"2":{"loc":{"start":{"line":15,"column":2},"end":{"line":15,"column":51}},"type":"if","locations":[{"start":{"line":15,"column":2},"end":{"line":15,"column":51}},{"start":{},"end":{}}],"line":15},"3":{"loc":{"start":{"line":16,"column":2},"end":{"line":16,"column":57}},"type":"if","locations":[{"start":{"line":16,"column":2},"end":{"line":16,"column":57}},{"start":{},"end":{}}],"line":16},"4":{"loc":{"start":{"line":17,"column":2},"end":{"line":17,"column":67}},"type":"if","locations":[{"start":{"line":17,"column":2},"end":{"line":17,"column":67}},{"start":{},"end":{}}],"line":17}},"s":{"0":33,"1":23,"2":6,"3":17,"4":30,"5":27,"6":7,"7":1,"8":6,"9":4,"10":2,"11":2,"12":0},"f":{"0":23,"1":30,"2":27,"3":7},"b":{"0":[6,17],"1":[17,17],"2":[1,6],"3":[4,2],"4":[2,0]},"_coverageSchema":"1a1c01bbd47fc00a2c39e90264f33305004495a9","hash":"e1367bbf0e1a13bb1ec32d1211b1d1da212ad50e"}
,"C:\\Users\\insid\\Desktop\\VS code project\\inside-home\\src\\lib\\db-error.js": {"path":"C:\\Users\\insid\\Desktop\\VS code project\\inside-home\\src\\lib\\db-error.js","statementMap":{"0":{"start":{"line":4,"column":2},"end":{"line":9,"column":5}},"1":{"start":{"line":13,"column":2},"end":{"line":16,"column":3}},"2":{"start":{"line":14,"column":4},"end":{"line":14,"column":39}},"3":{"start":{"line":15,"column":4},"end":{"line":15,"column":16}},"4":{"start":{"line":18,"column":2},"end":{"line":25,"column":3}},"5":{"start":{"line":19,"column":4},"end":{"line":19,"column":39}},"6":{"start":{"line":21,"column":21},"end":{"line":21,"column":70}},"7":{"start":{"line":22,"column":4},"end":{"line":22,"column":30}},"8":{"start":{"line":23,"column":4},"end":{"line":23,"column":43}},"9":{"start":{"line":24,"column":4},"end":{"line":24,"column":19}},"10":{"start":{"line":27,"column":2},"end":{"line":34,"column":3}},"11":{"start":{"line":28,"column":4},"end":{"line":28,"column":39}},"12":{"start":{"line":30,"column":21},"end":{"line":30,"column":59}},"13":{"start":{"line":31,"column":4},"end":{"line":31,"column":30}},"14":{"start":{"line":32,"column":4},"end":{"line":32,"column":42}},"15":{"start":{"line":33,"column":4},"end":{"line":33,"column":19}},"16":{"start":{"line":36,"column":2},"end":{"line":36,"column":38}},"17":{"start":{"line":38,"column":18},"end":{"line":38,"column":56}},"18":{"start":{"line":39,"column":2},"end":{"line":39,"column":27}},"19":{"start":{"line":40,"column":2},"end":{"line":40,"column":39}},"20":{"start":{"line":41,"column":2},"end":{"line":41,"column":16}}},"fnMap":{"0":{"name":"logDbError","decl":{"start":{"line":3,"column":9},"end":{"line":3,"column":19}},"loc":{"start":{"line":3,"column":43},"end":{"line":10,"column":1}},"line":3},"1":{"name":"normalizeDbError","decl":{"start":{"line":12,"column":16},"end":{"line":12,"column":32}},"loc":{"start":{"line":12,"column":54},"end":{"line":42,"column":1}},"line":12}},"branchMap":{"0":{"loc":{"start":{"line":12,"column":40},"end":{"line":12,"column":52}},"type":"default-arg","locations":[{"start":{"line":12,"column":50},"end":{"line":12,"column":52}}],"line":12},"1":{"loc":{"start":{"line":13,"column":2},"end":{"line":16,"column":3}},"type":"if","locations":[{"start":{"line":13,"column":2},"end":{"line":16,"column":3}},{"start":{},"end":{}}],"line":13},"2":{"loc":{"start":{"line":13,"column":6},"end":{"line":13,"column":96}},"type":"binary-expr","locations":[{"start":{"line":13,"column":6},"end":{"line":13,"column":43}},{"start":{"line":13,"column":47},"end":{"line":13,"column":70}},{"start":{"line":13,"column":74},"end":{"line":13,"column":96}}],"line":13},"3":{"loc":{"start":{"line":18,"column":2},"end":{"line":25,"column":3}},"type":"if","locations":[{"start":{"line":18,"column":2},"end":{"line":25,"column":3}},{"start":{},"end":{}}],"line":18},"4":{"loc":{"start":{"line":27,"column":2},"end":{"line":34,"column":3}},"type":"if","locations":[{"start":{"line":27,"column":2},"end":{"line":34,"column":3}},{"start":{},"end":{}}],"line":27}},"s":{"0":74,"1":74,"2":59,"3":59,"4":15,"5":3,"6":3,"7":3,"8":3,"9":3,"10":12,"11":2,"12":2,"13":2,"14":2,"15":2,"16":10,"17":10,"18":10,"19":10,"20":10},"f":{"0":74,"1":74},"b":{"0":[1],"1":[59,15],"2":[74,59,59],"3":[3,12],"4":[2,10]},"_coverageSchema":"1a1c01bbd47fc00a2c39e90264f33305004495a9","hash":"dbebe9c10817356878fd0f78bff42dd28269f63a"}
,"C:\\Users\\insid\\Desktop\\VS code project\\inside-home\\src\\lib\\paypal.js": {"path":"C:\\Users\\insid\\Desktop\\VS code project\\inside-home\\src\\lib\\paypal.js","statementMap":{"0":{"start":{"line":1,"column":36},"end":{"line":1,"column":62}},"1":{"start":{"line":4,"column":16},"end":{"line":4,"column":33}},"2":{"start":{"line":5,"column":2},"end":{"line":9,"column":3}},"3":{"start":{"line":6,"column":18},"end":{"line":6,"column":77}},"4":{"start":{"line":7,"column":4},"end":{"line":7,"column":27}},"5":{"start":{"line":8,"column":4},"end":{"line":8,"column":16}},"6":{"start":{"line":11,"column":2},"end":{"line":11,"column":15}},"7":{"start":{"line":15,"column":19},"end":{"line":15,"column":53}},"8":{"start":{"line":16,"column":23},"end":{"line":16,"column":54}},"9":{"start":{"line":17,"column":18},"end":{"line":17,"column":80}},"10":{"start":{"line":19,"column":22},"end":{"line":19,"column":83}},"11":{"start":{"line":20,"column":19},"end":{"line":27,"column":4}},"12":{"start":{"line":29,"column":2},"end":{"line":33,"column":3}},"13":{"start":{"line":30,"column":18},"end":{"line":30,"column":69}},"14":{"start":{"line":31,"column":4},"end":{"line":31,"column":27}},"15":{"start":{"line":32,"column":4},"end":{"line":32,"column":16}},"16":{"start":{"line":35,"column":18},"end":{"line":35,"column":39}},"17":{"start":{"line":36,"column":2},"end":{"line":40,"column":3}},"18":{"start":{"line":37,"column":18},"end":{"line":37,"column":70}},"19":{"start":{"line":38,"column":4},"end":{"line":38,"column":27}},"20":{"start":{"line":39,"column":4},"end":{"line":39,"column":16}},"21":{"start":{"line":42,"column":2},"end":{"line":42,"column":30}},"22":{"start":{"line":46,"column":2},"end":{"line":52,"column":4}},"23":{"start":{"line":56,"column":19},"end":{"line":62,"column":3}},"24":{"start":{"line":64,"column":2},"end":{"line":64,"column":56}},"25":{"start":{"line":64,"column":33},"end":{"line":64,"column":54}},"26":{"start":{"line":68,"column":20},"end":{"line":68,"column":55}},"27":{"start":{"line":69,"column":18},"end":{"line":69,"column":80}},"28":{"start":{"line":70,"column":30},"end":{"line":70,"column":65}},"29":{"start":{"line":72,"column":2},"end":{"line":78,"column":3}},"30":{"start":{"line":73,"column":4},"end":{"line":77,"column":6}},"31":{"start":{"line":80,"column":22},"end":{"line":80,"column":44}},"32":{"start":{"line":82,"column":19},"end":{"line":93,"column":4}},"33":{"start":{"line":95,"column":2},"end":{"line":101,"column":3}},"34":{"start":{"line":96,"column":4},"end":{"line":100,"column":6}},"35":{"start":{"line":103,"column":18},"end":{"line":103,"column":39}},"36":{"start":{"line":104,"column":29},"end":{"line":104,"column":69}},"37":{"start":{"line":106,"column":2},"end":{"line":110,"column":4}},"38":{"start":{"line":113,"column":22},"end":{"line":117,"column":1}}},"fnMap":{"0":{"name":"getRequiredEnv","decl":{"start":{"line":3,"column":9},"end":{"line":3,"column":23}},"loc":{"start":{"line":3,"column":30},"end":{"line":12,"column":1}},"line":3},"1":{"name":"getAccessToken","decl":{"start":{"line":14,"column":15},"end":{"line":14,"column":29}},"loc":{"start":{"line":14,"column":32},"end":{"line":43,"column":1}},"line":14},"2":{"name":"parseVerificationHeaders","decl":{"start":{"line":45,"column":9},"end":{"line":45,"column":33}},"loc":{"start":{"line":45,"column":45},"end":{"line":53,"column":1}},"line":45},"3":{"name":"assertVerificationHeaders","decl":{"start":{"line":55,"column":9},"end":{"line":55,"column":34}},"loc":{"start":{"line":55,"column":44},"end":{"line":65,"column":1}},"line":55},"4":{"name":"(anonymous_4)","decl":{"start":{"line":64,"column":24},"end":{"line":64,"column":25}},"loc":{"start":{"line":64,"column":33},"end":{"line":64,"column":54}},"line":64},"5":{"name":"verifyWebhookSignature","decl":{"start":{"line":67,"column":15},"end":{"line":67,"column":37}},"loc":{"start":{"line":67,"column":67},"end":{"line":111,"column":1}},"line":67}},"branchMap":{"0":{"loc":{"start":{"line":5,"column":2},"end":{"line":9,"column":3}},"type":"if","locations":[{"start":{"line":5,"column":2},"end":{"line":9,"column":3}},{"start":{},"end":{}}],"line":5},"1":{"loc":{"start":{"line":17,"column":18},"end":{"line":17,"column":80}},"type":"binary-expr","locations":[{"start":{"line":17,"column":18},"end":{"line":17,"column":49}},{"start":{"line":17,"column":53},"end":{"line":17,"column":80}}],"line":17},"2":{"loc":{"start":{"line":29,"column":2},"end":{"line":33,"column":3}},"type":"if","locations":[{"start":{"line":29,"column":2},"end":{"line":33,"column":3}},{"start":{},"end":{}}],"line":29},"3":{"loc":{"start":{"line":36,"column":2},"end":{"line":40,"column":3}},"type":"if","locations":[{"start":{"line":36,"column":2},"end":{"line":40,"column":3}},{"start":{},"end":{}}],"line":36},"4":{"loc":{"start":{"line":69,"column":18},"end":{"line":69,"column":80}},"type":"binary-expr","locations":[{"start":{"line":69,"column":18},"end":{"line":69,"column":49}},{"start":{"line":69,"column":53},"end":{"line":69,"column":80}}],"line":69},"5":{"loc":{"start":{"line":72,"column":2},"end":{"line":78,"column":3}},"type":"if","locations":[{"start":{"line":72,"column":2},"end":{"line":78,"column":3}},{"start":{},"end":{}}],"line":72},"6":{"loc":{"start":{"line":95,"column":2},"end":{"line":101,"column":3}},"type":"if","locations":[{"start":{"line":95,"column":2},"end":{"line":101,"column":3}},{"start":{},"end":{}}],"line":95},"7":{"loc":{"start":{"line":104,"column":29},"end":{"line":104,"column":69}},"type":"binary-expr","locations":[{"start":{"line":104,"column":29},"end":{"line":104,"column":56}},{"start":{"line":104,"column":60},"end":{"line":104,"column":69}}],"line":104}},"s":{"0":28,"1":23,"2":23,"3":1,"4":1,"5":1,"6":22,"7":7,"8":7,"9":7,"10":7,"11":7,"12":7,"13":1,"14":1,"15":1,"16":6,"17":6,"18":1,"19":1,"20":1,"21":5,"22":8,"23":8,"24":8,"25":36,"26":9,"27":8,"28":8,"29":8,"30":1,"31":7,"32":5,"33":5,"34":1,"35":4,"36":4,"37":4,"38":28},"f":{"0":23,"1":7,"2":8,"3":8,"4":36,"5":9},"b":{"0":[1,22],"1":[7,1],"2":[1,6],"3":[1,5],"4":[8,1],"5":[1,7],"6":[1,4],"7":[4,1]},"_coverageSchema":"1a1c01bbd47fc00a2c39e90264f33305004495a9","hash":"264ffccad24b7f22788115deb10f19ed54349ea8"}
,"C:\\Users\\insid\\Desktop\\VS code project\\inside-home\\src\\lib\\prisma.js": {"path":"C:\\Users\\insid\\Desktop\\VS code project\\inside-home\\src\\lib\\prisma.js","statementMap":{"0":{"start":{"line":3,"column":24},"end":{"line":3,"column":34}},"1":{"start":{"line":6,"column":21},"end":{"line":33,"column":3}},"2":{"start":{"line":8,"column":28},"end":{"line":8,"column":30}},"3":{"start":{"line":9,"column":30},"end":{"line":9,"column":34}},"4":{"start":{"line":10,"column":29},"end":{"line":10,"column":33}},"5":{"start":{"line":11,"column":30},"end":{"line":11,"column":48}},"6":{"start":{"line":12,"column":30},"end":{"line":12,"column":48}},"7":{"start":{"line":13,"column":26},"end":{"line":13,"column":30}},"8":{"start":{"line":14,"column":30},"end":{"line":14,"column":50}},"9":{"start":{"line":15,"column":31},"end":{"line":15,"column":43}},"10":{"start":{"line":16,"column":31},"end":{"line":16,"column":43}},"11":{"start":{"line":17,"column":31},"end":{"line":17,"column":43}},"12":{"start":{"line":18,"column":25},"end":{"line":18,"column":26}},"13":{"start":{"line":22,"column":8},"end":{"line":24,"column":9}},"14":{"start":{"line":23,"column":10},"end":{"line":23,"column":41}},"15":{"start":{"line":26,"column":8},"end":{"line":28,"column":9}},"16":{"start":{"line":27,"column":10},"end":{"line":27,"column":47}},"17":{"start":{"line":27,"column":42},"end":{"line":27,"column":46}},"18":{"start":{"line":30,"column":8},"end":{"line":30,"column":33}},"19":{"start":{"line":35,"column":2},"end":{"line":66,"column":4}},"20":{"start":{"line":38,"column":8},"end":{"line":38,"column":25}},"21":{"start":{"line":41,"column":8},"end":{"line":41,"column":25}},"22":{"start":{"line":44,"column":8},"end":{"line":46,"column":9}},"23":{"start":{"line":45,"column":10},"end":{"line":45,"column":35}},"24":{"start":{"line":47,"column":8},"end":{"line":49,"column":9}},"25":{"start":{"line":48,"column":10},"end":{"line":48,"column":36}},"26":{"start":{"line":50,"column":8},"end":{"line":50,"column":21}},"27":{"start":{"line":55,"column":8},"end":{"line":57,"column":9}},"28":{"start":{"line":56,"column":10},"end":{"line":56,"column":34}},"29":{"start":{"line":59,"column":8},"end":{"line":61,"column":9}},"30":{"start":{"line":60,"column":10},"end":{"line":60,"column":36}},"31":{"start":{"line":63,"column":8},"end":{"line":63,"column":26}},"32":{"start":{"line":69,"column":24},"end":{"line":69,"column":96}},"33":{"start":{"line":72,"column":2},"end":{"line":77,"column":7}},"34":{"start":{"line":79,"column":0},"end":{"line":81,"column":1}},"35":{"start":{"line":80,"column":2},"end":{"line":80,"column":34}}},"fnMap":{"0":{"name":"createPrismaTestDouble","decl":{"start":{"line":5,"column":9},"end":{"line":5,"column":31}},"loc":{"start":{"line":5,"column":34},"end":{"line":67,"column":1}},"line":5},"1":{"name":"(anonymous_1)","decl":{"start":{"line":8,"column":16},"end":{"line":8,"column":17}},"loc":{"start":{"line":8,"column":28},"end":{"line":8,"column":30}},"line":8},"2":{"name":"(anonymous_2)","decl":{"start":{"line":9,"column":18},"end":{"line":9,"column":19}},"loc":{"start":{"line":9,"column":30},"end":{"line":9,"column":34}},"line":9},"3":{"name":"(anonymous_3)","decl":{"start":{"line":10,"column":17},"end":{"line":10,"column":18}},"loc":{"start":{"line":10,"column":29},"end":{"line":10,"column":33}},"line":10},"4":{"name":"(anonymous_4)","decl":{"start":{"line":11,"column":14},"end":{"line":11,"column":15}},"loc":{"start":{"line":11,"column":30},"end":{"line":11,"column":48}},"line":11},"5":{"name":"(anonymous_5)","decl":{"start":{"line":12,"column":14},"end":{"line":12,"column":15}},"loc":{"start":{"line":12,"column":30},"end":{"line":12,"column":48}},"line":12},"6":{"name":"(anonymous_6)","decl":{"start":{"line":13,"column":14},"end":{"line":13,"column":15}},"loc":{"start":{"line":13,"column":26},"end":{"line":13,"column":30}},"line":13},"7":{"name":"(anonymous_7)","decl":{"start":{"line":14,"column":14},"end":{"line":14,"column":15}},"loc":{"start":{"line":14,"column":30},"end":{"line":14,"column":50}},"line":14},"8":{"name":"(anonymous_8)","decl":{"start":{"line":15,"column":18},"end":{"line":15,"column":19}},"loc":{"start":{"line":15,"column":31},"end":{"line":15,"column":43}},"line":15},"9":{"name":"(anonymous_9)","decl":{"start":{"line":16,"column":18},"end":{"line":16,"column":19}},"loc":{"start":{"line":16,"column":31},"end":{"line":16,"column":43}},"line":16},"10":{"name":"(anonymous_10)","decl":{"start":{"line":17,"column":18},"end":{"line":17,"column":19}},"loc":{"start":{"line":17,"column":31},"end":{"line":17,"column":43}},"line":17},"11":{"name":"(anonymous_11)","decl":{"start":{"line":18,"column":13},"end":{"line":18,"column":14}},"loc":{"start":{"line":18,"column":25},"end":{"line":18,"column":26}},"line":18},"12":{"name":"(anonymous_12)","decl":{"start":{"line":21,"column":6},"end":{"line":21,"column":7}},"loc":{"start":{"line":21,"column":29},"end":{"line":31,"column":7}},"line":21},"13":{"name":"(anonymous_13)","decl":{"start":{"line":27,"column":30},"end":{"line":27,"column":31}},"loc":{"start":{"line":27,"column":42},"end":{"line":27,"column":46}},"line":27},"14":{"name":"(anonymous_14)","decl":{"start":{"line":37,"column":6},"end":{"line":37,"column":7}},"loc":{"start":{"line":37,"column":26},"end":{"line":39,"column":7}},"line":37},"15":{"name":"(anonymous_15)","decl":{"start":{"line":40,"column":6},"end":{"line":40,"column":7}},"loc":{"start":{"line":40,"column":23},"end":{"line":42,"column":7}},"line":40},"16":{"name":"(anonymous_16)","decl":{"start":{"line":43,"column":6},"end":{"line":43,"column":7}},"loc":{"start":{"line":43,"column":32},"end":{"line":51,"column":7}},"line":43},"17":{"name":"(anonymous_17)","decl":{"start":{"line":54,"column":6},"end":{"line":54,"column":7}},"loc":{"start":{"line":54,"column":28},"end":{"line":64,"column":7}},"line":54}},"branchMap":{"0":{"loc":{"start":{"line":11,"column":30},"end":{"line":11,"column":48}},"type":"binary-expr","locations":[{"start":{"line":11,"column":30},"end":{"line":11,"column":40}},{"start":{"line":11,"column":44},"end":{"line":11,"column":48}}],"line":11},"1":{"loc":{"start":{"line":12,"column":30},"end":{"line":12,"column":48}},"type":"binary-expr","locations":[{"start":{"line":12,"column":30},"end":{"line":12,"column":40}},{"start":{"line":12,"column":44},"end":{"line":12,"column":48}}],"line":12},"2":{"loc":{"start":{"line":14,"column":30},"end":{"line":14,"column":50}},"type":"binary-expr","locations":[{"start":{"line":14,"column":30},"end":{"line":14,"column":42}},{"start":{"line":14,"column":46},"end":{"line":14,"column":50}}],"line":14},"3":{"loc":{"start":{"line":22,"column":8},"end":{"line":24,"column":9}},"type":"if","locations":[{"start":{"line":22,"column":8},"end":{"line":24,"column":9}},{"start":{},"end":{}}],"line":22},"4":{"loc":{"start":{"line":26,"column":8},"end":{"line":28,"column":9}},"type":"if","locations":[{"start":{"line":26,"column":8},"end":{"line":28,"column":9}},{"start":{},"end":{}}],"line":26},"5":{"loc":{"start":{"line":44,"column":8},"end":{"line":46,"column":9}},"type":"if","locations":[{"start":{"line":44,"column":8},"end":{"line":46,"column":9}},{"start":{},"end":{}}],"line":44},"6":{"loc":{"start":{"line":47,"column":8},"end":{"line":49,"column":9}},"type":"if","locations":[{"start":{"line":47,"column":8},"end":{"line":49,"column":9}},{"start":{},"end":{}}],"line":47},"7":{"loc":{"start":{"line":55,"column":8},"end":{"line":57,"column":9}},"type":"if","locations":[{"start":{"line":55,"column":8},"end":{"line":57,"column":9}},{"start":{},"end":{}}],"line":55},"8":{"loc":{"start":{"line":59,"column":8},"end":{"line":61,"column":9}},"type":"if","locations":[{"start":{"line":59,"column":8},"end":{"line":61,"column":9}},{"start":{},"end":{}}],"line":59},"9":{"loc":{"start":{"line":69,"column":24},"end":{"line":69,"column":96}},"type":"binary-expr","locations":[{"start":{"line":69,"column":24},"end":{"line":69,"column":55}},{"start":{"line":69,"column":59},"end":{"line":69,"column":96}}],"line":69},"10":{"loc":{"start":{"line":72,"column":2},"end":{"line":77,"column":7}},"type":"binary-expr","locations":[{"start":{"line":72,"column":2},"end":{"line":72,"column":24}},{"start":{"line":73,"column":3},"end":{"line":77,"column":6}}],"line":72},"11":{"loc":{"start":{"line":73,"column":3},"end":{"line":77,"column":6}},"type":"cond-expr","locations":[{"start":{"line":74,"column":6},"end":{"line":74,"column":30}},{"start":{"line":75,"column":6},"end":{"line":77,"column":6}}],"line":73},"12":{"loc":{"start":{"line":79,"column":0},"end":{"line":81,"column":1}},"type":"if","locations":[{"start":{"line":79,"column":0},"end":{"line":81,"column":1}},{"start":{},"end":{}}],"line":79}},"s":{"0":44,"1":34,"2":1,"3":7,"4":1,"5":2,"6":2,"7":1,"8":2,"9":1,"10":1,"11":113,"12":1,"13":208,"14":1,"15":207,"16":1,"17":1,"18":207,"19":34,"20":2,"21":1,"22":30,"23":28,"24":2,"25":1,"26":1,"27":316,"28":149,"29":167,"30":1,"31":166,"32":44,"33":44,"34":44,"35":43},"f":{"0":34,"1":1,"2":7,"3":1,"4":2,"5":2,"6":1,"7":2,"8":1,"9":1,"10":113,"11":1,"12":208,"13":1,"14":2,"15":1,"16":30,"17":316},"b":{"0":[2,1],"1":[2,1],"2":[2,1],"3":[1,207],"4":[1,206],"5":[28,2],"6":[1,1],"7":[149,167],"8":[1,166],"9":[44,37],"10":[44,40],"11":[34,6],"12":[43,1]},"_coverageSchema":"1a1c01bbd47fc00a2c39e90264f33305004495a9","hash":"90586396ea66e4ec1f378ddcafc710948bfd5b18"}
,"C:\\Users\\insid\\Desktop\\VS code project\\inside-home\\src\\lib\\rate-limit-redis-store.js": {"path":"C:\\Users\\insid\\Desktop\\VS code project\\inside-home\\src\\lib\\rate-limit-redis-store.js","statementMap":{"0":{"start":{"line":3,"column":31},"end":{"line":10,"column":1}},"1":{"start":{"line":13,"column":2},"end":{"line":13,"column":35}},"2":{"start":{"line":17,"column":2},"end":{"line":19,"column":3}},"3":{"start":{"line":18,"column":4},"end":{"line":18,"column":84}},"4":{"start":{"line":22,"column":24},"end":{"line":22,"column":40}},"5":{"start":{"line":24,"column":4},"end":{"line":32,"column":5}},"6":{"start":{"line":25,"column":20},"end":{"line":25,"column":57}},"7":{"start":{"line":26,"column":6},"end":{"line":30,"column":9}},"8":{"start":{"line":31,"column":6},"end":{"line":31,"column":18}},"9":{"start":{"line":34,"column":4},"end":{"line":53,"column":5}},"10":{"start":{"line":35,"column":23},"end":{"line":38,"column":8}},"11":{"start":{"line":39,"column":24},"end":{"line":39,"column":50}},"12":{"start":{"line":40,"column":20},"end":{"line":40,"column":53}},"13":{"start":{"line":41,"column":6},"end":{"line":45,"column":8}},"14":{"start":{"line":47,"column":6},"end":{"line":51,"column":9}},"15":{"start":{"line":52,"column":6},"end":{"line":52,"column":18}},"16":{"start":{"line":56,"column":2},"end":{"line":65,"column":4}},"17":{"start":{"line":59,"column":26},"end":{"line":59,"column":42}},"18":{"start":{"line":60,"column":6},"end":{"line":62,"column":7}},"19":{"start":{"line":61,"column":8},"end":{"line":61,"column":31}}},"fnMap":{"0":{"name":"nowPlus","decl":{"start":{"line":12,"column":9},"end":{"line":12,"column":16}},"loc":{"start":{"line":12,"column":21},"end":{"line":14,"column":1}},"line":12},"1":{"name":"createRateLimitRedisStore","decl":{"start":{"line":16,"column":16},"end":{"line":16,"column":41}},"loc":{"start":{"line":16,"column":67},"end":{"line":66,"column":1}},"line":16},"2":{"name":"increment","decl":{"start":{"line":21,"column":17},"end":{"line":21,"column":26}},"loc":{"start":{"line":21,"column":42},"end":{"line":54,"column":3}},"line":21},"3":{"name":"(anonymous_3)","decl":{"start":{"line":58,"column":4},"end":{"line":58,"column":5}},"loc":{"start":{"line":58,"column":12},"end":{"line":63,"column":5}},"line":58}},"branchMap":{"0":{"loc":{"start":{"line":16,"column":42},"end":{"line":16,"column":65}},"type":"default-arg","locations":[{"start":{"line":16,"column":63},"end":{"line":16,"column":65}}],"line":16},"1":{"loc":{"start":{"line":17,"column":2},"end":{"line":19,"column":3}},"type":"if","locations":[{"start":{"line":17,"column":2},"end":{"line":19,"column":3}},{"start":{},"end":{}}],"line":17},"2":{"loc":{"start":{"line":24,"column":4},"end":{"line":32,"column":5}},"type":"if","locations":[{"start":{"line":24,"column":4},"end":{"line":32,"column":5}},{"start":{},"end":{}}],"line":24},"3":{"loc":{"start":{"line":39,"column":31},"end":{"line":39,"column":49}},"type":"binary-expr","locations":[{"start":{"line":39,"column":31},"end":{"line":39,"column":44}},{"start":{"line":39,"column":48},"end":{"line":39,"column":49}}],"line":39},"4":{"loc":{"start":{"line":40,"column":27},"end":{"line":40,"column":52}},"type":"binary-expr","locations":[{"start":{"line":40,"column":27},"end":{"line":40,"column":40}},{"start":{"line":40,"column":44},"end":{"line":40,"column":52}}],"line":40},"5":{"loc":{"start":{"line":43,"column":27},"end":{"line":43,"column":55}},"type":"cond-expr","locations":[{"start":{"line":43,"column":39},"end":{"line":43,"column":44}},{"start":{"line":43,"column":47},"end":{"line":43,"column":55}}],"line":43},"6":{"loc":{"start":{"line":60,"column":6},"end":{"line":62,"column":7}},"type":"if","locations":[{"start":{"line":60,"column":6},"end":{"line":62,"column":7}},{"start":{},"end":{}}],"line":60},"7":{"loc":{"start":{"line":60,"column":10},"end":{"line":60,"column":67}},"type":"binary-expr","locations":[{"start":{"line":60,"column":10},"end":{"line":60,"column":21}},{"start":{"line":60,"column":25},"end":{"line":60,"column":67}}],"line":60}},"s":{"0":91,"1":459,"2":99,"3":1,"4":468,"5":468,"6":8,"7":8,"8":8,"9":460,"10":460,"11":459,"12":459,"13":459,"14":1,"15":1,"16":98,"17":118,"18":118,"19":118},"f":{"0":459,"1":99,"2":468,"3":118},"b":{"0":[1],"1":[1,98],"2":[8,460],"3":[459,0],"4":[459,0],"5":[459,0],"6":[118,0],"7":[118,118]},"_coverageSchema":"1a1c01bbd47fc00a2c39e90264f33305004495a9","hash":"4d52b3ab874de24b9290ab5aaa79c61b176afe03"}
,"C:\\Users\\insid\\Desktop\\VS code project\\inside-home\\src\\lib\\refresh-token-redis-client.js": {"path":"C:\\Users\\insid\\Desktop\\VS code project\\inside-home\\src\\lib\\refresh-token-redis-client.js","statementMap":{"0":{"start":{"line":3,"column":19},"end":{"line":3,"column":23}},"1":{"start":{"line":6,"column":14},"end":{"line":6,"column":35}},"2":{"start":{"line":7,"column":2},"end":{"line":9,"column":3}},"3":{"start":{"line":8,"column":4},"end":{"line":8,"column":66}},"4":{"start":{"line":10,"column":2},"end":{"line":10,"column":26}},"5":{"start":{"line":14,"column":2},"end":{"line":16,"column":3}},"6":{"start":{"line":15,"column":4},"end":{"line":15,"column":24}},"7":{"start":{"line":18,"column":19},"end":{"line":18,"column":53}},"8":{"start":{"line":19,"column":2},"end":{"line":24,"column":3}},"9":{"start":{"line":20,"column":4},"end":{"line":22,"column":5}},"10":{"start":{"line":21,"column":6},"end":{"line":21,"column":73}},"11":{"start":{"line":23,"column":4},"end":{"line":23,"column":16}},"12":{"start":{"line":26,"column":23},"end":{"line":26,"column":50}},"13":{"start":{"line":27,"column":18},"end":{"line":35,"column":4}},"14":{"start":{"line":29,"column":24},"end":{"line":34,"column":6}},"15":{"start":{"line":32,"column":40},"end":{"line":32,"column":69}},"16":{"start":{"line":37,"column":2},"end":{"line":37,"column":41}},"17":{"start":{"line":38,"column":2},"end":{"line":38,"column":22}},"18":{"start":{"line":42,"column":2},"end":{"line":42,"column":22}}},"fnMap":{"0":{"name":"resolveRedisFactory","decl":{"start":{"line":5,"column":15},"end":{"line":5,"column":34}},"loc":{"start":{"line":5,"column":37},"end":{"line":11,"column":1}},"line":5},"1":{"name":"connectRefreshTokenRedis","decl":{"start":{"line":13,"column":22},"end":{"line":13,"column":46}},"loc":{"start":{"line":13,"column":117},"end":{"line":39,"column":1}},"line":13},"2":{"name":"(anonymous_2)","decl":{"start":{"line":29,"column":18},"end":{"line":29,"column":19}},"loc":{"start":{"line":29,"column":24},"end":{"line":34,"column":6}},"line":29},"3":{"name":"(anonymous_3)","decl":{"start":{"line":32,"column":27},"end":{"line":32,"column":28}},"loc":{"start":{"line":32,"column":40},"end":{"line":32,"column":69}},"line":32},"4":{"name":"resetRefreshTokenRedisClientForTests","decl":{"start":{"line":41,"column":16},"end":{"line":41,"column":52}},"loc":{"start":{"line":41,"column":55},"end":{"line":43,"column":1}},"line":41}},"branchMap":{"0":{"loc":{"start":{"line":7,"column":2},"end":{"line":9,"column":3}},"type":"if","locations":[{"start":{"line":7,"column":2},"end":{"line":9,"column":3}},{"start":{},"end":{}}],"line":7},"1":{"loc":{"start":{"line":13,"column":47},"end":{"line":13,"column":115}},"type":"default-arg","locations":[{"start":{"line":13,"column":113},"end":{"line":13,"column":115}}],"line":13},"2":{"loc":{"start":{"line":13,"column":49},"end":{"line":13,"column":66}},"type":"default-arg","locations":[{"start":{"line":13,"column":55},"end":{"line":13,"column":66}}],"line":13},"3":{"loc":{"start":{"line":13,"column":68},"end":{"line":13,"column":108}},"type":"default-arg","locations":[{"start":{"line":13,"column":79},"end":{"line":13,"column":108}}],"line":13},"4":{"loc":{"start":{"line":14,"column":2},"end":{"line":16,"column":3}},"type":"if","locations":[{"start":{"line":14,"column":2},"end":{"line":16,"column":3}},{"start":{},"end":{}}],"line":14},"5":{"loc":{"start":{"line":18,"column":26},"end":{"line":18,"column":45}},"type":"binary-expr","locations":[{"start":{"line":18,"column":26},"end":{"line":18,"column":39}},{"start":{"line":18,"column":43},"end":{"line":18,"column":45}}],"line":18},"6":{"loc":{"start":{"line":19,"column":2},"end":{"line":24,"column":3}},"type":"if","locations":[{"start":{"line":19,"column":2},"end":{"line":24,"column":3}},{"start":{},"end":{}}],"line":19},"7":{"loc":{"start":{"line":20,"column":4},"end":{"line":22,"column":5}},"type":"if","locations":[{"start":{"line":20,"column":4},"end":{"line":22,"column":5}},{"start":{},"end":{}}],"line":20}},"s":{"0":2,"1":1,"2":0,"3":0,"4":0,"5":3,"6":0,"7":3,"8":3,"9":2,"10":1,"11":1,"12":1,"13":0,"14":0,"15":0,"16":0,"17":0,"18":3},"f":{"0":1,"1":3,"2":0,"3":0,"4":3},"b":{"0":[0,0],"1":[0],"2":[0],"3":[0],"4":[0,3],"5":[3,2],"6":[2,1],"7":[1,1]},"_coverageSchema":"1a1c01bbd47fc00a2c39e90264f33305004495a9","hash":"b509a45040669d0de2a0d26bc81807bccdac7036"}
,"C:\\Users\\insid\\Desktop\\VS code project\\inside-home\\src\\lib\\simple-redis-client.js": {"path":"C:\\Users\\insid\\Desktop\\VS code project\\inside-home\\src\\lib\\simple-redis-client.js","statementMap":{"0":{"start":{"line":3,"column":17},"end":{"line":9,"column":2}},"1":{"start":{"line":12,"column":2},"end":{"line":12,"column":59}},"2":{"start":{"line":12,"column":34},"end":{"line":12,"column":57}},"3":{"start":{"line":16,"column":2},"end":{"line":30,"column":5}},"4":{"start":{"line":17,"column":18},"end":{"line":19,"column":17}},"5":{"start":{"line":18,"column":6},"end":{"line":18,"column":40}},"6":{"start":{"line":21,"column":4},"end":{"line":29,"column":9}},"7":{"start":{"line":23,"column":8},"end":{"line":23,"column":28}},"8":{"start":{"line":24,"column":8},"end":{"line":24,"column":23}},"9":{"start":{"line":27,"column":8},"end":{"line":27,"column":28}},"10":{"start":{"line":28,"column":8},"end":{"line":28,"column":22}},"11":{"start":{"line":34,"column":2},"end":{"line":34,"column":73}},"12":{"start":{"line":38,"column":19},"end":{"line":38,"column":46}},"13":{"start":{"line":47,"column":6},"end":{"line":47,"column":14}},"14":{"start":{"line":49,"column":2},"end":{"line":51,"column":3}},"15":{"start":{"line":50,"column":4},"end":{"line":50,"column":80}},"16":{"start":{"line":53,"column":17},"end":{"line":53,"column":31}},"17":{"start":{"line":54,"column":18},"end":{"line":54,"column":23}},"18":{"start":{"line":56,"column":20},"end":{"line":59,"column":3}},"19":{"start":{"line":57,"column":4},"end":{"line":57,"column":27}},"20":{"start":{"line":58,"column":4},"end":{"line":58,"column":40}},"21":{"start":{"line":61,"column":2},"end":{"line":64,"column":5}},"22":{"start":{"line":62,"column":4},"end":{"line":62,"column":74}},"23":{"start":{"line":63,"column":4},"end":{"line":63,"column":34}},"24":{"start":{"line":66,"column":2},"end":{"line":68,"column":5}},"25":{"start":{"line":67,"column":4},"end":{"line":67,"column":43}},"26":{"start":{"line":71,"column":18},"end":{"line":71,"column":19}},"27":{"start":{"line":72,"column":4},"end":{"line":94,"column":5}},"28":{"start":{"line":73,"column":6},"end":{"line":73,"column":19}},"29":{"start":{"line":74,"column":6},"end":{"line":93,"column":7}},"30":{"start":{"line":75,"column":8},"end":{"line":79,"column":10}},"31":{"start":{"line":80,"column":8},"end":{"line":80,"column":25}},"32":{"start":{"line":81,"column":8},"end":{"line":81,"column":44}},"33":{"start":{"line":82,"column":8},"end":{"line":82,"column":22}},"34":{"start":{"line":84,"column":8},"end":{"line":84,"column":26}},"35":{"start":{"line":85,"column":8},"end":{"line":85,"column":81}},"36":{"start":{"line":86,"column":8},"end":{"line":91,"column":9}},"37":{"start":{"line":87,"column":10},"end":{"line":89,"column":11}},"38":{"start":{"line":88,"column":12},"end":{"line":88,"column":24}},"39":{"start":{"line":90,"column":10},"end":{"line":90,"column":22}},"40":{"start":{"line":92,"column":8},"end":{"line":92,"column":80}},"41":{"start":{"line":95,"column":4},"end":{"line":95,"column":16}},"42":{"start":{"line":99,"column":4},"end":{"line":106,"column":5}},"43":{"start":{"line":100,"column":6},"end":{"line":100,"column":45}},"44":{"start":{"line":101,"column":6},"end":{"line":101,"column":24}},"45":{"start":{"line":102,"column":6},"end":{"line":102,"column":24}},"46":{"start":{"line":104,"column":6},"end":{"line":104,"column":68}},"47":{"start":{"line":105,"column":6},"end":{"line":105,"column":18}},"48":{"start":{"line":109,"column":2},"end":{"line":114,"column":4}},"49":{"start":{"line":113,"column":23},"end":{"line":113,"column":32}}},"fnMap":{"0":{"name":"delay","decl":{"start":{"line":11,"column":9},"end":{"line":11,"column":14}},"loc":{"start":{"line":11,"column":19},"end":{"line":13,"column":1}},"line":11},"1":{"name":"(anonymous_1)","decl":{"start":{"line":12,"column":21},"end":{"line":12,"column":22}},"loc":{"start":{"line":12,"column":34},"end":{"line":12,"column":57}},"line":12},"2":{"name":"withTimeout","decl":{"start":{"line":15,"column":9},"end":{"line":15,"column":20}},"loc":{"start":{"line":15,"column":57},"end":{"line":31,"column":1}},"line":15},"3":{"name":"(anonymous_3)","decl":{"start":{"line":16,"column":21},"end":{"line":16,"column":22}},"loc":{"start":{"line":16,"column":42},"end":{"line":30,"column":3}},"line":16},"4":{"name":"(anonymous_4)","decl":{"start":{"line":17,"column":29},"end":{"line":17,"column":30}},"loc":{"start":{"line":17,"column":35},"end":{"line":19,"column":5}},"line":17},"5":{"name":"(anonymous_5)","decl":{"start":{"line":22,"column":12},"end":{"line":22,"column":13}},"loc":{"start":{"line":22,"column":23},"end":{"line":25,"column":7}},"line":22},"6":{"name":"(anonymous_6)","decl":{"start":{"line":26,"column":13},"end":{"line":26,"column":14}},"loc":{"start":{"line":26,"column":24},"end":{"line":29,"column":7}},"line":26},"7":{"name":"computeBackoff","decl":{"start":{"line":33,"column":9},"end":{"line":33,"column":23}},"loc":{"start":{"line":33,"column":54},"end":{"line":35,"column":1}},"line":33},"8":{"name":"createSimpleRedisClient","decl":{"start":{"line":37,"column":16},"end":{"line":37,"column":39}},"loc":{"start":{"line":37,"column":54},"end":{"line":115,"column":1}},"line":37},"9":{"name":"(anonymous_9)","decl":{"start":{"line":56,"column":20},"end":{"line":56,"column":21}},"loc":{"start":{"line":56,"column":42},"end":{"line":59,"column":3}},"line":56},"10":{"name":"(anonymous_10)","decl":{"start":{"line":61,"column":23},"end":{"line":61,"column":24}},"loc":{"start":{"line":61,"column":34},"end":{"line":64,"column":3}},"line":61},"11":{"name":"(anonymous_11)","decl":{"start":{"line":66,"column":30},"end":{"line":66,"column":31}},"loc":{"start":{"line":66,"column":40},"end":{"line":68,"column":3}},"line":66},"12":{"name":"connect","decl":{"start":{"line":70,"column":17},"end":{"line":70,"column":24}},"loc":{"start":{"line":70,"column":27},"end":{"line":96,"column":3}},"line":70},"13":{"name":"quit","decl":{"start":{"line":98,"column":17},"end":{"line":98,"column":21}},"loc":{"start":{"line":98,"column":24},"end":{"line":107,"column":3}},"line":98},"14":{"name":"(anonymous_14)","decl":{"start":{"line":113,"column":17},"end":{"line":113,"column":18}},"loc":{"start":{"line":113,"column":23},"end":{"line":113,"column":32}},"line":113}},"branchMap":{"0":{"loc":{"start":{"line":37,"column":40},"end":{"line":37,"column":52}},"type":"default-arg","locations":[{"start":{"line":37,"column":50},"end":{"line":37,"column":52}}],"line":37},"1":{"loc":{"start":{"line":49,"column":2},"end":{"line":51,"column":3}},"type":"if","locations":[{"start":{"line":49,"column":2},"end":{"line":51,"column":3}},{"start":{},"end":{}}],"line":49},"2":{"loc":{"start":{"line":56,"column":28},"end":{"line":56,"column":37}},"type":"default-arg","locations":[{"start":{"line":56,"column":35},"end":{"line":56,"column":37}}],"line":56},"3":{"loc":{"start":{"line":62,"column":43},"end":{"line":62,"column":70}},"type":"binary-expr","locations":[{"start":{"line":62,"column":43},"end":{"line":62,"column":57}},{"start":{"line":62,"column":61},"end":{"line":62,"column":70}}],"line":62},"4":{"loc":{"start":{"line":86,"column":8},"end":{"line":91,"column":9}},"type":"if","locations":[{"start":{"line":86,"column":8},"end":{"line":91,"column":9}},{"start":{},"end":{}}],"line":86},"5":{"loc":{"start":{"line":87,"column":10},"end":{"line":89,"column":11}},"type":"if","locations":[{"start":{"line":87,"column":10},"end":{"line":89,"column":11}},{"start":{},"end":{}}],"line":87}},"s":{"0":3,"1":1,"2":1,"3":6,"4":6,"5":1,"6":6,"7":2,"8":2,"9":3,"10":3,"11":1,"12":8,"13":8,"14":8,"15":1,"16":7,"17":7,"18":7,"19":4,"20":4,"21":7,"22":1,"23":1,"24":7,"25":1,"26":5,"27":5,"28":6,"29":6,"30":6,"31":2,"32":2,"33":2,"34":4,"35":4,"36":4,"37":3,"38":2,"39":1,"40":1,"41":0,"42":2,"43":2,"44":1,"45":1,"46":1,"47":1,"48":7,"49":2},"f":{"0":1,"1":1,"2":6,"3":6,"4":1,"5":2,"6":3,"7":1,"8":8,"9":4,"10":1,"11":1,"12":5,"13":2,"14":2},"b":{"0":[1],"1":[1,7],"2":[1],"3":[1,0],"4":[3,1],"5":[2,1]},"_coverageSchema":"1a1c01bbd47fc00a2c39e90264f33305004495a9","hash":"ff5617476f8b4a7a805996f078cfc7aa6afe2c99"}
,"C:\\Users\\insid\\Desktop\\VS code project\\inside-home\\src\\lib\\stripe.js": {"path":"C:\\Users\\insid\\Desktop\\VS code project\\inside-home\\src\\lib\\stripe.js","statementMap":{"0":{"start":{"line":4,"column":34},"end":{"line":4,"column":37}},"1":{"start":{"line":7,"column":2},"end":{"line":9,"column":3}},"2":{"start":{"line":8,"column":4},"end":{"line":8,"column":55}},"3":{"start":{"line":11,"column":17},"end":{"line":11,"column":26}},"4":{"start":{"line":13,"column":2},"end":{"line":18,"column":3}},"5":{"start":{"line":14,"column":25},"end":{"line":14,"column":44}},"6":{"start":{"line":15,"column":4},"end":{"line":15,"column":33}},"7":{"start":{"line":15,"column":24},"end":{"line":15,"column":33}},"8":{"start":{"line":16,"column":4},"end":{"line":16,"column":46}},"9":{"start":{"line":16,"column":26},"end":{"line":16,"column":46}},"10":{"start":{"line":17,"column":4},"end":{"line":17,"column":32}},"11":{"start":{"line":20,"column":2},"end":{"line":23,"column":4}},"12":{"start":{"line":27,"column":26},"end":{"line":27,"column":43}},"13":{"start":{"line":28,"column":2},"end":{"line":30,"column":3}},"14":{"start":{"line":29,"column":4},"end":{"line":29,"column":58}},"15":{"start":{"line":32,"column":14},"end":{"line":32,"column":43}},"16":{"start":{"line":33,"column":2},"end":{"line":35,"column":3}},"17":{"start":{"line":34,"column":4},"end":{"line":34,"column":68}},"18":{"start":{"line":39,"column":38},"end":{"line":39,"column":69}},"19":{"start":{"line":40,"column":2},"end":{"line":42,"column":3}},"20":{"start":{"line":41,"column":4},"end":{"line":41,"column":72}},"21":{"start":{"line":44,"column":2},"end":{"line":44,"column":62}},"22":{"start":{"line":46,"column":24},"end":{"line":46,"column":66}},"23":{"start":{"line":47,"column":19},"end":{"line":50,"column":18}},"24":{"start":{"line":52,"column":19},"end":{"line":61,"column":4}},"25":{"start":{"line":53,"column":27},"end":{"line":53,"column":56}},"26":{"start":{"line":54,"column":28},"end":{"line":54,"column":58}},"27":{"start":{"line":56,"column":4},"end":{"line":58,"column":5}},"28":{"start":{"line":57,"column":6},"end":{"line":57,"column":19}},"29":{"start":{"line":60,"column":4},"end":{"line":60,"column":67}},"30":{"start":{"line":63,"column":2},"end":{"line":65,"column":3}},"31":{"start":{"line":64,"column":4},"end":{"line":64,"column":87}},"32":{"start":{"line":69,"column":2},"end":{"line":71,"column":3}},"33":{"start":{"line":70,"column":4},"end":{"line":70,"column":68}},"34":{"start":{"line":73,"column":2},"end":{"line":75,"column":3}},"35":{"start":{"line":74,"column":4},"end":{"line":74,"column":53}},"36":{"start":{"line":77,"column":2},"end":{"line":82,"column":5}},"37":{"start":{"line":84,"column":2},"end":{"line":88,"column":3}},"38":{"start":{"line":85,"column":4},"end":{"line":85,"column":94}},"39":{"start":{"line":87,"column":4},"end":{"line":87,"column":49}},"40":{"start":{"line":91,"column":22},"end":{"line":95,"column":1}}},"fnMap":{"0":{"name":"parseStripeSignature","decl":{"start":{"line":6,"column":9},"end":{"line":6,"column":29}},"loc":{"start":{"line":6,"column":47},"end":{"line":24,"column":1}},"line":6},"1":{"name":"assertTimestampWithinTolerance","decl":{"start":{"line":26,"column":9},"end":{"line":26,"column":39}},"loc":{"start":{"line":26,"column":69},"end":{"line":36,"column":1}},"line":26},"2":{"name":"verifySignature","decl":{"start":{"line":38,"column":9},"end":{"line":38,"column":24}},"loc":{"start":{"line":38,"column":103},"end":{"line":66,"column":1}},"line":38},"3":{"name":"(anonymous_3)","decl":{"start":{"line":52,"column":37},"end":{"line":52,"column":38}},"loc":{"start":{"line":52,"column":52},"end":{"line":61,"column":3}},"line":52},"4":{"name":"constructEvent","decl":{"start":{"line":68,"column":9},"end":{"line":68,"column":23}},"loc":{"start":{"line":68,"column":66},"end":{"line":89,"column":1}},"line":68}},"branchMap":{"0":{"loc":{"start":{"line":7,"column":2},"end":{"line":9,"column":3}},"type":"if","locations":[{"start":{"line":7,"column":2},"end":{"line":9,"column":3}},{"start":{},"end":{}}],"line":7},"1":{"loc":{"start":{"line":7,"column":6},"end":{"line":7,"column":61}},"type":"binary-expr","locations":[{"start":{"line":7,"column":6},"end":{"line":7,"column":22}},{"start":{"line":7,"column":26},"end":{"line":7,"column":61}}],"line":7},"2":{"loc":{"start":{"line":15,"column":4},"end":{"line":15,"column":33}},"type":"if","locations":[{"start":{"line":15,"column":4},"end":{"line":15,"column":33}},{"start":{},"end":{}}],"line":15},"3":{"loc":{"start":{"line":15,"column":8},"end":{"line":15,"column":22}},"type":"binary-expr","locations":[{"start":{"line":15,"column":8},"end":{"line":15,"column":12}},{"start":{"line":15,"column":16},"end":{"line":15,"column":22}}],"line":15},"4":{"loc":{"start":{"line":16,"column":4},"end":{"line":16,"column":46}},"type":"if","locations":[{"start":{"line":16,"column":4},"end":{"line":16,"column":46}},{"start":{},"end":{}}],"line":16},"5":{"loc":{"start":{"line":22,"column":18},"end":{"line":22,"column":40}},"type":"binary-expr","locations":[{"start":{"line":22,"column":18},"end":{"line":22,"column":34}},{"start":{"line":22,"column":38},"end":{"line":22,"column":40}}],"line":22},"6":{"loc":{"start":{"line":28,"column":2},"end":{"line":30,"column":3}},"type":"if","locations":[{"start":{"line":28,"column":2},"end":{"line":30,"column":3}},{"start":{},"end":{}}],"line":28},"7":{"loc":{"start":{"line":33,"column":2},"end":{"line":35,"column":3}},"type":"if","locations":[{"start":{"line":33,"column":2},"end":{"line":35,"column":3}},{"start":{},"end":{}}],"line":33},"8":{"loc":{"start":{"line":38,"column":55},"end":{"line":38,"column":99}},"type":"default-arg","locations":[{"start":{"line":38,"column":74},"end":{"line":38,"column":99}}],"line":38},"9":{"loc":{"start":{"line":40,"column":2},"end":{"line":42,"column":3}},"type":"if","locations":[{"start":{"line":40,"column":2},"end":{"line":42,"column":3}},{"start":{},"end":{}}],"line":40},"10":{"loc":{"start":{"line":40,"column":6},"end":{"line":40,"column":45}},"type":"binary-expr","locations":[{"start":{"line":40,"column":6},"end":{"line":40,"column":16}},{"start":{"line":40,"column":20},"end":{"line":40,"column":45}}],"line":40},"11":{"loc":{"start":{"line":56,"column":4},"end":{"line":58,"column":5}},"type":"if","locations":[{"start":{"line":56,"column":4},"end":{"line":58,"column":5}},{"start":{},"end":{}}],"line":56},"12":{"loc":{"start":{"line":63,"column":2},"end":{"line":65,"column":3}},"type":"if","locations":[{"start":{"line":63,"column":2},"end":{"line":65,"column":3}},{"start":{},"end":{}}],"line":63},"13":{"loc":{"start":{"line":68,"column":52},"end":{"line":68,"column":64}},"type":"default-arg","locations":[{"start":{"line":68,"column":62},"end":{"line":68,"column":64}}],"line":68},"14":{"loc":{"start":{"line":69,"column":2},"end":{"line":71,"column":3}},"type":"if","locations":[{"start":{"line":69,"column":2},"end":{"line":71,"column":3}},{"start":{},"end":{}}],"line":69},"15":{"loc":{"start":{"line":73,"column":2},"end":{"line":75,"column":3}},"type":"if","locations":[{"start":{"line":73,"column":2},"end":{"line":75,"column":3}},{"start":{},"end":{}}],"line":73},"16":{"loc":{"start":{"line":81,"column":22},"end":{"line":81,"column":75}},"type":"binary-expr","locations":[{"start":{"line":81,"column":22},"end":{"line":81,"column":46}},{"start":{"line":81,"column":50},"end":{"line":81,"column":75}}],"line":81}},"s":{"0":28,"1":55,"2":1,"3":54,"4":54,"5":105,"6":105,"7":2,"8":103,"9":103,"10":103,"11":54,"12":51,"13":51,"14":1,"15":50,"16":50,"17":5,"18":55,"19":54,"20":3,"21":51,"22":45,"23":45,"24":45,"25":45,"26":45,"27":45,"28":0,"29":45,"30":45,"31":1,"32":57,"33":1,"34":56,"35":1,"36":55,"37":44,"38":44,"39":3,"40":28},"f":{"0":55,"1":51,"2":55,"3":45,"4":57},"b":{"0":[1,54],"1":[55,54],"2":[2,103],"3":[105,105],"4":[103,0],"5":[54,3],"6":[1,50],"7":[5,45],"8":[0],"9":[3,51],"10":[54,52],"11":[0,45],"12":[1,44],"13":[10],"14":[1,56],"15":[1,55],"16":[55,8]},"_coverageSchema":"1a1c01bbd47fc00a2c39e90264f33305004495a9","hash":"e01818bbfe23b5c936e3fddf753a1f5d6429c21e"}
,"C:\\Users\\insid\\Desktop\\VS code project\\inside-home\\src\\lib\\webhook-idempotency-store.js": {"path":"C:\\Users\\insid\\Desktop\\VS code project\\inside-home\\src\\lib\\webhook-idempotency-store.js","statementMap":{"0":{"start":{"line":1,"column":28},"end":{"line":1,"column":40}},"1":{"start":{"line":4,"column":2},"end":{"line":4,"column":42}},"2":{"start":{"line":8,"column":16},"end":{"line":8,"column":25}},"3":{"start":{"line":11,"column":20},"end":{"line":11,"column":25}},"4":{"start":{"line":12,"column":4},"end":{"line":16,"column":5}},"5":{"start":{"line":13,"column":6},"end":{"line":15,"column":7}},"6":{"start":{"line":14,"column":8},"end":{"line":14,"column":26}},"7":{"start":{"line":19,"column":2},"end":{"line":29,"column":4}},"8":{"start":{"line":21,"column":6},"end":{"line":21,"column":23}},"9":{"start":{"line":22,"column":6},"end":{"line":24,"column":7}},"10":{"start":{"line":23,"column":8},"end":{"line":23,"column":21}},"11":{"start":{"line":26,"column":6},"end":{"line":26,"column":50}},"12":{"start":{"line":27,"column":6},"end":{"line":27,"column":18}},"13":{"start":{"line":33,"column":25},"end":{"line":33,"column":47}},"14":{"start":{"line":36,"column":4},"end":{"line":38,"column":5}},"15":{"start":{"line":37,"column":6},"end":{"line":37,"column":61}},"16":{"start":{"line":40,"column":16},"end":{"line":40,"column":40}},"17":{"start":{"line":42,"column":4},"end":{"line":47,"column":5}},"18":{"start":{"line":43,"column":21},"end":{"line":43,"column":82}},"19":{"start":{"line":44,"column":6},"end":{"line":46,"column":48}},"20":{"start":{"line":49,"column":21},"end":{"line":49,"column":71}},"21":{"start":{"line":50,"column":4},"end":{"line":52,"column":46}},"22":{"start":{"line":55,"column":2},"end":{"line":58,"column":4}}},"fnMap":{"0":{"name":"toKey","decl":{"start":{"line":3,"column":9},"end":{"line":3,"column":14}},"loc":{"start":{"line":3,"column":34},"end":{"line":5,"column":1}},"line":3},"1":{"name":"createMemoryStore","decl":{"start":{"line":7,"column":9},"end":{"line":7,"column":26}},"loc":{"start":{"line":7,"column":43},"end":{"line":30,"column":1}},"line":7},"2":{"name":"cleanupExpired","decl":{"start":{"line":10,"column":11},"end":{"line":10,"column":25}},"loc":{"start":{"line":10,"column":28},"end":{"line":17,"column":3}},"line":10},"3":{"name":"(anonymous_3)","decl":{"start":{"line":20,"column":4},"end":{"line":20,"column":5}},"loc":{"start":{"line":20,"column":40},"end":{"line":28,"column":5}},"line":20},"4":{"name":"createWebhookIdempotencyStore","decl":{"start":{"line":32,"column":16},"end":{"line":32,"column":45}},"loc":{"start":{"line":32,"column":125},"end":{"line":59,"column":1}},"line":32},"5":{"name":"claim","decl":{"start":{"line":35,"column":17},"end":{"line":35,"column":22}},"loc":{"start":{"line":35,"column":46},"end":{"line":53,"column":3}},"line":35}},"branchMap":{"0":{"loc":{"start":{"line":7,"column":27},"end":{"line":7,"column":41}},"type":"default-arg","locations":[{"start":{"line":7,"column":33},"end":{"line":7,"column":41}}],"line":7},"1":{"loc":{"start":{"line":13,"column":6},"end":{"line":15,"column":7}},"type":"if","locations":[{"start":{"line":13,"column":6},"end":{"line":15,"column":7}},{"start":{},"end":{}}],"line":13},"2":{"loc":{"start":{"line":22,"column":6},"end":{"line":24,"column":7}},"type":"if","locations":[{"start":{"line":22,"column":6},"end":{"line":24,"column":7}},{"start":{},"end":{}}],"line":22},"3":{"loc":{"start":{"line":32,"column":46},"end":{"line":32,"column":123}},"type":"default-arg","locations":[{"start":{"line":32,"column":121},"end":{"line":32,"column":123}}],"line":32},"4":{"loc":{"start":{"line":32,"column":48},"end":{"line":32,"column":66}},"type":"default-arg","locations":[{"start":{"line":32,"column":62},"end":{"line":32,"column":66}}],"line":32},"5":{"loc":{"start":{"line":32,"column":68},"end":{"line":32,"column":100}},"type":"default-arg","locations":[{"start":{"line":32,"column":81},"end":{"line":32,"column":100}}],"line":32},"6":{"loc":{"start":{"line":32,"column":102},"end":{"line":32,"column":116}},"type":"default-arg","locations":[{"start":{"line":32,"column":108},"end":{"line":32,"column":116}}],"line":32},"7":{"loc":{"start":{"line":36,"column":4},"end":{"line":38,"column":5}},"type":"if","locations":[{"start":{"line":36,"column":4},"end":{"line":38,"column":5}},{"start":{},"end":{}}],"line":36},"8":{"loc":{"start":{"line":36,"column":8},"end":{"line":36,"column":60}},"type":"binary-expr","locations":[{"start":{"line":36,"column":8},"end":{"line":36,"column":17}},{"start":{"line":36,"column":21},"end":{"line":36,"column":29}},{"start":{"line":36,"column":33},"end":{"line":36,"column":60}}],"line":36},"9":{"loc":{"start":{"line":42,"column":4},"end":{"line":47,"column":5}},"type":"if","locations":[{"start":{"line":42,"column":4},"end":{"line":47,"column":5}},{"start":{},"end":{}}],"line":42},"10":{"loc":{"start":{"line":44,"column":13},"end":{"line":46,"column":47}},"type":"cond-expr","locations":[{"start":{"line":45,"column":10},"end":{"line":45,"column":47}},{"start":{"line":46,"column":10},"end":{"line":46,"column":47}}],"line":44},"11":{"loc":{"start":{"line":50,"column":11},"end":{"line":52,"column":45}},"type":"cond-expr","locations":[{"start":{"line":51,"column":8},"end":{"line":51,"column":52}},{"start":{"line":52,"column":8},"end":{"line":52,"column":45}}],"line":50}},"s":{"0":28,"1":43,"2":23,"3":26,"4":26,"5":15,"6":1,"7":23,"8":26,"9":26,"10":9,"11":17,"12":17,"13":23,"14":44,"15":1,"16":43,"17":43,"18":17,"19":16,"20":26,"21":26,"22":23},"f":{"0":43,"1":23,"2":26,"3":26,"4":23,"5":44},"b":{"0":[0],"1":[1,14],"2":[9,17],"3":[16],"4":[17],"5":[21],"6":[22],"7":[1,43],"8":[44,44,43],"9":[17,26],"10":[11,5],"11":[17,9]},"_coverageSchema":"1a1c01bbd47fc00a2c39e90264f33305004495a9","hash":"14af65c35d69eb69bc65acbd23eb908dd1de922d"}
,"C:\\Users\\insid\\Desktop\\VS code project\\inside-home\\src\\middlewares\\authRateLimiter.js": {"path":"C:\\Users\\insid\\Desktop\\VS code project\\inside-home\\src\\middlewares\\authRateLimiter.js","statementMap":{"0":{"start":{"line":3,"column":31},"end":{"line":3,"column":52}}},"fnMap":{},"branchMap":{},"s":{"0":2},"f":{},"b":{},"_coverageSchema":"1a1c01bbd47fc00a2c39e90264f33305004495a9","hash":"89d244d2246c07f65021e84d51694c7996bfb75b"}
[...]
,"C:\\Users\\insid\\Desktop\\VS code project\\inside-home\\src\\utils\\strict-monetary-json.js": {"path":"C:\\Users\\insid\\Desktop\\VS code project\\inside-home\\src\\utils\\strict-monetary-json.js","statementMap":{"0":{"start":{"line":1,"column":22},"end":{"line":11,"column":2}},"1":{"start":{"line":14,"column":2},"end":{"line":14,"column":78}},"2":{"start":{"line":18,"column":16},"end":{"line":18,"column":73}},"3":{"start":{"line":19,"column":2},"end":{"line":19,"column":25}},"4":{"start":{"line":20,"column":2},"end":{"line":20,"column":14}},"5":{"start":{"line":24,"column":2},"end":{"line":26,"column":3}},"6":{"start":{"line":25,"column":4},"end":{"line":25,"column":81}},"7":{"start":{"line":28,"column":2},"end":{"line":30,"column":3}},"8":{"start":{"line":29,"column":4},"end":{"line":29,"column":89}},"9":{"start":{"line":32,"column":2},"end":{"line":34,"column":3}},"10":{"start":{"line":33,"column":4},"end":{"line":33,"column":71}},"11":{"start":{"line":36,"column":2},"end":{"line":38,"column":3}},"12":{"start":{"line":37,"column":4},"end":{"line":37,"column":90}},"13":{"start":{"line":40,"column":2},"end":{"line":42,"column":3}},"14":{"start":{"line":41,"column":4},"end":{"line":41,"column":71}},"15":{"start":{"line":46,"column":2},"end":{"line":49,"column":3}},"16":{"start":{"line":47,"column":4},"end":{"line":47,"column":93}},"17":{"start":{"line":47,"column":35},"end":{"line":47,"column":91}},"18":{"start":{"line":48,"column":4},"end":{"line":48,"column":11}},"19":{"start":{"line":51,"column":2},"end":{"line":53,"column":3}},"20":{"start":{"line":52,"column":4},"end":{"line":52,"column":11}},"21":{"start":{"line":55,"column":2},"end":{"line":61,"column":3}},"22":{"start":{"line":56,"column":24},"end":{"line":56,"column":40}},"23":{"start":{"line":57,"column":4},"end":{"line":59,"column":5}},"24":{"start":{"line":58,"column":6},"end":{"line":58,"column":58}},"25":{"start":{"line":60,"column":4},"end":{"line":60,"column":60}},"26":{"start":{"line":66,"column":2},"end":{"line":72,"column":3}},"27":{"start":{"line":67,"column":4},"end":{"line":67,"column":29}},"28":{"start":{"line":69,"column":18},"end":{"line":69,"column":56}},"29":{"start":{"line":70,"column":4},"end":{"line":70,"column":27}},"30":{"start":{"line":71,"column":4},"end":{"line":71,"column":16}},"31":{"start":{"line":74,"column":2},"end":{"line":74,"column":40}},"32":{"start":{"line":75,"column":2},"end":{"line":75,"column":16}}},"fnMap":{"0":{"name":"isPlainObject","decl":{"start":{"line":13,"column":9},"end":{"line":13,"column":22}},"loc":{"start":{"line":13,"column":30},"end":{"line":15,"column":1}},"line":13},"1":{"name":"throwMonetaryParseError","decl":{"start":{"line":17,"column":9},"end":{"line":17,"column":32}},"loc":{"start":{"line":17,"column":48},"end":{"line":21,"column":1}},"line":17},"2":{"name":"assertMonetaryStringValue","decl":{"start":{"line":23,"column":9},"end":{"line":23,"column":34}},"loc":{"start":{"line":23,"column":48},"end":{"line":43,"column":1}},"line":23},"3":{"name":"assertStrictMonetaryJsonValue","decl":{"start":{"line":45,"column":16},"end":{"line":45,"column":45}},"loc":{"start":{"line":45,"column":65},"end":{"line":62,"column":1}},"line":45},"4":{"name":"(anonymous_4)","decl":{"start":{"line":47,"column":18},"end":{"line":47,"column":19}},"loc":{"start":{"line":47,"column":35},"end":{"line":47,"column":91}},"line":47},"5":{"name":"parseJsonWithStrictMonetaryValidation","decl":{"start":{"line":64,"column":16},"end":{"line":64,"column":53}},"loc":{"start":{"line":64,"column":84},"end":{"line":76,"column":1}},"line":64}},"branchMap":{"0":{"loc":{"start":{"line":14,"column":9},"end":{"line":14,"column":77}},"type":"binary-expr","locations":[{"start":{"line":14,"column":9},"end":{"line":14,"column":23}},{"start":{"line":14,"column":27},"end":{"line":14,"column":52}},{"start":{"line":14,"column":56},"end":{"line":14,"column":77}}],"line":14},"1":{"loc":{"start":{"line":18,"column":32},"end":{"line":18,"column":72}},"type":"cond-expr","locations":[{"start":{"line":18,"column":39},"end":{"line":18,"column":62}},{"start":{"line":18,"column":65},"end":{"line":18,"column":72}}],"line":18},"2":{"loc":{"start":{"line":24,"column":2},"end":{"line":26,"column":3}},"type":"if","locations":[{"start":{"line":24,"column":2},"end":{"line":26,"column":3}},{"start":{},"end":{}}],"line":24},"3":{"loc":{"start":{"line":28,"column":2},"end":{"line":30,"column":3}},"type":"if","locations":[{"start":{"line":28,"column":2},"end":{"line":30,"column":3}},{"start":{},"end":{}}],"line":28},"4":{"loc":{"start":{"line":32,"column":2},"end":{"line":34,"column":3}},"type":"if","locations":[{"start":{"line":32,"column":2},"end":{"line":34,"column":3}},{"start":{},"end":{}}],"line":32},"5":{"loc":{"start":{"line":36,"column":2},"end":{"line":38,"column":3}},"type":"if","locations":[{"start":{"line":36,"column":2},"end":{"line":38,"column":3}},{"start":{},"end":{}}],"line":36},"6":{"loc":{"start":{"line":40,"column":2},"end":{"line":42,"column":3}},"type":"if","locations":[{"start":{"line":40,"column":2},"end":{"line":42,"column":3}},{"start":{},"end":{}}],"line":40},"7":{"loc":{"start":{"line":45,"column":53},"end":{"line":45,"column":63}},"type":"default-arg","locations":[{"start":{"line":45,"column":60},"end":{"line":45,"column":63}}],"line":45},"8":{"loc":{"start":{"line":46,"column":2},"end":{"line":49,"column":3}},"type":"if","locations":[{"start":{"line":46,"column":2},"end":{"line":49,"column":3}},{"start":{},"end":{}}],"line":46},"9":{"loc":{"start":{"line":51,"column":2},"end":{"line":53,"column":3}},"type":"if","locations":[{"start":{"line":51,"column":2},"end":{"line":53,"column":3}},{"start":{},"end":{}}],"line":51},"10":{"loc":{"start":{"line":57,"column":4},"end":{"line":59,"column":5}},"type":"if","locations":[{"start":{"line":57,"column":4},"end":{"line":59,"column":5}},{"start":{},"end":{}}],"line":57},"11":{"loc":{"start":{"line":57,"column":8},"end":{"line":57,"column":83}},"type":"binary-expr","locations":[{"start":{"line":57,"column":8},"end":{"line":57,"column":30}},{"start":{"line":57,"column":34},"end":{"line":57,"column":54}},{"start":{"line":57,"column":58},"end":{"line":57,"column":83}}],"line":57},"12":{"loc":{"start":{"line":64,"column":59},"end":{"line":64,"column":82}},"type":"default-arg","locations":[{"start":{"line":64,"column":68},"end":{"line":64,"column":82}}],"line":64}},"s":{"0":33,"1":1033,"2":13,"3":13,"4":13,"5":46,"6":5,"7":41,"8":1,"9":40,"10":1,"11":39,"12":4,"13":35,"14":2,"15":1034,"16":1,"17":2,"18":1,"19":1033,"20":695,"21":338,"22":952,"23":952,"24":46,"25":939,"26":100,"27":100,"28":8,"29":8,"30":8,"31":92,"32":79},"f":{"0":1033,"1":13,"2":46,"3":1034,"4":2,"5":100},"b":{"0":[1033,1028,338],"1":[13,0],"2":[5,41],"3":[1,40],"4":[1,39],"5":[4,35],"6":[2,33],"7":[93],"8":[1,1033],"9":[695,338],"10":[46,906],"11":[952,49,46],"12":[0]},"_coverageSchema":"1a1c01bbd47fc00a2c39e90264f33305004495a9","hash":"79420d2f10d7a4b0e0bd02b07e1fb2275b92ed10"}
,"C:\\Users\\insid\\Desktop\\VS code project\\inside-home\\src\\validation\\strict-validate.middleware.js": {"path":"C:\\Users\\insid\\Desktop\\VS code project\\inside-home\\src\\validation\\strict-validate.middleware.js","statementMap":{"0":{"start":{"line":3,"column":27},"end":{"line":3,"column":63}},"1":{"start":{"line":6,"column":2},"end":{"line":8,"column":3}},"2":{"start":{"line":7,"column":4},"end":{"line":7,"column":88}},"3":{"start":{"line":10,"column":2},"end":{"line":28,"column":4}},"4":{"start":{"line":11,"column":4},"end":{"line":27,"column":5}},"5":{"start":{"line":12,"column":6},"end":{"line":12,"column":50}},"6":{"start":{"line":13,"column":6},"end":{"line":13,"column":20}},"7":{"start":{"line":15,"column":6},"end":{"line":24,"column":7}},"8":{"start":{"line":16,"column":8},"end":{"line":23,"column":11}},"9":{"start":{"line":26,"column":6},"end":{"line":26,"column":25}}},"fnMap":{"0":{"name":"strictValidate","decl":{"start":{"line":5,"column":16},"end":{"line":5,"column":30}},"loc":{"start":{"line":5,"column":58},"end":{"line":29,"column":1}},"line":5},"1":{"name":"(anonymous_1)","decl":{"start":{"line":10,"column":9},"end":{"line":10,"column":10}},"loc":{"start":{"line":10,"column":29},"end":{"line":28,"column":3}},"line":10}},"branchMap":{"0":{"loc":{"start":{"line":5,"column":39},"end":{"line":5,"column":56}},"type":"default-arg","locations":[{"start":{"line":5,"column":50},"end":{"line":5,"column":56}}],"line":5},"1":{"loc":{"start":{"line":6,"column":2},"end":{"line":8,"column":3}},"type":"if","locations":[{"start":{"line":6,"column":2},"end":{"line":8,"column":3}},{"start":{},"end":{}}],"line":6},"2":{"loc":{"start":{"line":15,"column":6},"end":{"line":24,"column":7}},"type":"if","locations":[{"start":{"line":15,"column":6},"end":{"line":24,"column":7}},{"start":{},"end":{}}],"line":15}},"s":{"0":28,"1":521,"2":1,"3":520,"4":165,"5":165,"6":141,"7":24,"8":23,"9":1},"f":{"0":521,"1":165},"b":{"0":[411],"1":[1,520],"2":[23,1]},"_coverageSchema":"1a1c01bbd47fc00a2c39e90264f33305004495a9","hash":"05aeb279d2e948ab842d1c1bcd1865123c655ae1"}
,"C:\\Users\\insid\\Desktop\\VS code project\\inside-home\\src\\validation\\validate.middleware.js": {"path":"C:\\Users\\insid\\Desktop\\VS code project\\inside-home\\src\\validation\\validate.middleware.js","statementMap":{"0":{"start":{"line":4,"column":27},"end":{"line":4,"column":63}},"1":{"start":{"line":7,"column":2},"end":{"line":7,"column":78}},"2":{"start":{"line":11,"column":2},"end":{"line":13,"column":3}},"3":{"start":{"line":12,"column":4},"end":{"line":12,"column":82}},"4":{"start":{"line":15,"column":2},"end":{"line":36,"column":4}},"5":{"start":{"line":16,"column":4},"end":{"line":35,"column":5}},"6":{"start":{"line":17,"column":6},"end":{"line":26,"column":7}},"7":{"start":{"line":18,"column":27},"end":{"line":18,"column":69}},"8":{"start":{"line":19,"column":8},"end":{"line":21,"column":9}},"9":{"start":{"line":20,"column":10},"end":{"line":20,"column":117}},"10":{"start":{"line":23,"column":8},"end":{"line":25,"column":9}},"11":{"start":{"line":24,"column":10},"end":{"line":24,"column":114}},"12":{"start":{"line":28,"column":6},"end":{"line":28,"column":50}},"13":{"start":{"line":29,"column":6},"end":{"line":29,"column":20}},"14":{"start":{"line":31,"column":6},"end":{"line":33,"column":7}},"15":{"start":{"line":32,"column":8},"end":{"line":32,"column":57}},"16":{"start":{"line":34,"column":6},"end":{"line":34,"column":25}}},"fnMap":{"0":{"name":"isPlainObject","decl":{"start":{"line":6,"column":9},"end":{"line":6,"column":22}},"loc":{"start":{"line":6,"column":30},"end":{"line":8,"column":1}},"line":6},"1":{"name":"validate","decl":{"start":{"line":10,"column":16},"end":{"line":10,"column":24}},"loc":{"start":{"line":10,"column":52},"end":{"line":37,"column":1}},"line":10},"2":{"name":"(anonymous_2)","decl":{"start":{"line":15,"column":9},"end":{"line":15,"column":10}},"loc":{"start":{"line":15,"column":30},"end":{"line":36,"column":3}},"line":15}},"branchMap":{"0":{"loc":{"start":{"line":7,"column":9},"end":{"line":7,"column":77}},"type":"binary-expr","locations":[{"start":{"line":7,"column":9},"end":{"line":7,"column":34}},{"start":{"line":7,"column":38},"end":{"line":7,"column":52}},{"start":{"line":7,"column":56},"end":{"line":7,"column":77}}],"line":7},"1":{"loc":{"start":{"line":10,"column":33},"end":{"line":10,"column":50}},"type":"default-arg","locations":[{"start":{"line":10,"column":44},"end":{"line":10,"column":50}}],"line":10},"2":{"loc":{"start":{"line":11,"column":2},"end":{"line":13,"column":3}},"type":"if","locations":[{"start":{"line":11,"column":2},"end":{"line":13,"column":3}},{"start":{},"end":{}}],"line":11},"3":{"loc":{"start":{"line":17,"column":6},"end":{"line":26,"column":7}},"type":"if","locations":[{"start":{"line":17,"column":6},"end":{"line":26,"column":7}},{"start":{},"end":{}}],"line":17},"4":{"loc":{"start":{"line":18,"column":34},"end":{"line":18,"column":64}},"type":"binary-expr","locations":[{"start":{"line":18,"column":34},"end":{"line":18,"column":59}},{"start":{"line":18,"column":63},"end":{"line":18,"column":64}}],"line":18},"5":{"loc":{"start":{"line":19,"column":8},"end":{"line":21,"column":9}},"type":"if","locations":[{"start":{"line":19,"column":8},"end":{"line":21,"column":9}},{"start":{},"end":{}}],"line":19},"6":{"loc":{"start":{"line":19,"column":12},"end":{"line":19,"column":53}},"type":"binary-expr","locations":[{"start":{"line":19,"column":12},"end":{"line":19,"column":22}},{"start":{"line":19,"column":26},"end":{"line":19,"column":53}}],"line":19},"7":{"loc":{"start":{"line":23,"column":8},"end":{"line":25,"column":9}},"type":"if","locations":[{"start":{"line":23,"column":8},"end":{"line":25,"column":9}},{"start":{},"end":{}}],"line":23},"8":{"loc":{"start":{"line":31,"column":6},"end":{"line":33,"column":7}},"type":"if","locations":[{"start":{"line":31,"column":6},"end":{"line":33,"column":7}},{"start":{},"end":{}}],"line":31}},"s":{"0":32,"1":17,"2":132,"3":1,"4":131,"5":20,"6":20,"7":19,"8":19,"9":2,"10":17,"11":1,"12":17,"13":1,"14":16,"15":15,"16":1},"f":{"0":17,"1":132,"2":20},"b":{"0":[17,17,17],"1":[23],"2":[1,131],"3":[19,1],"4":[19,0],"5":[2,17],"6":[19,19],"7":[1,16],"8":[15,1]},"_coverageSchema":"1a1c01bbd47fc00a2c39e90264f33305004495a9","hash":"03863b7af60043fe01f2faf2b2efdbc4abeef08e"}
,"C:\\Users\\insid\\Desktop\\VS code project\\inside-home\\src\\validation\\schemas\\analytics.schema.js": {"path":"C:\\Users\\insid\\Desktop\\VS code project\\inside-home\\src\\validation\\schemas\\analytics.schema.js","statementMap":{"0":{"start":{"line":3,"column":32},"end":{"line":12,"column":1}}},"fnMap":{},"branchMap":{},"s":{"0":32},"f":{},"b":{},"_coverageSchema":"1a1c01bbd47fc00a2c39e90264f33305004495a9","hash":"e73469d52371fef33287aed2bebb87acb8bfedba"}
,"C:\\Users\\insid\\Desktop\\VS code project\\inside-home\\src\\validation\\schemas\\auth.schema.js": {"path":"C:\\Users\\insid\\Desktop\\VS code project\\inside-home\\src\\validation\\schemas\\auth.schema.js","statementMap":{"0":{"start":{"line":3,"column":18},"end":{"line":3,"column":21}},"1":{"start":{"line":4,"column":21},"end":{"line":4,"column":22}},"2":{"start":{"line":5,"column":21},"end":{"line":5,"column":24}},"3":{"start":{"line":7,"column":20},"end":{"line":11,"column":71}},"4":{"start":{"line":13,"column":23},"end":{"line":15,"column":80}},"5":{"start":{"line":17,"column":30},"end":{"line":26,"column":59}},"6":{"start":{"line":28,"column":27},"end":{"line":33,"column":56}},"7":{"start":{"line":35,"column":27},"end":{"line":46,"column":1}}},"fnMap":{},"branchMap":{},"s":{"0":32,"1":32,"2":32,"3":32,"4":32,"5":32,"6":32,"7":32},"f":{},"b":{},"_coverageSchema":"1a1c01bbd47fc00a2c39e90264f33305004495a9","hash":"c9e2a5f87339402d4c587dc48ef33c774068a310"}
,"C:\\Users\\insid\\Desktop\\VS code project\\inside-home\\src\\validation\\schemas\\cart.schema.js": {"path":"C:\\Users\\insid\\Desktop\\VS code project\\inside-home\\src\\validation\\schemas\\cart.schema.js","statementMap":{"0":{"start":{"line":3,"column":24},"end":{"line":6,"column":2}},"1":{"start":{"line":8,"column":31},"end":{"line":8,"column":64}},"2":{"start":{"line":10,"column":31},"end":{"line":20,"column":55}},"3":{"start":{"line":22,"column":24},"end":{"line":24,"column":61}},"4":{"start":{"line":26,"column":27},"end":{"line":49,"column":1}}},"fnMap":{},"branchMap":{},"s":{"0":32,"1":32,"2":32,"3":32,"4":32},"f":{},"b":{},"_coverageSchema":"1a1c01bbd47fc00a2c39e90264f33305004495a9","hash":"adfba2bc4b63d9d2392604d5c92fea9ed3d7c68f"}
,"C:\\Users\\insid\\Desktop\\VS code project\\inside-home\\src\\validation\\schemas\\checkout.schema.js": {"path":"C:\\Users\\insid\\Desktop\\VS code project\\inside-home\\src\\validation\\schemas\\checkout.schema.js","statementMap":{"0":{"start":{"line":3,"column":34},"end":{"line":6,"column":11}},"1":{"start":{"line":8,"column":37},"end":{"line":14,"column":11}},"2":{"start":{"line":16,"column":38},"end":{"line":19,"column":11}}},"fnMap":{},"branchMap":{},"s":{"0":33,"1":33,"2":33},"f":{},"b":{},"_coverageSchema":"1a1c01bbd47fc00a2c39e90264f33305004495a9","hash":"d33c0de4631fc46926d4c7ddcdae38bbf24d09c7"}
,"C:\\Users\\insid\\Desktop\\VS code project\\inside-home\\src\\validation\\schemas\\common.schema.js": {"path":"C:\\Users\\insid\\Desktop\\VS code project\\inside-home\\src\\validation\\schemas\\common.schema.js","statementMap":{},"fnMap":{},"branchMap":{},"s":{},"f":{},"b":{},"_coverageSchema":"1a1c01bbd47fc00a2c39e90264f33305004495a9","hash":"faea7466fe91c7e6dd858a08649a864205e8fb79"}
,"C:\\Users\\insid\\Desktop\\VS code project\\inside-home\\src\\validation\\schemas\\index.js": {"path":"C:\\Users\\insid\\Desktop\\VS code project\\inside-home\\src\\validation\\schemas\\index.js","statementMap":{},"fnMap":{},"branchMap":{},"s":{},"f":{},"b":{},"_coverageSchema":"1a1c01bbd47fc00a2c39e90264f33305004495a9","hash":"fd75978363224b0cd60ece98e10b0495348f35b3"}
,"C:\\Users\\insid\\Desktop\\VS code project\\inside-home\\src\\validation\\schemas\\leads.schema.js": {"path":"C:\\Users\\insid\\Desktop\\VS code project\\inside-home\\src\\validation\\schemas\\leads.schema.js","statementMap":{"0":{"start":{"line":3,"column":32},"end":{"line":20,"column":55}},"1":{"start":{"line":22,"column":28},"end":{"line":28,"column":1}}},"fnMap":{},"branchMap":{},"s":{"0":32,"1":32},"f":{},"b":{},"_coverageSchema":"1a1c01bbd47fc00a2c39e90264f33305004495a9","hash":"8695afac3eb158d6e111fb9a5b28648901f8b2a3"}
,"C:\\Users\\insid\\Desktop\\VS code project\\inside-home\\src\\validation\\schemas\\orders.schema.js": {"path":"C:\\Users\\insid\\Desktop\\VS code project\\inside-home\\src\\validation\\schemas\\orders.schema.js","statementMap":{"0":{"start":{"line":4,"column":19},"end":{"line":4,"column":61}},"1":{"start":{"line":6,"column":29},"end":{"line":25,"column":1}},"2":{"start":{"line":20,"column":87},"end":{"line":20,"column":131}}},"fnMap":{"0":{"name":"(anonymous_0)","decl":{"start":{"line":20,"column":76},"end":{"line":20,"column":77}},"loc":{"start":{"line":20,"column":87},"end":{"line":20,"column":131}},"line":20}},"branchMap":{"0":{"loc":{"start":{"line":20,"column":87},"end":{"line":20,"column":131}},"type":"binary-expr","locations":[{"start":{"line":20,"column":87},"end":{"line":20,"column":100}},{"start":{"line":20,"column":104},"end":{"line":20,"column":131}}],"line":20}},"s":{"0":33,"1":33,"2":5},"f":{"0":5},"b":{"0":[5,2]},"_coverageSchema":"1a1c01bbd47fc00a2c39e90264f33305004495a9","hash":"029d15dfd8e3933aa348fcdd12c7c72366f11aa7"}
,"C:\\Users\\insid\\Desktop\\VS code project\\inside-home\\src\\validation\\schemas\\payments.schema.js": {"path":"C:\\Users\\insid\\Desktop\\VS code project\\inside-home\\src\\validation\\schemas\\payments.schema.js","statementMap":{"0":{"start":{"line":4,"column":19},"end":{"line":4,"column":61}},"1":{"start":{"line":6,"column":31},"end":{"line":43,"column":1}}},"fnMap":{},"branchMap":{},"s":{"0":32,"1":32},"f":{},"b":{},"_coverageSchema":"1a1c01bbd47fc00a2c39e90264f33305004495a9","hash":"558841823ce0765c1f8f871975b01c873d545dd4"}
,"C:\\Users\\insid\\Desktop\\VS code project\\inside-home\\src\\validation\\schemas\\products.schema.js": {"path":"C:\\Users\\insid\\Desktop\\VS code project\\inside-home\\src\\validation\\schemas\\products.schema.js","statementMap":{"0":{"start":{"line":3,"column":35},"end":{"line":20,"column":58}},"1":{"start":{"line":22,"column":26},"end":{"line":22,"column":90}},"2":{"start":{"line":22,"column":73},"end":{"line":22,"column":89}},"3":{"start":{"line":24,"column":31},"end":{"line":36,"column":1}}},"fnMap":{"0":{"name":"(anonymous_0)","decl":{"start":{"line":22,"column":62},"end":{"line":22,"column":63}},"loc":{"start":{"line":22,"column":73},"end":{"line":22,"column":89}},"line":22}},"branchMap":{},"s":{"0":32,"1":32,"2":1,"3":32},"f":{"0":1},"b":{},"_coverageSchema":"1a1c01bbd47fc00a2c39e90264f33305004495a9","hash":"0435e0f0f88014fcb60c467bc3cc5aa90f34491a"}
}
