{"total": {"lines":{"total":854,"covered":591,"skipped":0,"pct":69.2},"statements":{"total":975,"covered":645,"skipped":0,"pct":66.15},"functions":{"total":203,"covered":144,"skipped":0,"pct":70.93},"branches":{"total":528,"covered":314,"skipped":0,"pct":59.46},"branchesTrue":{"total":0,"covered":0,"skipped":0,"pct":100}}
,"C:\\Users\\insid\\Desktop\\VS code project\\inside-home\\src\\lib\\db-error.js": {"lines":{"total":21,"covered":21,"skipped":0,"pct":100},"functions":{"total":2,"covered":2,"skipped":0,"pct":100},"statements":{"total":21,"covered":21,"skipped":0,"pct":100},"branches":{"total":10,"covered":10,"skipped":0,"pct":100}}
,"C:\\Users\\insid\\Desktop\\VS code project\\inside-home\\src\\lib\\email.js": {"lines":{"total":6,"covered":3,"skipped":0,"pct":50},"functions":{"total":2,"covered":2,"skipped":0,"pct":100},"statements":{"total":7,"covered":4,"skipped":0,"pct":57.14},"branches":{"total":4,"covered":2,"skipped":0,"pct":50}}
,"C:\\Users\\insid\\Desktop\\VS code project\\inside-home\\src\\lib\\money.js": {"lines":{"total":33,"covered":31,"skipped":0,"pct":93.93},"functions":{"total":7,"covered":7,"skipped":0,"pct":100},"statements":{"total":35,"covered":32,"skipped":0,"pct":91.42},"branches":{"total":22,"covered":16,"skipped":0,"pct":72.72}}
,"C:\\Users\\insid\\Desktop\\VS code project\\inside-home\\src\\lib\\paypal.js": {"lines":{"total":40,"covered":30,"skipped":0,"pct":75},"functions":{"total":5,"covered":5,"skipped":0,"pct":100},"statements":{"total":40,"covered":30,"skipped":0,"pct":75},"branches":{"total":18,"covered":11,"skipped":0,"pct":61.11}}
,"C:\\Users\\insid\\Desktop\\VS code project\\inside-home\\src\\lib\\rate-limit-redis-store.js": {"lines":{"total":49,"covered":5,"skipped":0,"pct":10.2},"functions":{"total":12,"covered":0,"skipped":0,"pct":0},"statements":{"total":52,"covered":5,"skipped":0,"pct":9.61},"branches":{"total":32,"covered":0,"skipped":0,"pct":0}}
,"C:\\Users\\insid\\Desktop\\VS code project\\inside-home\\src\\lib\\simple-redis-client.js": {"lines":{"total":91,"covered":0,"skipped":0,"pct":0},"functions":{"total":22,"covered":0,"skipped":0,"pct":0},"statements":{"total":106,"covered":0,"skipped":0,"pct":0},"branches":{"total":63,"covered":0,"skipped":0,"pct":0}}
,"C:\\Users\\insid\\Desktop\\VS code project\\inside-home\\src\\lib\\stripe.js": {"lines":{"total":31,"covered":28,"skipped":0,"pct":90.32},"functions":{"total":4,"covered":4,"skipped":0,"pct":100},"statements":{"total":32,"covered":29,"skipped":0,"pct":90.62},"branches":{"total":25,"covered":21,"skipped":0,"pct":84}}
,"C:\\Users\\insid\\Desktop\\VS code project\\inside-home\\src\\middlewares\\authRateLimiter.js": {"lines":{"total":1,"covered":1,"skipped":0,"pct":100},"functions":{"total":0,"covered":0,"skipped":0,"pct":100},"statements":{"total":1,"covered":1,"skipped":0,"pct":100},"branches":{"total":0,"covered":0,"skipped":0,"pct":100}}
,"C:\\Users\\insid\\Desktop\\VS code project\\inside-home\\src\\middlewares\\authenticate.js": {"lines":{"total":29,"covered":29,"skipped":0,"pct":100},"functions":{"total":3,"covered":3,"skipped":0,"pct":100},"statements":{"total":29,"covered":29,"skipped":0,"pct":100},"branches":{"total":20,"covered":20,"skipped":0,"pct":100}}
,"C:\\Users\\insid\\Desktop\\VS code project\\inside-home\\src\\middlewares\\authorizeRole.js": {"lines":{"total":11,"covered":9,"skipped":0,"pct":81.81},"functions":{"total":4,"covered":4,"skipped":0,"pct":100},"statements":{"total":13,"covered":11,"skipped":0,"pct":84.61},"branches":{"total":14,"covered":12,"skipped":0,"pct":85.71}}
,"C:\\Users\\insid\\Desktop\\VS code project\\inside-home\\src\\middlewares\\checkoutCustomerAccess.js": {"lines":{"total":10,"covered":10,"skipped":0,"pct":100},"functions":{"total":2,"covered":2,"skipped":0,"pct":100},"statements":{"total":10,"covered":10,"skipped":0,"pct":100},"branches":{"total":10,"covered":9,"skipped":0,"pct":90}}
,"C:\\Users\\insid\\Desktop\\VS code project\\inside-home\\src\\middlewares\\checkoutIdentity.js": {"lines":{"total":13,"covered":11,"skipped":0,"pct":84.61},"functions":{"total":1,"covered":1,"skipped":0,"pct":100},"statements":{"total":13,"covered":11,"skipped":0,"pct":84.61},"branches":{"total":12,"covered":10,"skipped":0,"pct":83.33}}
,"C:\\Users\\insid\\Desktop\\VS code project\\inside-home\\src\\middlewares\\cookieParser.js": {"lines":{"total":14,"covered":13,"skipped":0,"pct":92.85},"functions":{"total":4,"covered":4,"skipped":0,"pct":100},"statements":{"total":15,"covered":13,"skipped":0,"pct":86.66},"branches":{"total":8,"covered":6,"skipped":0,"pct":75}}
,"C:\\Users\\insid\\Desktop\\VS code project\\inside-home\\src\\middlewares\\cors.js": {"lines":{"total":19,"covered":18,"skipped":0,"pct":94.73},"functions":{"total":4,"covered":4,"skipped":0,"pct":100},"statements":{"total":20,"covered":18,"skipped":0,"pct":90},"branches":{"total":15,"covered":11,"skipped":0,"pct":73.33}}
,"C:\\Users\\insid\\Desktop\\VS code project\\inside-home\\src\\middlewares\\payloadGuard.js": {"lines":{"total":28,"covered":28,"skipped":0,"pct":100},"functions":{"total":6,"covered":6,"skipped":0,"pct":100},"statements":{"total":35,"covered":30,"skipped":0,"pct":85.71},"branches":{"total":41,"covered":30,"skipped":0,"pct":73.17}}
,"C:\\Users\\insid\\Desktop\\VS code project\\inside-home\\src\\middlewares\\rateLimit.js": {"lines":{"total":53,"covered":50,"skipped":0,"pct":94.33},"functions":{"total":19,"covered":18,"skipped":0,"pct":94.73},"statements":{"total":60,"covered":57,"skipped":0,"pct":95},"branches":{"total":54,"covered":39,"skipped":0,"pct":72.22}}
,"C:\\Users\\insid\\Desktop\\VS code project\\inside-home\\src\\middlewares\\rbac.js": {"lines":{"total":12,"covered":11,"skipped":0,"pct":91.66},"functions":{"total":3,"covered":3,"skipped":0,"pct":100},"statements":{"total":12,"covered":11,"skipped":0,"pct":91.66},"branches":{"total":10,"covered":9,"skipped":0,"pct":90}}
,"C:\\Users\\insid\\Desktop\\VS code project\\inside-home\\src\\middlewares\\requestContext.js": {"lines":{"total":5,"covered":5,"skipped":0,"pct":100},"functions":{"total":1,"covered":1,"skipped":0,"pct":100},"statements":{"total":5,"covered":5,"skipped":0,"pct":100},"branches":{"total":3,"covered":3,"skipped":0,"pct":100}}
,"C:\\Users\\insid\\Desktop\\VS code project\\inside-home\\src\\middlewares\\requestLogger.js": {"lines":{"total":12,"covered":10,"skipped":0,"pct":83.33},"functions":{"total":2,"covered":2,"skipped":0,"pct":100},"statements":{"total":12,"covered":10,"skipped":0,"pct":83.33},"branches":{"total":6,"covered":4,"skipped":0,"pct":66.66}}
,"C:\\Users\\insid\\Desktop\\VS code project\\inside-home\\src\\middlewares\\requirePermission.js": {"lines":{"total":12,"covered":10,"skipped":0,"pct":83.33},"functions":{"total":5,"covered":5,"skipped":0,"pct":100},"statements":{"total":15,"covered":13,"skipped":0,"pct":86.66},"branches":{"total":12,"covered":9,"skipped":0,"pct":75}}
,"C:\\Users\\insid\\Desktop\\VS code project\\inside-home\\src\\middlewares\\securityHeaders.js": {"lines":{"total":10,"covered":10,"skipped":0,"pct":100},"functions":{"total":1,"covered":1,"skipped":0,"pct":100},"statements":{"total":10,"covered":10,"skipped":0,"pct":100},"branches":{"total":0,"covered":0,"skipped":0,"pct":100}}
,"C:\\Users\\insid\\Desktop\\VS code project\\inside-home\\src\\repositories\\analytics.repository.js": {"lines":{"total":7,"covered":7,"skipped":0,"pct":100},"functions":{"total":5,"covered":5,"skipped":0,"pct":100},"statements":{"total":17,"covered":13,"skipped":0,"pct":76.47},"branches":{"total":5,"covered":5,"skipped":0,"pct":100}}
,"C:\\Users\\insid\\Desktop\\VS code project\\inside-home\\src\\repositories\\cart.repository.js": {"lines":{"total":10,"covered":9,"skipped":0,"pct":90},"functions":{"total":6,"covered":6,"skipped":0,"pct":100},"statements":{"total":20,"covered":14,"skipped":0,"pct":70},"branches":{"total":5,"covered":5,"skipped":0,"pct":100}}
,"C:\\Users\\insid\\Desktop\\VS code project\\inside-home\\src\\repositories\\lead.repository.js": {"lines":{"total":7,"covered":7,"skipped":0,"pct":100},"functions":{"total":5,"covered":5,"skipped":0,"pct":100},"statements":{"total":17,"covered":13,"skipped":0,"pct":76.47},"branches":{"total":5,"covered":5,"skipped":0,"pct":100}}
,"C:\\Users\\insid\\Desktop\\VS code project\\inside-home\\src\\repositories\\order.repository.js": {"lines":{"total":113,"covered":62,"skipped":0,"pct":54.86},"functions":{"total":28,"covered":17,"skipped":0,"pct":60.71},"statements":{"total":132,"covered":67,"skipped":0,"pct":50.75},"branches":{"total":48,"covered":15,"skipped":0,"pct":31.25}}
,"C:\\Users\\insid\\Desktop\\VS code project\\inside-home\\src\\repositories\\product.repository.js": {"lines":{"total":7,"covered":7,"skipped":0,"pct":100},"functions":{"total":5,"covered":5,"skipped":0,"pct":100},"statements":{"total":17,"covered":13,"skipped":0,"pct":76.47},"branches":{"total":5,"covered":5,"skipped":0,"pct":100}}
,"C:\\Users\\insid\\Desktop\\VS code project\\inside-home\\src\\repositories\\user.repository.js": {"lines":{"total":42,"covered":27,"skipped":0,"pct":64.28},"functions":{"total":9,"covered":9,"skipped":0,"pct":100},"statements":{"total":43,"covered":28,"skipped":0,"pct":65.11},"branches":{"total":11,"covered":8,"skipped":0,"pct":72.72}}
,"C:\\Users\\insid\\Desktop\\VS code project\\inside-home\\src\\routes\\admin-example.routes.js": {"lines":{"total":5,"covered":4,"skipped":0,"pct":80},"functions":{"total":2,"covered":1,"skipped":0,"pct":50},"statements":{"total":5,"covered":4,"skipped":0,"pct":80},"branches":{"total":0,"covered":0,"skipped":0,"pct":100}}
,"C:\\Users\\insid\\Desktop\\VS code project\\inside-home\\src\\routes\\admin-routes.js": {"lines":{"total":4,"covered":4,"skipped":0,"pct":100},"functions":{"total":1,"covered":1,"skipped":0,"pct":100},"statements":{"total":4,"covered":4,"skipped":0,"pct":100},"branches":{"total":0,"covered":0,"skipped":0,"pct":100}}
,"C:\\Users\\insid\\Desktop\\VS code project\\inside-home\\src\\routes\\analytics.routes.js": {"lines":{"total":3,"covered":3,"skipped":0,"pct":100},"functions":{"total":2,"covered":1,"skipped":0,"pct":50},"statements":{"total":5,"covered":4,"skipped":0,"pct":80},"branches":{"total":0,"covered":0,"skipped":0,"pct":100}}
,"C:\\Users\\insid\\Desktop\\VS code project\\inside-home\\src\\routes\\auth.routes.js": {"lines":{"total":62,"covered":48,"skipped":0,"pct":77.41},"functions":{"total":9,"covered":8,"skipped":0,"pct":88.88},"statements":{"total":64,"covered":50,"skipped":0,"pct":78.12},"branches":{"total":25,"covered":16,"skipped":0,"pct":64}}
,"C:\\Users\\insid\\Desktop\\VS code project\\inside-home\\src\\routes\\cart.routes.js": {"lines":{"total":5,"covered":5,"skipped":0,"pct":100},"functions":{"total":4,"covered":0,"skipped":0,"pct":0},"statements":{"total":9,"covered":5,"skipped":0,"pct":55.55},"branches":{"total":0,"covered":0,"skipped":0,"pct":100}}
,"C:\\Users\\insid\\Desktop\\VS code project\\inside-home\\src\\routes\\leads.routes.js": {"lines":{"total":3,"covered":3,"skipped":0,"pct":100},"functions":{"total":2,"covered":0,"skipped":0,"pct":0},"statements":{"total":5,"covered":3,"skipped":0,"pct":60},"branches":{"total":0,"covered":0,"skipped":0,"pct":100}}
,"C:\\Users\\insid\\Desktop\\VS code project\\inside-home\\src\\routes\\orders.routes.js": {"lines":{"total":18,"covered":17,"skipped":0,"pct":94.44},"functions":{"total":3,"covered":2,"skipped":0,"pct":66.66},"statements":{"total":19,"covered":17,"skipped":0,"pct":89.47},"branches":{"total":10,"covered":10,"skipped":0,"pct":100}}
,"C:\\Users\\insid\\Desktop\\VS code project\\inside-home\\src\\routes\\payments.routes.js": {"lines":{"total":20,"covered":18,"skipped":0,"pct":90},"functions":{"total":7,"covered":7,"skipped":0,"pct":100},"statements":{"total":24,"covered":22,"skipped":0,"pct":91.66},"branches":{"total":10,"covered":7,"skipped":0,"pct":70}}
,"C:\\Users\\insid\\Desktop\\VS code project\\inside-home\\src\\routes\\products.routes.js": {"lines":{"total":4,"covered":4,"skipped":0,"pct":100},"functions":{"total":3,"covered":1,"skipped":0,"pct":33.33},"statements":{"total":7,"covered":5,"skipped":0,"pct":71.42},"branches":{"total":0,"covered":0,"skipped":0,"pct":100}}
,"C:\\Users\\insid\\Desktop\\VS code project\\inside-home\\src\\routes\\webhooks.routes.js": {"lines":{"total":44,"covered":33,"skipped":0,"pct":75},"functions":{"total":3,"covered":2,"skipped":0,"pct":66.66},"statements":{"total":44,"covered":33,"skipped":0,"pct":75},"branches":{"total":25,"covered":16,"skipped":0,"pct":64}}
}
