TN:
SF:src\app.js
FN:31,(anonymous_0)
FN:40,(anonymous_1)
FNF:2
FNH:2
FNDA:1,(anonymous_0)
FNDA:2,(anonymous_1)
DA:20,25
DA:22,25
DA:23,25
DA:24,25
DA:25,25
DA:26,25
DA:27,25
DA:28,25
DA:29,25
DA:31,25
DA:32,1
DA:40,25
DA:41,2
DA:42,2
DA:43,2
DA:53,25
DA:54,25
DA:55,25
DA:56,25
DA:57,25
DA:58,25
DA:59,25
DA:60,25
DA:61,25
DA:62,25
DA:63,25
DA:65,25
LF:27
LH:27
BRDA:42,0,0,1
BRDA:42,0,1,1
BRDA:43,1,0,1
BRDA:43,1,1,1
BRF:4
BRH:4
end_of_record
TN:
SF:src\config\boot-infrastructure.js
FN:6,isProduction
FN:10,readErrorMessage
FN:17,assertProductionInfrastructureOrExit
FN:21,(anonymous_3)
FNF:4
FNH:3
FNDA:3,isProduction
FNDA:2,readErrorMessage
FNDA:3,assertProductionInfrastructureOrExit
FNDA:0,(anonymous_3)
DA:7,3
DA:11,2
DA:12,2
DA:14,0
DA:22,0
DA:23,0
DA:24,0
DA:31,3
DA:32,1
DA:35,2
DA:36,2
DA:37,2
DA:38,1
DA:41,1
DA:42,0
DA:45,1
DA:46,1
DA:48,0
DA:50,2
DA:51,2
DA:56,2
DA:57,2
DA:58,2
LF:23
LH:17
BRDA:6,0,0,0
BRDA:11,1,0,2
BRDA:11,1,1,0
BRDA:11,2,0,2
BRDA:11,2,1,2
BRDA:11,2,2,2
BRDA:17,3,0,0
BRDA:18,4,0,0
BRDA:19,5,0,0
BRDA:20,6,0,0
BRDA:21,7,0,0
BRDA:23,8,0,0
BRDA:23,8,1,0
BRDA:28,9,0,0
BRDA:29,10,0,0
BRDA:31,11,0,1
BRDA:31,11,1,2
BRDA:37,12,0,1
BRDA:37,12,1,1
BRDA:41,13,0,0
BRDA:41,13,1,1
BRF:21
BRH:9
end_of_record
TN:
SF:src\config\boot-validation.js
FN:4,isProduction
FN:8,parseBoolean
FN:14,parseCorsWhitelist
FN:17,(anonymous_3)
FN:21,hasValidCorsOrigin
FN:32,validateBootConfig
FN:88,assertProductionBootConfigOrExit
FNF:7
FNH:7
FNDA:4,isProduction
FNDA:10,parseBoolean
FNDA:5,parseCorsWhitelist
FNDA:5,(anonymous_3)
FNDA:5,hasValidCorsOrigin
FNDA:5,validateBootConfig
FNDA:4,assertProductionBootConfigOrExit
DA:5,4
DA:9,10
DA:10,2
DA:11,2
DA:15,5
DA:17,5
DA:22,5
DA:24,4
DA:25,4
DA:26,4
DA:28,0
DA:33,5
DA:34,5
DA:35,5
DA:37,5
DA:39,5
DA:40,5
DA:43,5
DA:44,2
DA:47,5
DA:48,5
DA:51,5
DA:52,1
DA:55,5
DA:56,1
DA:59,5
DA:60,1
DA:63,5
DA:64,1
DA:67,5
DA:68,1
DA:71,5
DA:72,5
DA:73,0
DA:76,5
DA:77,5
DA:78,1
DA:82,5
DA:89,4
DA:91,3
DA:92,3
DA:94,3
DA:98,3
LF:43
LH:41
BRDA:4,0,0,0
BRDA:9,1,0,8
BRDA:9,1,1,2
BRDA:15,2,0,5
BRDA:15,2,1,0
BRDA:22,3,0,1
BRDA:22,3,1,4
BRDA:22,4,0,5
BRDA:22,4,1,5
BRDA:32,5,0,0
BRDA:39,6,0,5
BRDA:39,6,1,0
BRDA:43,7,0,2
BRDA:43,7,1,3
BRDA:47,8,0,5
BRDA:47,8,1,0
BRDA:51,9,0,1
BRDA:51,9,1,4
BRDA:55,10,0,1
BRDA:55,10,1,4
BRDA:59,11,0,1
BRDA:59,11,1,4
BRDA:63,12,0,1
BRDA:63,12,1,4
BRDA:63,13,0,5
BRDA:63,13,1,1
BRDA:67,14,0,1
BRDA:67,14,1,4
BRDA:67,15,0,5
BRDA:67,15,1,1
BRDA:72,16,0,0
BRDA:72,16,1,5
BRDA:77,17,0,1
BRDA:77,17,1,4
BRDA:88,18,0,0
BRDA:89,19,0,1
BRDA:89,19,1,3
BRDA:92,20,0,0
BRDA:92,20,1,3
BRF:39
BRH:31
end_of_record
TN:
SF:src\errors\app-error.js
FN:2,(anonymous_0)
FN:17,(anonymous_1)
FN:23,(anonymous_2)
FN:29,(anonymous_3)
FN:35,(anonymous_4)
FNF:5
FNH:5
FNDA:39,(anonymous_0)
FNDA:2,(anonymous_1)
FNDA:2,(anonymous_2)
FNDA:2,(anonymous_3)
FNDA:2,(anonymous_4)
DA:8,39
DA:9,39
DA:10,39
DA:11,39
DA:12,39
DA:18,2
DA:24,2
DA:30,2
DA:36,2
LF:9
LH:9
BRDA:2,0,0,1
BRDA:3,1,0,2
BRDA:4,2,0,2
BRDA:5,3,0,2
BRDA:6,4,0,1
BRDA:12,5,0,38
BRDA:12,5,1,1
BRDA:17,6,0,1
BRDA:17,7,0,1
BRDA:23,8,0,1
BRDA:23,9,0,1
BRDA:29,10,0,1
BRDA:29,11,0,1
BRDA:35,12,0,1
BRDA:35,13,0,1
BRF:15
BRH:15
end_of_record
TN:
SF:src\errors\validation-error.js
FN:4,toField
FN:12,(anonymous_1)
FN:21,(anonymous_2)
FN:26,(anonymous_3)
FNF:4
FNH:4
FNDA:26,toField
FNDA:26,(anonymous_1)
FNDA:21,(anonymous_2)
FNDA:26,(anonymous_3)
DA:5,26
DA:6,5
DA:8,21
DA:13,26
DA:22,21
DA:23,2
DA:26,26
DA:31,19
LF:8
LH:8
BRDA:4,0,0,1
BRDA:5,1,0,5
BRDA:5,1,1,21
BRDA:5,2,0,26
BRDA:5,2,1,25
BRDA:12,3,0,3
BRDA:12,4,0,25
BRDA:22,5,0,2
BRDA:22,5,1,19
BRF:9
BRH:9
end_of_record
TN:
SF:src\lib\db-error.js
FN:3,logDbError
FN:12,normalizeDbError
FNF:2
FNH:2
FNDA:74,logDbError
FNDA:74,normalizeDbError
DA:4,74
DA:13,74
DA:14,60
DA:15,60
DA:18,14
DA:19,3
DA:21,3
DA:22,3
DA:23,3
DA:24,3
DA:27,11
DA:28,2
DA:30,2
DA:31,2
DA:32,2
DA:33,2
DA:36,9
DA:38,9
DA:39,9
DA:40,9
DA:41,9
LF:21
LH:21
BRDA:12,0,0,1
BRDA:13,1,0,60
BRDA:13,1,1,14
BRDA:13,2,0,74
BRDA:13,2,1,60
BRDA:13,2,2,60
BRDA:18,3,0,3
BRDA:18,3,1,11
BRDA:27,4,0,2
BRDA:27,4,1,9
BRF:10
BRH:10
end_of_record
TN:
SF:src\lib\paypal.js
FN:3,getRequiredEnv
FN:14,getAccessToken
FN:45,parseVerificationHeaders
FN:55,assertVerificationHeaders
FN:64,(anonymous_4)
FN:67,verifyWebhookSignature
FNF:6
FNH:6
FNDA:23,getRequiredEnv
FNDA:7,getAccessToken
FNDA:8,parseVerificationHeaders
FNDA:8,assertVerificationHeaders
FNDA:36,(anonymous_4)
FNDA:9,verifyWebhookSignature
DA:1,26
DA:4,23
DA:5,23
DA:6,1
DA:7,1
DA:8,1
DA:11,22
DA:15,7
DA:16,7
DA:17,7
DA:19,7
DA:20,7
DA:29,7
DA:30,1
DA:31,1
DA:32,1
DA:35,6
DA:36,6
DA:37,1
DA:38,1
DA:39,1
DA:42,5
DA:46,8
DA:56,8
DA:64,36
DA:68,9
DA:69,8
DA:70,8
DA:72,8
DA:73,1
DA:80,7
DA:82,5
DA:95,5
DA:96,1
DA:103,4
DA:104,4
DA:106,4
DA:113,26
LF:38
LH:38
BRDA:5,0,0,1
BRDA:5,0,1,22
BRDA:17,1,0,7
BRDA:17,1,1,1
BRDA:29,2,0,1
BRDA:29,2,1,6
BRDA:36,3,0,1
BRDA:36,3,1,5
BRDA:69,4,0,8
BRDA:69,4,1,1
BRDA:72,5,0,1
BRDA:72,5,1,7
BRDA:95,6,0,1
BRDA:95,6,1,4
BRDA:104,7,0,4
BRDA:104,7,1,1
BRF:16
BRH:16
end_of_record
TN:
SF:src\lib\prisma.js
FN:5,createPrismaTestDouble
FN:8,(anonymous_1)
FN:9,(anonymous_2)
FN:10,(anonymous_3)
FN:11,(anonymous_4)
FN:12,(anonymous_5)
FN:13,(anonymous_6)
FN:14,(anonymous_7)
FN:15,(anonymous_8)
FN:16,(anonymous_9)
FN:17,(anonymous_10)
FN:18,(anonymous_11)
FN:21,(anonymous_12)
FN:27,(anonymous_13)
FN:37,(anonymous_14)
FN:40,(anonymous_15)
FN:43,(anonymous_16)
FN:54,(anonymous_17)
FNF:18
FNH:18
FNDA:30,createPrismaTestDouble
FNDA:1,(anonymous_1)
FNDA:5,(anonymous_2)
FNDA:1,(anonymous_3)
FNDA:2,(anonymous_4)
FNDA:2,(anonymous_5)
FNDA:1,(anonymous_6)
FNDA:2,(anonymous_7)
FNDA:1,(anonymous_8)
FNDA:1,(anonymous_9)
FNDA:113,(anonymous_10)
FNDA:1,(anonymous_11)
FNDA:166,(anonymous_12)
FNDA:1,(anonymous_13)
FNDA:2,(anonymous_14)
FNDA:1,(anonymous_15)
FNDA:3,(anonymous_16)
FNDA:245,(anonymous_17)
DA:3,37
DA:6,30
DA:8,1
DA:9,5
DA:10,1
DA:11,2
DA:12,2
DA:13,1
DA:14,2
DA:15,1
DA:16,1
DA:17,113
DA:18,1
DA:22,166
DA:23,1
DA:26,165
DA:27,1
DA:30,165
DA:35,30
DA:38,2
DA:41,1
DA:44,3
DA:45,1
DA:47,2
DA:48,1
DA:50,1
DA:55,245
DA:56,106
DA:59,139
DA:60,1
DA:63,138
DA:69,37
DA:72,37
DA:79,37
DA:80,36
LF:35
LH:35
BRDA:11,0,0,2
BRDA:11,0,1,1
BRDA:12,1,0,2
BRDA:12,1,1,1
BRDA:14,2,0,2
BRDA:14,2,1,1
BRDA:22,3,0,1
BRDA:22,3,1,165
BRDA:26,4,0,1
BRDA:26,4,1,164
BRDA:44,5,0,1
BRDA:44,5,1,2
BRDA:47,6,0,1
BRDA:47,6,1,1
BRDA:55,7,0,106
BRDA:55,7,1,139
BRDA:59,8,0,1
BRDA:59,8,1,138
BRDA:69,9,0,37
BRDA:69,9,1,30
BRDA:72,10,0,37
BRDA:72,10,1,36
BRDA:73,11,0,30
BRDA:73,11,1,6
BRDA:79,12,0,36
BRDA:79,12,1,1
BRF:26
BRH:26
end_of_record
TN:
SF:src\lib\rate-limit-redis-store.js
FN:12,nowPlus
FN:16,createRateLimitRedisStore
FN:21,increment
FN:58,(anonymous_3)
FNF:4
FNH:4
FNDA:424,nowPlus
FNDA:77,createRateLimitRedisStore
FNDA:433,increment
FNDA:118,(anonymous_3)
DA:3,69
DA:13,424
DA:17,77
DA:18,1
DA:22,433
DA:24,433
DA:25,8
DA:26,8
DA:31,8
DA:34,425
DA:35,425
DA:39,424
DA:40,424
DA:41,424
DA:47,1
DA:52,1
DA:56,76
DA:59,118
DA:60,118
DA:61,118
LF:20
LH:20
BRDA:16,0,0,1
BRDA:17,1,0,1
BRDA:17,1,1,76
BRDA:24,2,0,8
BRDA:24,2,1,425
BRDA:39,3,0,424
BRDA:39,3,1,0
BRDA:40,4,0,424
BRDA:40,4,1,0
BRDA:43,5,0,424
BRDA:43,5,1,0
BRDA:60,6,0,118
BRDA:60,6,1,0
BRDA:60,7,0,118
BRDA:60,7,1,118
BRF:15
BRH:11
end_of_record
TN:
SF:src\lib\refresh-token-redis-client.js
FN:5,resolveRedisFactory
FN:13,connectRefreshTokenRedis
FN:29,(anonymous_2)
FN:32,(anonymous_3)
FN:41,resetRefreshTokenRedisClientForTests
FNF:5
FNH:0
FNDA:0,resolveRedisFactory
FNDA:0,connectRefreshTokenRedis
FNDA:0,(anonymous_2)
FNDA:0,(anonymous_3)
FNDA:0,resetRefreshTokenRedisClientForTests
DA:3,1
DA:6,0
DA:7,0
DA:8,0
DA:10,0
DA:14,0
DA:15,0
DA:18,0
DA:19,0
DA:20,0
DA:21,0
DA:23,0
DA:26,0
DA:27,0
DA:29,0
DA:32,0
DA:37,0
DA:38,0
DA:42,0
LF:19
LH:1
BRDA:7,0,0,0
BRDA:7,0,1,0
BRDA:13,1,0,0
BRDA:13,2,0,0
BRDA:13,3,0,0
BRDA:14,4,0,0
BRDA:14,4,1,0
BRDA:18,5,0,0
BRDA:18,5,1,0
BRDA:19,6,0,0
BRDA:19,6,1,0
BRDA:20,7,0,0
BRDA:20,7,1,0
BRF:13
BRH:0
end_of_record
TN:
SF:src\lib\simple-redis-client.js
FN:11,delay
FN:12,(anonymous_1)
FN:15,withTimeout
FN:16,(anonymous_3)
FN:17,(anonymous_4)
FN:22,(anonymous_5)
FN:26,(anonymous_6)
FN:33,computeBackoff
FN:37,createSimpleRedisClient
FN:56,(anonymous_9)
FN:61,(anonymous_10)
FN:66,(anonymous_11)
FN:70,connect
FN:98,quit
FN:113,(anonymous_14)
FNF:15
FNH:15
FNDA:1,delay
FNDA:1,(anonymous_1)
FNDA:6,withTimeout
FNDA:6,(anonymous_3)
FNDA:1,(anonymous_4)
FNDA:2,(anonymous_5)
FNDA:3,(anonymous_6)
FNDA:1,computeBackoff
FNDA:8,createSimpleRedisClient
FNDA:4,(anonymous_9)
FNDA:1,(anonymous_10)
FNDA:1,(anonymous_11)
FNDA:5,connect
FNDA:2,quit
FNDA:2,(anonymous_14)
DA:3,2
DA:12,1
DA:16,6
DA:17,6
DA:18,1
DA:21,6
DA:23,2
DA:24,2
DA:27,3
DA:28,3
DA:34,1
DA:38,8
DA:47,8
DA:49,8
DA:50,1
DA:53,7
DA:54,7
DA:56,7
DA:57,4
DA:58,4
DA:61,7
DA:62,1
DA:63,1
DA:66,7
DA:67,1
DA:71,5
DA:72,5
DA:73,6
DA:74,6
DA:75,6
DA:80,2
DA:81,2
DA:82,2
DA:84,4
DA:85,4
DA:86,4
DA:87,3
DA:88,2
DA:90,1
DA:92,1
DA:95,0
DA:99,2
DA:100,2
DA:101,1
DA:102,1
DA:104,1
DA:105,1
DA:109,7
DA:113,2
LF:49
LH:48
BRDA:37,0,0,1
BRDA:49,1,0,1
BRDA:49,1,1,7
BRDA:56,2,0,1
BRDA:62,3,0,1
BRDA:62,3,1,0
BRDA:86,4,0,3
BRDA:86,4,1,1
BRDA:87,5,0,2
BRDA:87,5,1,1
BRF:10
BRH:9
end_of_record
TN:
SF:src\lib\stripe.js
FN:6,parseStripeSignature
FN:26,assertTimestampWithinTolerance
FN:38,verifySignature
FN:52,(anonymous_3)
FN:68,constructEvent
FNF:5
FNH:5
FNDA:40,parseStripeSignature
FNDA:37,assertTimestampWithinTolerance
FNDA:40,verifySignature
FNDA:32,(anonymous_3)
FNDA:42,constructEvent
DA:4,26
DA:7,40
DA:8,1
DA:11,39
DA:13,39
DA:14,76
DA:15,76
DA:16,75
DA:17,75
DA:20,39
DA:27,37
DA:28,37
DA:29,1
DA:32,36
DA:33,36
DA:34,4
DA:39,40
DA:40,39
DA:41,2
DA:44,37
DA:46,32
DA:47,32
DA:52,32
DA:53,32
DA:54,32
DA:56,32
DA:57,0
DA:60,32
DA:63,32
DA:64,1
DA:69,42
DA:70,1
DA:73,41
DA:74,1
DA:77,40
DA:84,31
DA:85,31
DA:87,2
DA:91,26
LF:39
LH:38
BRDA:7,0,0,1
BRDA:7,0,1,39
BRDA:7,1,0,40
BRDA:7,1,1,39
BRDA:15,2,0,1
BRDA:15,2,1,75
BRDA:15,3,0,76
BRDA:15,3,1,76
BRDA:16,4,0,75
BRDA:16,4,1,0
BRDA:22,5,0,39
BRDA:22,5,1,2
BRDA:28,6,0,1
BRDA:28,6,1,36
BRDA:33,7,0,4
BRDA:33,7,1,32
BRDA:38,8,0,0
BRDA:40,9,0,2
BRDA:40,9,1,37
BRDA:40,10,0,39
BRDA:40,10,1,38
BRDA:56,11,0,0
BRDA:56,11,1,32
BRDA:63,12,0,1
BRDA:63,12,1,31
BRDA:68,13,0,10
BRDA:69,14,0,1
BRDA:69,14,1,41
BRDA:73,15,0,1
BRDA:73,15,1,40
BRDA:81,16,0,40
BRDA:81,16,1,8
BRF:32
BRH:29
end_of_record
TN:
SF:src\lib\webhook-idempotency-store.js
FN:3,toKey
FN:7,createMemoryStore
FN:10,cleanupExpired
FN:20,(anonymous_3)
FN:32,createWebhookIdempotencyStore
FN:35,claim
FNF:6
FNH:6
FNDA:28,toKey
FNDA:16,createMemoryStore
FNDA:28,cleanupExpired
FNDA:28,(anonymous_3)
FNDA:16,createWebhookIdempotencyStore
FNDA:28,claim
DA:1,25
DA:4,28
DA:8,16
DA:11,28
DA:12,28
DA:13,28
DA:14,0
DA:19,16
DA:21,28
DA:22,28
DA:23,8
DA:26,20
DA:27,20
DA:33,16
DA:36,28
DA:37,0
DA:40,28
DA:42,28
DA:43,0
DA:44,0
DA:49,28
DA:50,28
DA:55,16
LF:23
LH:19
BRDA:7,0,0,0
BRDA:13,1,0,0
BRDA:13,1,1,28
BRDA:22,2,0,8
BRDA:22,2,1,20
BRDA:32,3,0,16
BRDA:32,4,0,16
BRDA:32,5,0,16
BRDA:32,6,0,16
BRDA:36,7,0,0
BRDA:36,7,1,28
BRDA:36,8,0,28
BRDA:36,8,1,28
BRDA:36,8,2,28
BRDA:42,9,0,0
BRDA:42,9,1,28
BRDA:44,10,0,0
BRDA:44,10,1,0
BRDA:50,11,0,20
BRDA:50,11,1,8
BRF:20
BRH:14
end_of_record
TN:
SF:src\middlewares\authRateLimiter.js
FNF:0
FNH:0
DA:3,2
LF:1
LH:1
BRF:0
BRH:0
end_of_record
TN:
SF:src\middlewares\authenticate.js
FN:8,unauthorized
FN:12,logAuthenticationFailure
FN:24,authenticate
FNF:3
FNH:3
FNDA:15,unauthorized
FNDA:8,logAuthenticationFailure
FNDA:48,authenticate
DA:6,30
DA:9,15
DA:13,8
DA:25,48
DA:27,48
DA:28,5
DA:31,43
DA:32,43
DA:33,2
DA:36,41
DA:37,41
DA:38,0
DA:41,41
DA:42,41
DA:43,3
DA:46,38
DA:47,6
DA:51,6
DA:54,32
DA:55,32
DA:56,32
DA:57,2
DA:58,2
DA:61,30
DA:68,30
DA:74,30
LF:26
LH:25
BRDA:27,0,0,5
BRDA:27,0,1,43
BRDA:32,1,0,2
BRDA:32,1,1,41
BRDA:32,2,0,43
BRDA:32,2,1,41
BRDA:37,3,0,0
BRDA:37,3,1,41
BRDA:42,4,0,3
BRDA:42,4,1,38
BRDA:42,5,0,41
BRDA:42,5,1,9
BRDA:46,6,0,6
BRDA:46,6,1,32
BRDA:55,7,0,32
BRDA:55,7,1,2
BRDA:56,8,0,2
BRDA:56,8,1,30
BRF:18
BRH:17
end_of_record
TN:
SF:src\middlewares\authorizeRole.js
FN:11,authorizeRole
FN:14,(anonymous_1)
FN:18,(anonymous_2)
FN:20,authorizeRoleMiddleware
FNF:4
FNH:4
FNDA:114,authorizeRole
FNDA:141,(anonymous_1)
FNDA:136,(anonymous_2)
FNDA:10,authorizeRoleMiddleware
DA:12,114
DA:14,141
DA:15,5
DA:18,136
DA:20,109
DA:21,10
DA:22,1
DA:25,9
DA:27,9
DA:28,5
DA:31,4
LF:11
LH:11
BRDA:12,0,0,32
BRDA:12,0,1,82
BRDA:14,1,0,5
BRDA:14,1,1,109
BRDA:14,2,0,114
BRDA:14,2,1,112
BRDA:14,3,0,141
BRDA:14,3,1,139
BRDA:21,4,0,1
BRDA:21,4,1,9
BRDA:27,5,0,5
BRDA:27,5,1,4
BRDA:27,6,0,9
BRDA:27,6,1,8
BRF:14
BRH:14
end_of_record
TN:
SF:src\middlewares\checkoutCustomerAccess.js
FN:18,checkoutCustomerAccess
FN:33,enforceOrderOwnership
FNF:2
FNH:2
FNDA:18,checkoutCustomerAccess
FNDA:6,enforceOrderOwnership
DA:19,18
DA:20,1
DA:23,17
DA:24,3
DA:27,14
DA:34,6
DA:35,1
DA:38,5
DA:39,1
DA:42,4
LF:10
LH:10
BRDA:19,0,0,1
BRDA:19,0,1,17
BRDA:23,1,0,3
BRDA:23,1,1,14
BRDA:34,2,0,1
BRDA:34,2,1,5
BRDA:38,3,0,1
BRDA:38,3,1,4
BRDA:38,4,0,5
BRDA:38,4,1,0
BRF:10
BRH:9
end_of_record
TN:
SF:src\middlewares\checkoutIdentity.js
FN:10,ensureCheckoutSessionJWT
FNF:1
FNH:1
FNDA:13,ensureCheckoutSessionJWT
DA:11,13
DA:12,12
DA:15,1
DA:16,1
DA:17,0
DA:20,1
DA:25,1
DA:26,0
DA:29,1
DA:38,1
DA:39,1
DA:40,1
LF:12
LH:10
BRDA:11,0,0,12
BRDA:11,0,1,1
BRDA:15,1,0,1
BRDA:15,1,1,1
BRDA:16,2,0,0
BRDA:16,2,1,1
BRDA:16,3,0,1
BRDA:16,3,1,1
BRDA:25,4,0,0
BRDA:25,4,1,1
BRDA:25,5,0,1
BRDA:25,5,1,1
BRF:12
BRH:10
end_of_record
TN:
SF:src\middlewares\cookieParser.js
FN:1,decodeCookieValue
FN:9,cookieParser
FNF:2
FNH:2
FNDA:8,decodeCookieValue
FNDA:263,cookieParser
DA:2,8
DA:3,8
DA:5,0
DA:10,263
DA:11,263
DA:13,263
DA:14,3
DA:15,3
DA:16,8
DA:17,8
DA:18,8
DA:19,8
DA:23,263
DA:24,263
LF:14
LH:13
BRDA:13,0,0,3
BRDA:13,0,1,260
BRDA:17,1,0,0
BRDA:17,1,1,8
BRF:4
BRH:3
end_of_record
TN:
SF:src\middlewares\cors.js
FN:3,parseAllowedOrigins
FN:6,(anonymous_1)
FN:10,isAllowed
FN:15,corsMiddleware
FNF:4
FNH:4
FNDA:265,parseAllowedOrigins
FNDA:265,(anonymous_1)
FNDA:3,isAllowed
FNDA:265,corsMiddleware
DA:4,265
DA:6,265
DA:11,3
DA:12,0
DA:16,265
DA:17,265
DA:19,265
DA:20,0
DA:23,265
DA:24,3
DA:25,0
DA:28,3
DA:29,0
DA:30,0
DA:32,3
DA:33,3
DA:34,3
DA:37,265
DA:38,0
DA:41,265
LF:20
LH:14
BRDA:4,0,0,265
BRDA:4,0,1,262
BRDA:11,1,0,3
BRDA:11,1,1,0
BRDA:19,2,0,0
BRDA:19,2,1,265
BRDA:19,3,0,265
BRDA:19,3,1,1
BRDA:19,3,2,1
BRDA:23,4,0,3
BRDA:23,4,1,262
BRDA:24,5,0,0
BRDA:24,5,1,3
BRDA:28,6,0,0
BRDA:28,6,1,3
BRDA:37,7,0,0
BRDA:37,7,1,265
BRF:17
BRH:12
end_of_record
TN:
SF:src\middlewares\error-handler.js
FN:4,resolveStatusCode
FN:18,normalizePayload
FN:47,resolveLogLevel
FN:51,errorHandler
FNF:4
FNH:4
FNDA:38,resolveStatusCode
FNDA:38,normalizePayload
FNDA:38,resolveLogLevel
FNDA:38,errorHandler
DA:5,38
DA:7,18
DA:8,10
DA:11,8
DA:12,1
DA:15,7
DA:19,38
DA:20,38
DA:21,38
DA:22,38
DA:24,38
DA:25,38
DA:26,20
DA:27,18
DA:28,7
DA:29,11
DA:30,9
DA:33,38
DA:34,38
DA:36,38
DA:37,14
DA:40,38
DA:41,12
DA:44,38
DA:48,38
DA:52,38
DA:53,38
DA:55,38
DA:64,38
LF:29
LH:29
BRDA:5,0,0,20
BRDA:5,0,1,18
BRDA:7,1,0,10
BRDA:7,1,1,8
BRDA:7,2,0,18
BRDA:7,2,1,10
BRDA:7,2,2,10
BRDA:11,3,0,1
BRDA:11,3,1,7
BRDA:11,4,0,8
BRDA:11,4,1,1
BRDA:11,4,2,1
BRDA:22,5,0,20
BRDA:22,5,1,18
BRDA:22,6,0,18
BRDA:22,6,1,12
BRDA:25,7,0,20
BRDA:25,7,1,18
BRDA:27,8,0,7
BRDA:27,8,1,11
BRDA:28,9,0,7
BRDA:28,9,1,1
BRDA:29,10,0,9
BRDA:29,10,1,2
BRDA:30,11,0,9
BRDA:30,11,1,1
BRDA:33,12,0,20
BRDA:33,12,1,18
BRDA:33,13,0,38
BRDA:33,13,1,20
BRDA:36,14,0,14
BRDA:36,14,1,24
BRDA:36,15,0,38
BRDA:36,15,1,35
BRDA:36,15,2,16
BRDA:40,16,0,12
BRDA:40,16,1,26
BRDA:48,17,0,11
BRDA:48,17,1,27
BRDA:61,18,0,3
BRDA:61,18,1,35
BRF:41
BRH:41
end_of_record
TN:
SF:src\middlewares\rateLimit.js
FN:8,setRateLimitRedisClient
FN:12,getRateLimitRedisClient
FN:16,isRateLimitBackendHealthy
FN:29,sanitizeIp
FN:35,resolveClientIp
FN:58,endpointToken
FN:64,createRateLimiter
FN:69,rateLimiter
FN:99,(anonymous_8)
FN:104,(anonymous_9)
FN:107,(anonymous_10)
FN:108,(anonymous_11)
FN:111,(anonymous_12)
FN:116,(anonymous_13)
FN:117,(anonymous_14)
FN:120,(anonymous_15)
FN:124,resetRateLimiters
FNF:17
FNH:16
FNDA:92,setRateLimitRedisClient
FNDA:0,getRateLimitRedisClient
FNDA:2,isRateLimitBackendHealthy
FNDA:412,sanitizeIp
FNDA:410,resolveClientIp
FNDA:264,endpointToken
FNDA:145,createRateLimiter
FNDA:413,rateLimiter
FNDA:118,(anonymous_8)
FNDA:522,(anonymous_9)
FNDA:262,(anonymous_10)
FNDA:262,(anonymous_11)
FNDA:262,(anonymous_12)
FNDA:142,(anonymous_13)
FNDA:142,(anonymous_14)
FNDA:142,(anonymous_15)
FNDA:59,resetRateLimiters
DA:6,69
DA:9,92
DA:13,0
DA:17,2
DA:18,1
DA:21,1
DA:22,1
DA:23,1
DA:25,0
DA:30,412
DA:31,410
DA:32,410
DA:36,410
DA:37,410
DA:39,410
DA:40,1
DA:43,409
DA:44,2
DA:45,2
DA:46,2
DA:47,1
DA:51,408
DA:52,408
DA:53,2
DA:55,406
DA:59,264
DA:60,264
DA:61,264
DA:65,145
DA:66,0
DA:70,413
DA:71,413
DA:74,413
DA:75,413
DA:77,2
DA:80,411
DA:81,411
DA:82,403
DA:83,403
DA:84,381
DA:86,403
DA:87,18
DA:89,385
DA:91,8
DA:95,8
DA:99,145
DA:101,145
DA:104,522
DA:106,69
DA:107,262
DA:108,262
DA:111,262
DA:115,69
DA:116,142
DA:117,142
DA:120,142
DA:125,59
DA:126,59
LF:58
LH:55
BRDA:9,0,0,92
BRDA:9,0,1,5
BRDA:17,1,0,1
BRDA:17,1,1,1
BRDA:17,2,0,2
BRDA:17,2,1,1
BRDA:30,3,0,2
BRDA:30,3,1,410
BRDA:30,4,0,412
BRDA:30,4,1,410
BRDA:32,5,0,407
BRDA:32,5,1,3
BRDA:39,6,0,1
BRDA:39,6,1,409
BRDA:39,7,0,410
BRDA:39,7,1,408
BRDA:43,8,0,2
BRDA:43,8,1,407
BRDA:43,9,0,409
BRDA:43,9,1,2
BRDA:46,10,0,1
BRDA:46,10,1,1
BRDA:51,11,0,408
BRDA:51,11,1,2
BRDA:52,12,0,2
BRDA:52,12,1,406
BRDA:59,13,0,264
BRDA:59,13,1,1
BRDA:59,13,2,0
BRDA:61,14,0,264
BRDA:61,14,1,1
BRDA:65,15,0,0
BRDA:65,15,1,145
BRDA:65,16,0,145
BRDA:65,16,1,145
BRDA:70,17,0,404
BRDA:70,17,1,9
BRDA:71,18,0,404
BRDA:71,18,1,9
BRDA:83,19,0,381
BRDA:83,19,1,22
BRDA:86,20,0,18
BRDA:86,20,1,385
BRDA:107,21,0,262
BRDA:107,21,1,260
BRDA:108,22,0,262
BRDA:108,22,1,183
BRDA:116,23,0,142
BRDA:116,23,1,72
BRDA:117,24,0,142
BRDA:117,24,1,21
BRF:51
BRH:49
end_of_record
TN:
SF:src\middlewares\rbac.js
FN:4,requireAuthenticatedSubject
FN:13,getNormalizedAuthRole
FN:17,hasCheckoutIdentityAccess
FNF:3
FNH:3
FNDA:46,requireAuthenticatedSubject
FNDA:41,getNormalizedAuthRole
FNDA:20,hasCheckoutIdentityAccess
DA:5,46
DA:6,4
DA:7,4
DA:10,42
DA:14,41
DA:18,20
DA:19,20
DA:21,20
DA:22,0
DA:25,20
DA:26,20
DA:27,20
LF:12
LH:11
BRDA:5,0,0,4
BRDA:5,0,1,42
BRDA:21,1,0,0
BRDA:21,1,1,20
BRDA:25,2,0,20
BRDA:25,2,1,13
BRDA:26,3,0,20
BRDA:26,3,1,5
BRDA:27,4,0,20
BRDA:27,4,1,7
BRF:10
BRH:9
end_of_record
TN:
SF:src\middlewares\requestContext.js
FN:3,requestContext
FNF:1
FNH:1
FNDA:263,requestContext
DA:4,263
DA:5,263
DA:7,263
DA:8,263
DA:10,263
LF:5
LH:5
BRDA:5,0,0,263
BRDA:5,0,1,1
BRDA:5,0,2,262
BRF:3
BRH:3
end_of_record
TN:
SF:src\middlewares\requestLogger.js
FN:3,requestLogger
FN:6,(anonymous_1)
FNF:2
FNH:2
FNDA:263,requestLogger
FNDA:263,(anonymous_1)
DA:4,263
DA:6,263
DA:7,263
DA:8,263
DA:16,263
DA:17,1
DA:18,1
DA:21,262
DA:22,17
DA:23,17
DA:26,245
DA:29,263
LF:12
LH:12
BRDA:16,0,0,1
BRDA:16,0,1,262
BRDA:16,1,0,263
BRDA:16,1,1,1
BRDA:21,2,0,17
BRDA:21,2,1,245
BRF:6
BRH:6
end_of_record
TN:
SF:src\middlewares\requirePermission.js
FN:9,requirePermission
FN:12,(anonymous_1)
FN:16,(anonymous_2)
FN:18,requirePermissionMiddleware
FN:24,(anonymous_4)
FNF:5
FNH:5
FNDA:77,requirePermission
FNDA:77,(anonymous_1)
FNDA:76,(anonymous_2)
FNDA:15,requirePermissionMiddleware
FNDA:14,(anonymous_4)
DA:10,77
DA:12,77
DA:13,1
DA:16,76
DA:18,76
DA:19,15
DA:20,1
DA:23,14
DA:24,14
DA:26,14
DA:27,7
DA:30,7
LF:12
LH:12
BRDA:10,0,0,0
BRDA:10,0,1,77
BRDA:12,1,0,1
BRDA:12,1,1,76
BRDA:12,2,0,77
BRDA:12,2,1,77
BRDA:12,3,0,77
BRDA:12,3,1,77
BRDA:19,4,0,1
BRDA:19,4,1,14
BRDA:26,5,0,7
BRDA:26,5,1,7
BRF:12
BRH:11
end_of_record
TN:
SF:src\middlewares\securityHeaders.js
FN:1,securityHeaders
FNF:1
FNH:1
FNDA:265,securityHeaders
DA:2,265
DA:3,265
DA:4,265
DA:5,265
DA:6,265
DA:7,265
DA:8,265
DA:9,265
DA:10,265
DA:11,265
LF:10
LH:10
BRF:0
BRH:0
end_of_record
TN:
SF:src\repositories\analytics.repository.js
FN:5,(anonymous_0)
FN:8,(anonymous_1)
FN:11,(anonymous_2)
FN:14,(anonymous_3)
FN:17,(anonymous_4)
FNF:5
FNH:0
FNDA:0,(anonymous_0)
FNDA:0,(anonymous_1)
FNDA:0,(anonymous_2)
FNDA:0,(anonymous_3)
FNDA:0,(anonymous_4)
DA:4,0
DA:6,0
DA:9,0
DA:12,0
DA:15,0
DA:18,0
DA:19,0
LF:7
LH:0
BRDA:17,0,0,0
BRDA:18,1,0,0
BRDA:18,2,0,0
BRDA:18,3,0,0
BRDA:18,4,0,0
BRF:5
BRH:0
end_of_record
TN:
SF:src\repositories\cart.repository.js
FN:5,(anonymous_0)
FN:8,(anonymous_1)
FN:11,(anonymous_2)
FN:14,(anonymous_3)
FN:17,(anonymous_4)
FN:22,(anonymous_5)
FNF:6
FNH:0
FNDA:0,(anonymous_0)
FNDA:0,(anonymous_1)
FNDA:0,(anonymous_2)
FNDA:0,(anonymous_3)
FNDA:0,(anonymous_4)
FNDA:0,(anonymous_5)
DA:4,0
DA:6,0
DA:9,0
DA:12,0
DA:15,0
DA:18,0
DA:19,0
DA:23,0
DA:24,0
DA:30,0
LF:10
LH:0
BRDA:17,0,0,0
BRDA:18,1,0,0
BRDA:18,2,0,0
BRDA:18,3,0,0
BRDA:18,4,0,0
BRF:5
BRH:0
end_of_record
TN:
SF:src\repositories\lead.repository.js
FN:5,(anonymous_0)
FN:8,(anonymous_1)
FN:11,(anonymous_2)
FN:14,(anonymous_3)
FN:17,(anonymous_4)
FNF:5
FNH:0
FNDA:0,(anonymous_0)
FNDA:0,(anonymous_1)
FNDA:0,(anonymous_2)
FNDA:0,(anonymous_3)
FNDA:0,(anonymous_4)
DA:4,0
DA:6,0
DA:9,0
DA:12,0
DA:15,0
DA:18,0
DA:19,0
LF:7
LH:0
BRDA:17,0,0,0
BRDA:18,1,0,0
BRDA:18,2,0,0
BRDA:18,3,0,0
BRDA:18,4,0,0
BRF:5
BRH:0
end_of_record
TN:
SF:src\repositories\order.repository.js
FN:5,uniqueProductItems
FN:13,(anonymous_1)
FN:14,(anonymous_2)
FN:17,assertExpectedAmountMatches
FN:53,assertOrderNotAlreadyPaid
FN:62,(anonymous_5)
FN:65,(anonymous_6)
FN:68,(anonymous_7)
FN:71,(anonymous_8)
FN:74,(anonymous_9)
FN:79,(anonymous_10)
FN:83,(anonymous_11)
FN:84,(anonymous_12)
FN:91,(anonymous_13)
FN:92,(anonymous_14)
FN:98,(anonymous_15)
FN:100,(anonymous_16)
FN:144,(anonymous_17)
FN:166,(anonymous_18)
FN:170,(anonymous_19)
FN:171,(anonymous_20)
FN:178,(anonymous_21)
FN:179,(anonymous_22)
FN:185,(anonymous_23)
FN:186,(anonymous_24)
FN:232,(anonymous_25)
FN:248,(anonymous_26)
FN:250,(anonymous_27)
FN:297,(anonymous_28)
FN:299,(anonymous_29)
FNF:30
FNH:30
FNDA:74,uniqueProductItems
FNDA:77,(anonymous_1)
FNDA:3,(anonymous_2)
FNDA:15,assertExpectedAmountMatches
FNDA:6,assertOrderNotAlreadyPaid
FNDA:2,(anonymous_5)
FNDA:5,(anonymous_6)
FNDA:1,(anonymous_7)
FNDA:1,(anonymous_8)
FNDA:2,(anonymous_9)
FNDA:58,(anonymous_10)
FNDA:58,(anonymous_11)
FNDA:60,(anonymous_12)
FNDA:1,(anonymous_13)
FNDA:2,(anonymous_14)
FNDA:58,(anonymous_15)
FNDA:58,(anonymous_16)
FNDA:8,(anonymous_17)
FNDA:16,(anonymous_18)
FNDA:16,(anonymous_19)
FNDA:17,(anonymous_20)
FNDA:1,(anonymous_21)
FNDA:2,(anonymous_22)
FNDA:15,(anonymous_23)
FNDA:15,(anonymous_24)
FNDA:7,(anonymous_25)
FNDA:9,(anonymous_26)
FNDA:9,(anonymous_27)
FNDA:9,(anonymous_28)
FNDA:9,(anonymous_29)
DA:6,74
DA:7,74
DA:8,77
DA:9,77
DA:12,74
DA:13,77
DA:14,3
DA:18,15
DA:19,0
DA:20,0
DA:21,0
DA:22,0
DA:25,0
DA:26,0
DA:27,0
DA:28,0
DA:30,0
DA:33,15
DA:34,11
DA:38,4
DA:39,4
DA:41,1
DA:42,1
DA:43,1
DA:46,3
DA:47,1
DA:48,1
DA:49,1
DA:54,6
DA:55,3
DA:56,3
DA:57,3
DA:61,28
DA:63,2
DA:66,5
DA:69,1
DA:72,1
DA:75,2
DA:76,2
DA:80,58
DA:82,58
DA:83,58
DA:84,60
DA:85,58
DA:90,58
DA:91,1
DA:92,2
DA:93,1
DA:94,1
DA:95,1
DA:98,58
DA:100,57
DA:101,58
DA:102,58
DA:103,58
DA:107,57
DA:108,57
DA:118,3
DA:119,2
DA:120,2
DA:122,1
DA:125,54
DA:126,55
DA:136,55
DA:137,46
DA:138,46
DA:139,46
DA:143,8
DA:144,8
DA:152,8
DA:154,8
DA:157,48
DA:167,16
DA:169,16
DA:170,16
DA:171,17
DA:172,16
DA:177,16
DA:178,1
DA:179,2
DA:180,1
DA:181,1
DA:182,1
DA:185,15
DA:186,15
DA:187,15
DA:188,15
DA:191,15
DA:194,13
DA:195,13
DA:205,2
DA:206,1
DA:207,1
DA:209,1
DA:213,11
DA:214,11
DA:224,10
DA:225,3
DA:226,3
DA:227,3
DA:231,7
DA:232,7
DA:240,6
DA:241,6
DA:244,9
DA:249,9
DA:250,9
DA:251,9
DA:252,9
DA:261,2
DA:262,1
DA:264,1
DA:267,7
DA:268,7
DA:269,1
DA:270,1
DA:271,1
DA:274,6
DA:275,1
DA:276,1
DA:277,1
DA:280,5
DA:282,3
DA:290,3
DA:293,5
DA:298,9
DA:299,9
DA:300,9
DA:301,9
DA:310,3
DA:311,2
DA:313,1
DA:316,6
DA:317,2
DA:318,2
DA:319,1
DA:320,1
DA:321,1
DA:324,1
DA:327,4
DA:331,4
DA:336,4
DA:338,4
DA:344,3
LF:144
LH:135
BRDA:8,0,0,77
BRDA:8,0,1,77
BRDA:17,1,0,15
BRDA:18,2,0,0
BRDA:18,2,1,15
BRDA:18,3,0,15
BRDA:18,3,1,0
BRDA:19,4,0,0
BRDA:19,4,1,0
BRDA:19,5,0,0
BRDA:19,5,1,0
BRDA:25,6,0,0
BRDA:25,6,1,0
BRDA:33,7,0,11
BRDA:33,7,1,4
BRDA:33,8,0,15
BRDA:33,8,1,4
BRDA:46,9,0,1
BRDA:46,9,1,2
BRDA:54,10,0,3
BRDA:54,10,1,3
BRDA:74,11,0,1
BRDA:75,12,0,2
BRDA:75,13,0,2
BRDA:75,14,0,2
BRDA:75,15,0,2
BRDA:79,16,0,57
BRDA:79,17,0,58
BRDA:90,18,0,1
BRDA:90,18,1,57
BRDA:118,19,0,2
BRDA:118,19,1,1
BRDA:136,20,0,46
BRDA:136,20,1,9
BRDA:166,21,0,12
BRDA:166,22,0,16
BRDA:177,23,0,1
BRDA:177,23,1,15
BRDA:205,24,0,1
BRDA:205,24,1,1
BRDA:224,25,0,3
BRDA:224,25,1,7
BRDA:248,26,0,1
BRDA:248,27,0,1
BRDA:261,28,0,1
BRDA:261,28,1,1
BRDA:268,29,0,1
BRDA:268,29,1,6
BRDA:274,30,0,1
BRDA:274,30,1,5
BRDA:274,31,0,6
BRDA:274,31,1,5
BRDA:286,32,0,3
BRDA:286,32,1,1
BRDA:297,33,0,6
BRDA:297,34,0,3
BRDA:297,35,0,1
BRDA:310,36,0,2
BRDA:310,36,1,1
BRDA:316,37,0,2
BRDA:316,37,1,4
BRDA:318,38,0,1
BRDA:318,38,1,1
BRDA:318,39,0,2
BRDA:318,39,1,2
BRDA:327,40,0,1
BRDA:327,40,1,3
BRDA:333,41,0,3
BRDA:333,41,1,1
BRF:69
BRH:61
end_of_record
TN:
SF:src\repositories\product.repository.js
FN:5,(anonymous_0)
FN:8,(anonymous_1)
FN:11,(anonymous_2)
FN:14,(anonymous_3)
FN:17,(anonymous_4)
FNF:5
FNH:0
FNDA:0,(anonymous_0)
FNDA:0,(anonymous_1)
FNDA:0,(anonymous_2)
FNDA:0,(anonymous_3)
FNDA:0,(anonymous_4)
DA:4,0
DA:6,0
DA:9,0
DA:12,0
DA:15,0
DA:18,0
DA:19,0
LF:7
LH:0
BRDA:17,0,0,0
BRDA:18,1,0,0
BRDA:18,2,0,0
BRDA:18,3,0,0
BRDA:18,4,0,0
BRF:5
BRH:0
end_of_record
TN:
SF:src\repositories\user.repository.js
FN:4,buildGuestSystemEmail
FN:9,reserveUniqueGuestEmail
FN:33,(anonymous_2)
FN:45,(anonymous_3)
FN:64,(anonymous_4)
FN:72,(anonymous_5)
FN:80,(anonymous_6)
FN:88,(anonymous_7)
FN:96,(anonymous_8)
FNF:9
FNH:9
FNDA:11,buildGuestSystemEmail
FNDA:6,reserveUniqueGuestEmail
FNDA:2,(anonymous_2)
FNDA:6,(anonymous_3)
FNDA:2,(anonymous_4)
FNDA:2,(anonymous_5)
FNDA:2,(anonymous_6)
FNDA:2,(anonymous_7)
FNDA:3,(anonymous_8)
DA:5,11
DA:6,11
DA:10,6
DA:11,11
DA:12,11
DA:14,10
DA:15,1
DA:16,1
DA:17,1
DA:18,1
DA:21,9
DA:22,3
DA:26,1
DA:27,1
DA:28,1
DA:29,1
DA:32,44
DA:34,2
DA:35,2
DA:37,1
DA:46,6
DA:47,6
DA:48,6
DA:49,6
DA:51,3
DA:60,4
DA:65,2
DA:66,2
DA:68,1
DA:73,2
DA:74,2
DA:76,1
DA:81,2
DA:82,2
DA:84,1
DA:89,2
DA:90,2
DA:92,1
DA:97,3
DA:99,3
DA:100,3
DA:102,1
LF:42
LH:42
BRDA:14,0,0,1
BRDA:14,0,1,9
BRDA:14,1,0,10
BRDA:14,1,1,7
BRDA:21,2,0,3
BRDA:21,2,1,6
BRDA:96,3,0,1
BRDA:97,4,0,2
BRDA:97,5,0,1
BRDA:97,6,0,1
BRDA:97,7,0,1
BRF:11
BRH:11
end_of_record
TN:
SF:src\routes\admin-example.routes.js
FN:8,(anonymous_0)
FN:17,(anonymous_1)
FNF:2
FNH:1
FNDA:0,(anonymous_0)
FNDA:1,(anonymous_1)
DA:5,25
DA:8,25
DA:9,0
DA:17,25
DA:18,1
LF:5
LH:4
BRF:0
BRH:0
end_of_record
TN:
SF:src\routes\admin-routes.js
FN:11,(anonymous_0)
FNF:1
FNH:1
FNDA:5,(anonymous_0)
DA:5,25
DA:8,25
DA:11,25
DA:12,5
LF:4
LH:4
BRF:0
BRH:0
end_of_record
TN:
SF:src\routes\analytics.routes.js
FN:10,(anonymous_0)
FN:11,(anonymous_1)
FNF:2
FNH:1
FNDA:0,(anonymous_0)
FNDA:1,(anonymous_1)
DA:8,25
DA:10,25
DA:11,25
LF:3
LH:3
BRF:0
BRH:0
end_of_record
TN:
SF:src\routes\auth.routes.js
FN:21,refreshCookieConfig
FN:35,readRefreshToken
FN:49,clearRefreshCookie
FN:55,issueAuthPair
FN:83,(anonymous_4)
FN:106,(anonymous_5)
FN:127,(anonymous_6)
FN:131,(anonymous_7)
FN:135,(anonymous_8)
FN:195,(anonymous_9)
FNF:10
FNH:10
FNDA:65,refreshCookieConfig
FNDA:42,readRefreshToken
FNDA:14,clearRefreshCookie
FNDA:42,issueAuthPair
FNDA:3,(anonymous_4)
FNDA:39,(anonymous_5)
FNDA:8,(anonymous_6)
FNDA:8,(anonymous_7)
FNDA:28,(anonymous_8)
FNDA:14,(anonymous_9)
DA:17,25
DA:19,25
DA:22,65
DA:23,65
DA:25,65
DA:36,42
DA:37,42
DA:38,36
DA:41,6
DA:42,6
DA:43,3
DA:46,3
DA:50,14
DA:51,14
DA:52,14
DA:56,42
DA:57,40
DA:59,40
DA:60,0
DA:63,40
DA:70,40
DA:71,0
DA:74,40
DA:76,40
DA:83,25
DA:84,3
DA:85,3
DA:86,3
DA:88,2
DA:89,0
DA:92,2
DA:102,1
DA:106,25
DA:107,39
DA:108,39
DA:109,39
DA:111,38
DA:112,0
DA:115,38
DA:123,1
DA:127,25
DA:128,8
DA:131,25
DA:132,8
DA:135,25
DA:136,28
DA:137,28
DA:138,28
DA:140,28
DA:141,1
DA:144,27
DA:145,6
DA:148,21
DA:149,21
DA:156,21
DA:157,10
DA:158,10
DA:159,10
DA:160,10
DA:163,11
DA:164,11
DA:165,0
DA:168,11
DA:176,11
DA:177,0
DA:180,11
DA:181,11
DA:183,11
DA:191,0
DA:195,25
DA:196,14
DA:197,14
DA:198,14
DA:200,14
DA:201,2
DA:204,12
DA:205,12
DA:206,3
DA:209,9
DA:211,9
DA:213,0
LF:81
LH:73
BRDA:30,0,0,0
BRDA:30,0,1,65
BRDA:37,1,0,36
BRDA:37,1,1,6
BRDA:37,2,0,42
BRDA:37,2,1,36
BRDA:42,3,0,3
BRDA:42,3,1,3
BRDA:42,4,0,6
BRDA:42,4,1,3
BRDA:59,5,0,0
BRDA:59,5,1,40
BRDA:70,6,0,0
BRDA:70,6,1,40
BRDA:88,7,0,0
BRDA:88,7,1,2
BRDA:111,8,0,0
BRDA:111,8,1,38
BRDA:140,9,0,1
BRDA:140,9,1,27
BRDA:140,10,0,28
BRDA:140,10,1,7
BRDA:144,11,0,6
BRDA:144,11,1,21
BRDA:153,12,0,21
BRDA:153,12,1,7
BRDA:156,13,0,10
BRDA:156,13,1,11
BRDA:157,14,0,1
BRDA:157,14,1,9
BRDA:158,15,0,1
BRDA:158,15,1,9
BRDA:159,16,0,1
BRDA:159,16,1,9
BRDA:164,17,0,0
BRDA:164,17,1,11
BRDA:176,18,0,0
BRDA:176,18,1,11
BRDA:180,19,0,11
BRDA:180,19,1,11
BRDA:200,20,0,2
BRDA:200,20,1,12
BRDA:205,21,0,3
BRDA:205,21,1,9
BRF:44
BRH:37
end_of_record
TN:
SF:src\routes\cart.routes.js
FN:9,(anonymous_0)
FN:10,(anonymous_1)
FN:11,(anonymous_2)
FN:12,(anonymous_3)
FNF:4
FNH:0
FNDA:0,(anonymous_0)
FNDA:0,(anonymous_1)
FNDA:0,(anonymous_2)
FNDA:0,(anonymous_3)
DA:7,25
DA:9,25
DA:10,25
DA:11,25
DA:12,25
LF:5
LH:5
BRF:0
BRH:0
end_of_record
TN:
SF:src\routes\leads.routes.js
FN:9,(anonymous_0)
FN:10,(anonymous_1)
FNF:2
FNH:0
FNDA:0,(anonymous_0)
FNDA:0,(anonymous_1)
DA:7,25
DA:9,25
DA:10,25
LF:3
LH:3
BRF:0
BRH:0
end_of_record
TN:
SF:src\routes\orders.routes.js
FN:20,(anonymous_0)
FN:48,(anonymous_1)
FN:62,(anonymous_2)
FNF:3
FNH:1
FNDA:3,(anonymous_0)
FNDA:0,(anonymous_1)
FNDA:0,(anonymous_2)
DA:11,25
DA:13,25
DA:21,3
DA:22,3
DA:29,3
DA:37,3
DA:38,1
DA:41,3
DA:43,0
DA:48,25
DA:49,0
DA:50,0
DA:51,0
DA:52,0
DA:55,0
DA:56,0
DA:58,0
DA:62,25
LF:18
LH:10
BRDA:26,0,0,3
BRDA:26,0,1,3
BRDA:37,1,0,1
BRDA:37,1,1,2
BRDA:41,2,0,1
BRDA:41,2,1,2
BRDA:51,3,0,0
BRDA:51,3,1,0
BRDA:51,4,0,0
BRDA:51,4,1,0
BRF:10
BRH:6
end_of_record
TN:
SF:src\routes\payments.routes.js
FN:16,normalizeCurrency
FN:22,(anonymous_1)
FN:30,(anonymous_2)
FN:40,(anonymous_3)
FN:41,(anonymous_4)
FN:47,(anonymous_5)
FN:52,(anonymous_6)
FNF:7
FNH:7
FNDA:9,normalizeCurrency
FNDA:9,(anonymous_1)
FNDA:8,(anonymous_2)
FNDA:7,(anonymous_3)
FNDA:7,(anonymous_4)
FNDA:7,(anonymous_5)
FNDA:7,(anonymous_6)
DA:13,25
DA:14,25
DA:17,9
DA:22,25
DA:23,9
DA:24,9
DA:25,9
DA:26,1
DA:29,8
DA:30,8
DA:31,8
DA:36,8
DA:37,1
DA:40,7
DA:41,7
DA:47,7
DA:48,7
DA:50,7
DA:52,7
DA:58,4
DA:59,4
DA:61,4
DA:81,3
LF:23
LH:23
BRDA:17,0,0,9
BRDA:17,0,1,0
BRDA:25,1,0,1
BRDA:25,1,1,8
BRDA:36,2,0,1
BRDA:36,2,1,7
BRDA:59,3,0,4
BRDA:59,3,1,0
BRDA:61,4,0,0
BRDA:61,4,1,4
BRDA:77,5,0,0
BRDA:77,5,1,4
BRF:12
BRH:8
end_of_record
TN:
SF:src\routes\products.routes.js
FN:10,(anonymous_0)
FN:11,(anonymous_1)
FN:12,(anonymous_2)
FNF:3
FNH:1
FNDA:0,(anonymous_0)
FNDA:0,(anonymous_1)
FNDA:1,(anonymous_2)
DA:8,25
DA:10,25
DA:11,25
DA:12,25
LF:4
LH:4
BRF:0
BRH:0
end_of_record
TN:
SF:src\routes\webhooks.routes.js
FN:17,normalizeCurrency
FN:23,getCorrelationId
FN:27,parseRawJsonBody
FN:43,getIdempotencyStore
FN:50,isOrderStateProcessable
FN:54,claimEventOrIgnore
FN:78,(anonymous_6)
FN:213,(anonymous_7)
FN:242,(anonymous_8)
FNF:9
FNH:9
FNDA:36,normalizeCurrency
FNDA:113,getCorrelationId
FNDA:31,parseRawJsonBody
FNDA:48,getIdempotencyStore
FNDA:27,isOrderStateProcessable
FNDA:48,claimEventOrIgnore
FNDA:34,(anonymous_6)
FNDA:31,(anonymous_7)
FNDA:5,(anonymous_8)
DA:13,25
DA:14,25
DA:15,25
DA:18,36
DA:24,113
DA:28,31
DA:29,1
DA:30,1
DA:31,1
DA:34,30
DA:35,0
DA:36,0
DA:37,0
DA:40,30
DA:44,48
DA:45,3
DA:47,48
DA:51,27
DA:55,48
DA:56,48
DA:57,48
DA:59,48
DA:60,10
DA:68,10
DA:69,1
DA:72,9
DA:75,38
DA:78,25
DA:79,34
DA:80,34
DA:81,34
DA:82,34
DA:83,34
DA:85,34
DA:91,34
DA:92,2
DA:98,2
DA:102,32
DA:103,32
DA:105,5
DA:109,5
DA:112,27
DA:113,25
DA:120,25
DA:121,2
DA:124,23
DA:125,23
DA:126,23
DA:128,23
DA:135,23
DA:137,18
DA:138,1
DA:141,17
DA:142,16
DA:143,1
DA:149,1
DA:152,15
DA:153,4
DA:160,4
DA:163,11
DA:164,11
DA:165,1
DA:173,1
DA:176,10
DA:177,1
DA:185,1
DA:188,9
DA:198,9
DA:200,3
DA:201,2
DA:206,2
DA:209,1
DA:213,25
DA:214,31
DA:215,31
DA:216,31
DA:217,31
DA:219,31
DA:220,0
DA:223,31
DA:225,25
DA:231,25
DA:232,25
DA:239,25
DA:241,20
DA:242,5
DA:246,20
DA:247,2
DA:252,2
DA:255,18
DA:256,1
DA:259,17
DA:260,17
DA:261,5
DA:267,5
DA:270,12
DA:271,1
DA:278,1
DA:281,11
DA:282,11
DA:283,11
DA:284,11
DA:285,9
DA:286,9
DA:288,0
DA:292,11
DA:293,1
DA:301,1
DA:304,10
DA:305,1
DA:313,1
DA:316,9
DA:317,2
DA:320,7
DA:330,7
DA:332,6
DA:333,5
DA:336,1
LF:118
LH:113
BRDA:18,0,0,36
BRDA:18,0,1,0
BRDA:24,1,0,113
BRDA:24,1,1,0
BRDA:24,1,2,0
BRDA:28,2,0,1
BRDA:28,2,1,30
BRDA:34,3,0,0
BRDA:34,3,1,30
BRDA:44,4,0,3
BRDA:44,4,1,45
BRDA:59,5,0,10
BRDA:59,5,1,38
BRDA:68,6,0,1
BRDA:68,6,1,9
BRDA:91,7,0,2
BRDA:91,7,1,32
BRDA:91,8,0,34
BRDA:91,8,1,33
BRDA:91,8,2,32
BRDA:120,9,0,2
BRDA:120,9,1,23
BRDA:135,10,0,5
BRDA:135,10,1,18
BRDA:137,11,0,1
BRDA:137,11,1,17
BRDA:142,12,0,1
BRDA:142,12,1,15
BRDA:152,13,0,4
BRDA:152,13,1,11
BRDA:163,14,0,11
BRDA:163,14,1,0
BRDA:164,15,0,1
BRDA:164,15,1,10
BRDA:176,16,0,1
BRDA:176,16,1,9
BRDA:176,17,0,10
BRDA:176,17,1,0
BRDA:181,18,0,1
BRDA:181,18,1,0
BRDA:200,19,0,2
BRDA:200,19,1,1
BRDA:200,20,0,3
BRDA:200,20,1,1
BRDA:206,21,0,2
BRDA:206,21,1,2
BRDA:217,22,0,31
BRDA:217,22,1,0
BRDA:219,23,0,0
BRDA:219,23,1,31
BRDA:228,24,0,25
BRDA:228,24,1,0
BRDA:239,25,0,5
BRDA:239,25,1,20
BRDA:246,26,0,2
BRDA:246,26,1,18
BRDA:246,27,0,20
BRDA:246,27,1,18
BRDA:255,28,0,1
BRDA:255,28,1,17
BRDA:260,29,0,5
BRDA:260,29,1,12
BRDA:270,30,0,1
BRDA:270,30,1,11
BRDA:281,31,0,11
BRDA:281,31,1,2
BRDA:282,32,0,11
BRDA:282,32,1,0
BRDA:284,33,0,9
BRDA:284,33,1,2
BRDA:284,34,0,11
BRDA:284,34,1,9
BRDA:286,35,0,9
BRDA:286,35,1,0
BRDA:286,35,2,0
BRDA:292,36,0,1
BRDA:292,36,1,10
BRDA:292,37,0,11
BRDA:292,37,1,9
BRDA:304,38,0,1
BRDA:304,38,1,9
BRDA:304,39,0,10
BRDA:304,39,1,8
BRDA:304,40,0,8
BRDA:304,40,1,0
BRDA:309,41,0,1
BRDA:309,41,1,0
BRDA:316,42,0,2
BRDA:316,42,1,7
BRDA:316,43,0,9
BRDA:316,43,1,7
BRDA:326,44,0,7
BRDA:326,44,1,2
BRDA:332,45,0,5
BRDA:332,45,1,1
BRDA:332,46,0,6
BRDA:332,46,1,6
BRDA:333,47,0,5
BRDA:333,47,1,0
BRF:99
BRH:83
end_of_record
TN:
SF:src\security\access-token.js
FN:4,assertGuestTokenClaims
FN:25,issueAccessToken
FNF:2
FNH:2
FNDA:74,assertGuestTokenClaims
FNDA:74,issueAccessToken
DA:5,74
DA:7,74
DA:8,2
DA:9,2
DA:10,2
DA:11,2
DA:14,72
DA:15,3
DA:16,3
DA:17,3
DA:18,3
DA:26,74
DA:28,69
DA:29,69
DA:30,7
DA:31,7
DA:32,7
DA:33,7
DA:36,62
LF:19
LH:19
BRDA:5,0,0,72
BRDA:5,0,1,2
BRDA:7,1,0,2
BRDA:7,1,1,72
BRDA:7,2,0,74
BRDA:7,2,1,5
BRDA:14,3,0,3
BRDA:14,3,1,69
BRDA:14,4,0,72
BRDA:14,4,1,6
BRDA:25,5,0,1
BRDA:25,6,0,63
BRDA:29,7,0,7
BRDA:29,7,1,62
BRDA:29,8,0,69
BRDA:29,8,1,65
BRDA:29,8,2,64
BRDA:29,8,3,63
BRDA:41,9,0,62
BRDA:41,9,1,6
BRF:20
BRH:20
end_of_record
TN:
SF:src\security\jwt-config.js
FN:3,readRequiredEnv
FN:11,buildTokenConfig
FN:20,getMissingTokenConfigFields
FN:31,getSecretLengthError
FN:37,getAccessTokenConfig
FN:41,getRefreshTokenConfig
FN:45,getJwtConfigValidationErrors
FNF:7
FNH:7
FNDA:828,readRequiredEnv
FNDA:207,buildTokenConfig
FNDA:10,getMissingTokenConfigFields
FNDA:10,getSecretLengthError
FNDA:111,getAccessTokenConfig
FNDA:96,getRefreshTokenConfig
FNDA:5,getJwtConfigValidationErrors
DA:1,32
DA:4,828
DA:5,828
DA:7,820
DA:8,820
DA:12,207
DA:21,10
DA:23,10
DA:24,10
DA:25,10
DA:26,10
DA:28,10
DA:32,10
DA:34,2
DA:38,111
DA:42,96
DA:46,5
DA:47,5
DA:48,5
DA:50,5
DA:51,6
DA:54,5
DA:55,6
DA:58,5
DA:59,5
DA:61,5
DA:62,5
DA:64,5
DA:67,32
LF:29
LH:29
BRDA:5,0,0,8
BRDA:5,0,1,820
BRDA:8,1,0,809
BRDA:8,1,1,11
BRDA:23,2,0,6
BRDA:23,2,1,4
BRDA:24,3,0,2
BRDA:24,3,1,8
BRDA:25,4,0,2
BRDA:25,4,1,8
BRDA:26,5,0,2
BRDA:26,5,1,8
BRDA:32,6,0,8
BRDA:32,6,1,2
BRDA:32,7,0,10
BRDA:32,7,1,4
BRDA:37,8,0,57
BRDA:41,9,0,0
BRDA:45,10,0,0
BRDA:59,11,0,1
BRDA:59,11,1,4
BRDA:62,12,0,1
BRDA:62,12,1,4
BRF:23
BRH:21
end_of_record
TN:
SF:src\security\rbac-policy.js
FN:13,normalizeRole
FN:22,getPermissionsForRole
FN:31,roleHasPermission
FNF:3
FNH:3
FNDA:130,normalizeRole
FNDA:47,getPermissionsForRole
FNDA:43,roleHasPermission
DA:1,33
DA:14,130
DA:15,10
DA:18,120
DA:19,120
DA:23,47
DA:24,47
DA:25,7
DA:28,40
DA:32,43
DA:33,6
DA:36,37
DA:37,37
LF:13
LH:13
BRDA:14,0,0,10
BRDA:14,0,1,120
BRDA:19,1,0,120
BRDA:19,1,1,5
BRDA:24,2,0,7
BRDA:24,2,1,40
BRDA:28,3,0,40
BRDA:28,3,1,4
BRDA:32,4,0,6
BRDA:32,4,1,37
BRDA:32,5,0,43
BRDA:32,5,1,39
BRF:12
BRH:12
end_of_record
TN:
SF:src\security\refresh-token-store.js
FN:80,hashToken
FN:84,sessionKey
FN:88,lastRefreshKey
FN:92,requireRedisClient
FN:99,buildSessionRecord
FN:113,ttlMsFromExpiresAt
FN:118,setRefreshTokenRedisClient
FN:122,getRefreshTokenRedisClient
FN:126,assertRefreshTokenRedisConnected
FN:131,storeRefreshSession
FN:148,validateAndConsumeRefreshSession
FN:161,rotateRefreshSession
FN:185,revokeRefreshSession
FN:191,revokeAllUserRefreshSessions
FN:195,resetRefreshTokenStore
FN:205,getRefreshSession
FNF:16
FNH:16
FNDA:89,hashToken
FNDA:125,sessionKey
FNDA:26,lastRefreshKey
FNDA:152,requireRedisClient
FNDA:63,buildSessionRecord
FNDA:65,ttlMsFromExpiresAt
FNDA:121,setRefreshTokenRedisClient
FNDA:3,getRefreshTokenRedisClient
FNDA:3,assertRefreshTokenRedisConnected
FNDA:50,storeRefreshSession
FNDA:27,validateAndConsumeRefreshSession
FNDA:17,rotateRefreshSession
FNDA:14,revokeRefreshSession
FNDA:1,revokeAllUserRefreshSessions
FNDA:32,resetRefreshTokenStore
FNDA:9,getRefreshSession
DA:3,69
DA:51,69
DA:78,69
DA:81,89
DA:85,125
DA:89,26
DA:93,152
DA:94,7
DA:96,145
DA:100,63
DA:114,65
DA:115,65
DA:119,121
DA:123,3
DA:127,3
DA:128,2
DA:132,50
DA:133,49
DA:134,49
DA:135,1
DA:138,48
DA:139,48
DA:141,47
DA:142,2
DA:145,45
DA:149,27
DA:150,26
DA:155,25
DA:156,25
DA:158,25
DA:162,17
DA:163,16
DA:164,16
DA:165,1
DA:168,15
DA:175,15
DA:180,14
DA:181,14
DA:182,14
DA:186,14
DA:187,13
DA:188,12
DA:192,1
DA:196,32
DA:197,31
DA:198,30
DA:199,30
DA:202,1
DA:206,9
DA:207,8
DA:208,7
LF:51
LH:51
BRDA:93,0,0,7
BRDA:93,0,1,145
BRDA:115,1,0,63
BRDA:115,1,1,2
BRDA:119,2,0,121
BRDA:119,2,1,27
BRDA:134,3,0,1
BRDA:134,3,1,48
BRDA:141,4,0,2
BRDA:141,4,1,45
BRDA:148,5,0,2
BRDA:152,6,0,26
BRDA:152,6,1,11
BRDA:156,7,0,25
BRDA:156,7,1,1
BRDA:158,8,0,13
BRDA:158,8,1,12
BRDA:164,9,0,1
BRDA:164,9,1,15
BRDA:181,10,0,14
BRDA:181,10,1,1
BRDA:182,11,0,13
BRDA:182,11,1,1
BRDA:197,12,0,30
BRDA:197,12,1,1
BRDA:208,13,0,4
BRDA:208,13,1,3
BRF:27
BRH:27
end_of_record
TN:
SF:src\security\refresh-token.js
FN:5,parseExpiryToMs
FN:22,issueRefreshToken
FNF:2
FNH:2
FNDA:51,parseExpiryToMs
FNDA:51,issueRefreshToken
DA:6,51
DA:7,51
DA:8,51
DA:10,51
DA:11,51
DA:12,51
DA:19,51
DA:23,51
DA:25,51
DA:26,0
DA:29,51
DA:30,51
DA:31,0
DA:34,51
DA:45,51
LF:15
LH:13
BRDA:6,0,0,0
BRDA:6,0,1,51
BRDA:8,1,0,0
BRDA:8,1,1,51
BRDA:19,2,0,51
BRDA:19,2,1,0
BRDA:19,3,0,51
BRDA:19,3,1,51
BRDA:22,4,0,0
BRDA:22,5,0,51
BRDA:22,6,0,51
BRDA:25,7,0,0
BRDA:25,7,1,51
BRDA:25,8,0,51
BRDA:25,8,1,51
BRDA:25,8,2,51
BRDA:25,8,3,51
BRDA:30,9,0,0
BRDA:30,9,1,51
BRF:19
BRH:13
end_of_record
TN:
SF:src\security\token-verifier.js
FN:4,verifyToken
FN:34,verifyAccessToken
FN:38,verifyRefreshToken
FNF:3
FNH:3
FNDA:89,verifyToken
FNDA:49,verifyAccessToken
FNDA:40,verifyRefreshToken
DA:5,89
DA:6,5
DA:9,84
DA:10,1
DA:13,83
DA:14,83
DA:24,63
DA:25,0
DA:28,63
DA:30,20
DA:35,49
DA:39,40
LF:12
LH:11
BRDA:5,0,0,5
BRDA:5,0,1,84
BRDA:5,1,0,89
BRDA:5,1,1,86
BRDA:5,1,2,85
BRDA:9,2,0,1
BRDA:9,2,1,83
BRDA:9,3,0,84
BRDA:9,3,1,83
BRDA:24,4,0,0
BRDA:24,4,1,63
BRDA:24,5,0,63
BRDA:24,5,1,63
BRDA:24,5,2,63
BRDA:34,6,0,48
BRDA:38,7,0,40
BRF:16
BRH:15
end_of_record
TN:
SF:src\utils\api-error.js
FN:1,sendApiError
FNF:1
FNH:1
FNDA:104,sendApiError
DA:2,104
LF:1
LH:1
BRF:0
BRH:0
end_of_record
TN:
SF:src\utils\logger.js
FN:8,resolveLevel
FN:17,shouldLog
FN:21,serializeMeta
FN:30,emit
FN:48,(anonymous_4)
FN:51,(anonymous_5)
FN:54,(anonymous_6)
FN:57,(anonymous_7)
FNF:8
FNH:8
FNDA:69,resolveLevel
FNDA:514,shouldLog
FNDA:514,serializeMeta
FNDA:514,emit
FNDA:245,(anonymous_4)
FNDA:89,(anonymous_5)
FNDA:115,(anonymous_6)
FNDA:65,(anonymous_7)
DA:1,69
DA:9,69
DA:10,0
DA:12,69
DA:15,69
DA:18,514
DA:22,514
DA:23,514
DA:24,514
DA:26,0
DA:31,514
DA:32,514
DA:34,514
DA:35,65
DA:36,65
DA:39,449
DA:40,115
DA:41,115
DA:44,334
DA:47,69
DA:49,245
DA:52,89
DA:55,115
DA:58,65
LF:24
LH:22
BRDA:9,0,0,0
BRDA:9,0,1,69
BRDA:12,1,0,0
BRDA:12,1,1,69
BRDA:15,2,0,69
BRDA:15,2,1,0
BRDA:22,3,0,0
BRDA:22,3,1,514
BRDA:31,4,0,0
BRDA:31,4,1,514
BRDA:34,5,0,65
BRDA:34,5,1,449
BRDA:39,6,0,115
BRDA:39,6,1,334
BRF:14
BRH:9
end_of_record
TN:
SF:src\utils\minor-units.js
FN:9,normalizeCurrency
FN:19,parseDecimalParts
FN:33,assertSafeInteger
FN:41,toMinorUnits
FN:74,fromMinorUnits
FN:100,getCurrencyExponent
FN:105,assertMinorUnitInteger
FN:113,assertQuantityInteger
FN:121,multiplyMinorUnits
FN:129,sumMinorUnits
FN:130,(anonymous_10)
FN:139,multiplyMinorUnitsRatio
FN:163,assertMinorUnitBigInt
FN:171,assertQuantityBigInt
FN:179,multiplyMinorUnitsBigInt
FN:185,sumMinorUnitsBigInt
FN:186,(anonymous_16)
FNF:17
FNH:16
FNDA:550,normalizeCurrency
FNDA:303,parseDecimalParts
FNDA:418,assertSafeInteger
FNDA:305,toMinorUnits
FNDA:245,fromMinorUnits
FNDA:0,getCurrencyExponent
FNDA:306,assertMinorUnitInteger
FNDA:95,assertQuantityInteger
FNDA:87,multiplyMinorUnits
FNDA:88,sumMinorUnits
FNDA:104,(anonymous_10)
FNDA:11,multiplyMinorUnitsRatio
FNDA:18,assertMinorUnitBigInt
FNDA:2,assertQuantityBigInt
FNDA:4,multiplyMinorUnitsBigInt
FNDA:3,sumMinorUnitsBigInt
FNDA:7,(anonymous_16)
DA:1,29
DA:10,550
DA:11,550
DA:12,3
DA:13,3
DA:14,3
DA:16,547
DA:20,303
DA:21,303
DA:22,10
DA:23,10
DA:24,10
DA:27,293
DA:28,293
DA:29,293
DA:30,293
DA:34,418
DA:35,3
DA:36,3
DA:37,3
DA:42,305
DA:43,303
DA:44,303
DA:46,293
DA:47,3
DA:48,3
DA:49,3
DA:52,290
DA:53,290
DA:54,290
DA:56,290
DA:57,290
DA:58,260
DA:61,290
DA:62,3
DA:65,290
DA:66,1
DA:67,1
DA:68,1
DA:71,289
DA:75,245
DA:76,244
DA:78,244
DA:79,244
DA:80,244
DA:81,8
DA:82,8
DA:83,8
DA:86,236
DA:87,234
DA:90,235
DA:91,28
DA:94,207
DA:95,207
DA:96,207
DA:97,207
DA:101,0
DA:102,0
DA:106,306
DA:107,6
DA:108,6
DA:109,6
DA:114,95
DA:115,3
DA:116,3
DA:117,3
DA:122,87
DA:123,85
DA:124,83
DA:125,83
DA:126,82
DA:130,88
DA:131,104
DA:132,104
DA:133,101
DA:134,101
DA:135,100
DA:140,11
DA:141,10
DA:142,9
DA:143,3
DA:144,3
DA:145,3
DA:148,6
DA:149,6
DA:150,6
DA:151,6
DA:152,6
DA:154,6
DA:155,1
DA:156,1
DA:157,1
DA:160,5
DA:164,18
DA:165,4
DA:166,4
DA:167,4
DA:172,2
DA:173,1
DA:174,1
DA:175,1
DA:180,4
DA:181,2
DA:182,1
DA:186,3
DA:187,7
DA:188,7
DA:189,5
LF:108
LH:106
BRDA:10,0,0,550
BRDA:10,0,1,0
BRDA:11,1,0,3
BRDA:11,1,1,547
BRDA:11,2,0,550
BRDA:11,2,1,62
BRDA:20,3,0,303
BRDA:20,3,1,2
BRDA:21,4,0,10
BRDA:21,4,1,293
BRDA:27,5,0,3
BRDA:27,5,1,290
BRDA:29,6,0,121
BRDA:34,7,0,3
BRDA:34,7,1,415
BRDA:41,8,0,80
BRDA:46,9,0,3
BRDA:46,9,1,290
BRDA:53,10,0,30
BRDA:53,10,1,260
BRDA:54,11,0,290
BRDA:54,11,1,0
BRDA:57,12,0,260
BRDA:57,12,1,30
BRDA:61,13,0,3
BRDA:61,13,1,287
BRDA:65,14,0,1
BRDA:65,14,1,289
BRDA:74,15,0,70
BRDA:78,16,0,244
BRDA:78,16,1,235
BRDA:79,17,0,244
BRDA:79,17,1,3
BRDA:80,18,0,8
BRDA:80,18,1,236
BRDA:80,19,0,244
BRDA:80,19,1,10
BRDA:86,20,0,234
BRDA:86,20,1,2
BRDA:90,21,0,28
BRDA:90,21,1,207
BRDA:100,22,0,0
BRDA:106,23,0,6
BRDA:106,23,1,300
BRDA:106,24,0,306
BRDA:106,24,1,303
BRDA:114,25,0,3
BRDA:114,25,1,92
BRDA:114,26,0,95
BRDA:114,26,1,94
BRDA:142,27,0,3
BRDA:142,27,1,6
BRDA:142,28,0,9
BRDA:142,28,1,8
BRDA:152,29,0,2
BRDA:152,29,1,4
BRDA:154,30,0,1
BRDA:154,30,1,5
BRDA:164,31,0,4
BRDA:164,31,1,14
BRDA:164,32,0,18
BRDA:164,32,1,16
BRDA:172,33,0,1
BRDA:172,33,1,1
BRDA:172,34,0,2
BRDA:172,34,1,2
BRF:66
BRH:63
end_of_record
TN:
SF:src\utils\strict-monetary-json.js
FN:13,isPlainObject
FN:17,throwMonetaryParseError
FN:23,assertMonetaryStringValue
FN:45,assertStrictMonetaryJsonValue
FN:47,(anonymous_4)
FN:64,parseJsonWithStrictMonetaryValidation
FNF:6
FNH:5
FNDA:692,isPlainObject
FNDA:4,throwMonetaryParseError
FNDA:22,assertMonetaryStringValue
FNDA:692,assertStrictMonetaryJsonValue
FNDA:0,(anonymous_4)
FNDA:61,parseJsonWithStrictMonetaryValidation
DA:1,26
DA:14,692
DA:18,4
DA:19,4
DA:20,4
DA:24,22
DA:25,2
DA:28,20
DA:29,0
DA:32,20
DA:33,0
DA:36,20
DA:37,2
DA:40,18
DA:41,0
DA:46,692
DA:47,0
DA:48,0
DA:51,692
DA:52,468
DA:55,224
DA:56,638
DA:57,638
DA:58,22
DA:60,634
DA:66,61
DA:67,61
DA:69,3
DA:70,3
DA:71,3
DA:74,58
DA:75,54
LF:32
LH:27
BRDA:14,0,0,692
BRDA:14,0,1,688
BRDA:14,0,2,224
BRDA:18,1,0,4
BRDA:18,1,1,0
BRDA:24,2,0,2
BRDA:24,2,1,20
BRDA:28,3,0,0
BRDA:28,3,1,20
BRDA:32,4,0,0
BRDA:32,4,1,20
BRDA:36,5,0,2
BRDA:36,5,1,18
BRDA:40,6,0,0
BRDA:40,6,1,18
BRDA:45,7,0,58
BRDA:46,8,0,0
BRDA:46,8,1,692
BRDA:51,9,0,468
BRDA:51,9,1,224
BRDA:57,10,0,22
BRDA:57,10,1,616
BRDA:57,11,0,638
BRDA:57,11,1,25
BRDA:57,11,2,22
BRDA:64,12,0,0
BRF:26
BRH:20
end_of_record
TN:
SF:src\validation\strict-validate.middleware.js
FN:5,strictValidate
FN:10,(anonymous_1)
FNF:2
FNH:2
FNDA:483,strictValidate
FNDA:160,(anonymous_1)
DA:3,26
DA:6,483
DA:7,1
DA:10,482
DA:11,160
DA:12,160
DA:13,121
DA:15,39
DA:16,38
DA:26,1
LF:10
LH:10
BRDA:5,0,0,381
BRDA:6,1,0,1
BRDA:6,1,1,482
BRDA:15,2,0,38
BRDA:15,2,1,1
BRF:5
BRH:5
end_of_record
TN:
SF:src\validation\validate.middleware.js
FN:6,isPlainObject
FN:10,validate
FN:15,(anonymous_2)
FNF:3
FNH:3
FNDA:17,isPlainObject
FNDA:124,validate
FNDA:20,(anonymous_2)
DA:4,30
DA:7,17
DA:11,124
DA:12,1
DA:15,123
DA:16,20
DA:17,20
DA:18,19
DA:19,19
DA:20,2
DA:23,17
DA:24,1
DA:28,17
DA:29,1
DA:31,16
DA:32,15
DA:34,1
LF:17
LH:17
BRDA:7,0,0,17
BRDA:7,0,1,17
BRDA:7,0,2,17
BRDA:10,1,0,23
BRDA:11,2,0,1
BRDA:11,2,1,123
BRDA:17,3,0,19
BRDA:17,3,1,1
BRDA:18,4,0,19
BRDA:18,4,1,0
BRDA:19,5,0,2
BRDA:19,5,1,17
BRDA:19,6,0,19
BRDA:19,6,1,19
BRDA:23,7,0,1
BRDA:23,7,1,16
BRDA:31,8,0,15
BRDA:31,8,1,1
BRF:18
BRH:17
end_of_record
TN:
SF:src\validation\schemas\analytics.schema.js
FNF:0
FNH:0
DA:3,30
LF:1
LH:1
BRF:0
BRH:0
end_of_record
TN:
SF:src\validation\schemas\auth.schema.js
FNF:0
FNH:0
DA:3,30
DA:4,30
DA:5,30
DA:7,30
DA:13,30
DA:17,30
DA:28,30
DA:35,30
LF:8
LH:8
BRF:0
BRH:0
end_of_record
TN:
SF:src\validation\schemas\cart.schema.js
FNF:0
FNH:0
DA:3,30
DA:8,30
DA:10,30
DA:22,30
DA:26,30
LF:5
LH:5
BRF:0
BRH:0
end_of_record
TN:
SF:src\validation\schemas\checkout.schema.js
FNF:0
FNH:0
DA:3,31
DA:8,31
DA:16,31
LF:3
LH:3
BRF:0
BRH:0
end_of_record
TN:
SF:src\validation\schemas\common.schema.js
FNF:0
FNH:0
LF:0
LH:0
BRF:0
BRH:0
end_of_record
TN:
SF:src\validation\schemas\index.js
FNF:0
FNH:0
LF:0
LH:0
BRF:0
BRH:0
end_of_record
TN:
SF:src\validation\schemas\leads.schema.js
FNF:0
FNH:0
DA:3,30
DA:22,30
LF:2
LH:2
BRF:0
BRH:0
end_of_record
TN:
SF:src\validation\schemas\orders.schema.js
FN:20,(anonymous_0)
FNF:1
FNH:1
FNDA:5,(anonymous_0)
DA:4,31
DA:6,31
DA:20,5
LF:3
LH:3
BRDA:20,0,0,5
BRDA:20,0,1,2
BRF:2
BRH:2
end_of_record
TN:
SF:src\validation\schemas\payments.schema.js
FNF:0
FNH:0
DA:4,30
DA:6,30
LF:2
LH:2
BRF:0
BRH:0
end_of_record
TN:
SF:src\validation\schemas\products.schema.js
FN:22,(anonymous_0)
FNF:1
FNH:1
FNDA:1,(anonymous_0)
DA:3,30
DA:22,30
DA:24,30
LF:3
LH:3
BRF:0
BRH:0
end_of_record
