TN:
SF:src\errors\validation-error.js
FN:4,toField
FN:12,(anonymous_1)
FN:21,(anonymous_2)
FN:26,(anonymous_3)
FNF:4
FNH:4
FNDA:20,toField
FNDA:18,(anonymous_1)
FNDA:15,(anonymous_2)
FNDA:20,(anonymous_3)
DA:5,20
DA:6,2
DA:8,18
DA:13,18
DA:22,15
DA:23,0
DA:26,20
DA:31,15
LF:8
LH:7
BRDA:4,0,0,0
BRDA:5,1,0,2
BRDA:5,1,1,18
BRDA:5,2,0,20
BRDA:5,2,1,20
BRDA:12,3,0,0
BRDA:12,4,0,18
BRDA:22,5,0,0
BRDA:22,5,1,15
BRF:9
BRH:6
end_of_record
TN:
SF:src\middlewares\error-handler.js
FN:4,resolveStatusCode
FN:14,normalizePayload
FN:43,resolveLogLevel
FN:47,errorHandler
FNF:4
FNH:4
FNDA:24,resolveStatusCode
FNDA:24,normalizePayload
FNDA:24,resolveLogLevel
FNDA:24,errorHandler
DA:5,24
DA:7,5
DA:8,4
DA:11,1
DA:15,24
DA:16,24
DA:17,24
DA:18,24
DA:20,24
DA:21,24
DA:22,19
DA:23,5
DA:24,2
DA:25,3
DA:26,2
DA:29,24
DA:30,24
DA:32,24
DA:33,4
DA:36,24
DA:37,4
DA:40,24
DA:44,24
DA:48,24
DA:49,24
DA:51,24
DA:60,24
LF:27
LH:27
BRDA:5,0,0,19
BRDA:5,0,1,5
BRDA:7,1,0,4
BRDA:7,1,1,1
BRDA:7,2,0,5
BRDA:7,2,1,4
BRDA:7,2,2,4
BRDA:18,3,0,19
BRDA:18,3,1,5
BRDA:18,4,0,5
BRDA:18,4,1,3
BRDA:21,5,0,19
BRDA:21,5,1,5
BRDA:23,6,0,2
BRDA:23,6,1,3
BRDA:24,7,0,2
BRDA:24,7,1,0
BRDA:25,8,0,2
BRDA:25,8,1,1
BRDA:26,9,0,2
BRDA:26,9,1,0
BRDA:29,10,0,19
BRDA:29,10,1,5
BRDA:29,11,0,24
BRDA:29,11,1,19
BRDA:32,12,0,4
BRDA:32,12,1,20
BRDA:32,13,0,24
BRDA:32,13,1,22
BRDA:32,13,2,4
BRDA:36,14,0,4
BRDA:36,14,1,20
BRDA:44,15,0,3
BRDA:44,15,1,21
BRDA:57,16,0,2
BRDA:57,16,1,22
BRF:36
BRH:34
end_of_record
TN:
SF:src\validation\strict-validate.middleware.js
FN:5,strictValidate
FN:10,(anonymous_1)
FNF:2
FNH:2
FNDA:84,strictValidate
FNDA:69,(anonymous_1)
DA:3,5
DA:6,84
DA:7,1
DA:10,83
DA:11,69
DA:12,69
DA:13,52
DA:15,17
DA:16,16
DA:26,1
LF:10
LH:10
BRDA:5,0,0,66
BRDA:6,1,0,1
BRDA:6,1,1,83
BRDA:15,2,0,16
BRDA:15,2,1,1
BRF:5
BRH:5
end_of_record
TN:
SF:src\validation\validate.middleware.js
FN:6,isPlainObject
FN:10,validate
FN:15,(anonymous_2)
FNF:3
FNH:3
FNDA:17,isPlainObject
FNDA:40,validate
FNDA:20,(anonymous_2)
DA:4,9
DA:7,17
DA:11,40
DA:12,1
DA:15,39
DA:16,20
DA:17,20
DA:18,19
DA:19,19
DA:20,2
DA:23,17
DA:24,1
DA:28,17
DA:29,1
DA:31,16
DA:32,15
DA:34,1
LF:17
LH:17
BRDA:7,0,0,17
BRDA:7,0,1,17
BRDA:7,0,2,17
BRDA:10,1,0,23
BRDA:11,2,0,1
BRDA:11,2,1,39
BRDA:17,3,0,19
BRDA:17,3,1,1
BRDA:18,4,0,19
BRDA:18,4,1,0
BRDA:19,5,0,2
BRDA:19,5,1,17
BRDA:19,6,0,19
BRDA:19,6,1,19
BRDA:23,7,0,1
BRDA:23,7,1,16
BRDA:31,8,0,15
BRDA:31,8,1,1
BRF:18
BRH:17
end_of_record
TN:
SF:src\validation\schemas\analytics.schema.js
FNF:0
FNH:0
DA:3,9
LF:1
LH:1
BRF:0
BRH:0
end_of_record
TN:
SF:src\validation\schemas\auth.schema.js
FNF:0
FNH:0
DA:3,9
DA:4,9
DA:5,9
DA:7,9
DA:13,9
DA:17,9
DA:30,9
DA:37,9
LF:8
LH:8
BRF:0
BRH:0
end_of_record
TN:
SF:src\validation\schemas\cart.schema.js
FN:25,(anonymous_0)
FN:42,(anonymous_1)
FN:51,(anonymous_2)
FNF:3
FNH:3
FNDA:2,(anonymous_0)
FNDA:1,(anonymous_1)
FNDA:1,(anonymous_2)
DA:3,9
DA:8,9
DA:10,9
DA:22,9
DA:25,2
DA:30,9
DA:42,1
DA:51,1
LF:8
LH:8
BRDA:25,0,0,2
BRDA:25,0,1,2
BRDA:42,1,0,1
BRDA:42,1,1,0
BRDA:51,2,0,1
BRDA:51,2,1,1
BRF:6
BRH:5
end_of_record
TN:
SF:src\validation\schemas\checkout.schema.js
FNF:0
FNH:0
DA:3,10
DA:9,10
DA:17,10
LF:3
LH:3
BRF:0
BRH:0
end_of_record
TN:
SF:src\validation\schemas\common.schema.js
FNF:0
FNH:0
LF:0
LH:0
BRF:0
BRH:0
end_of_record
TN:
SF:src\validation\schemas\index.js
FNF:0
FNH:0
LF:0
LH:0
BRF:0
BRH:0
end_of_record
TN:
SF:src\validation\schemas\leads.schema.js
FNF:0
FNH:0
DA:3,9
DA:22,9
LF:2
LH:2
BRF:0
BRH:0
end_of_record
TN:
SF:src\validation\schemas\orders.schema.js
FN:20,(anonymous_0)
FNF:1
FNH:1
FNDA:4,(anonymous_0)
DA:4,10
DA:6,10
DA:20,4
LF:3
LH:3
BRDA:20,0,0,4
BRDA:20,0,1,2
BRF:2
BRH:2
end_of_record
TN:
SF:src\validation\schemas\payments.schema.js
FNF:0
FNH:0
DA:4,9
DA:6,9
LF:2
LH:2
BRF:0
BRH:0
end_of_record
TN:
SF:src\validation\schemas\products.schema.js
FN:22,(anonymous_0)
FNF:1
FNH:1
FNDA:1,(anonymous_0)
DA:3,9
DA:22,9
DA:24,9
LF:3
LH:3
BRF:0
BRH:0
end_of_record
